G:\1.D平台产品库【测试】版本\D_Platform(x64 NVersion3.020)\games\10003300_斗地主3人\GameCode\Server\release\cl.command.1.tlog
G:\1.D平台产品库【测试】版本\D_Platform(x64 NVersion3.020)\games\10003300_斗地主3人\GameCode\Server\release\CL.read.1.tlog
G:\1.D平台产品库【测试】版本\D_Platform(x64 NVersion3.020)\games\10003300_斗地主3人\GameCode\Server\release\CL.write.1.tlog
G:\1.D平台产品库【测试】版本\D_Platform(x64 NVersion3.020)\games\10003300_斗地主3人\GameCode\Server\release\link.command.1.tlog
G:\1.D平台产品库【测试】版本\D_Platform(x64 NVersion3.020)\games\10003300_斗地主3人\GameCode\Server\release\link.read.1.tlog
G:\1.D平台产品库【测试】版本\D_Platform(x64 NVersion3.020)\games\10003300_斗地主3人\GameCode\Server\release\link.write.1.tlog
G:\1.D平台产品库【测试】版本\D_Platform(x64 NVersion3.020)\games\10003300_斗地主3人\GameCode\Server\release\link-cvtres.read.1.tlog
G:\1.D平台产品库【测试】版本\D_Platform(x64 NVersion3.020)\games\10003300_斗地主3人\GameCode\Server\release\link-cvtres.write.1.tlog
G:\1.D平台产品库【测试】版本\D_Platform(x64 NVersion3.020)\games\10003300_斗地主3人\GameCode\Server\release\msado15.tlh
G:\1.D平台产品库【测试】版本\D_Platform(x64 NVersion3.020)\games\10003300_斗地主3人\GameCode\Server\release\msado15.tli
G:\1.D平台产品库【测试】版本\D_Platform(x64 NVersion3.020)\games\10003300_斗地主3人\GameCode\Server\release\mt.command.1.tlog
G:\1.D平台产品库【测试】版本\D_Platform(x64 NVersion3.020)\games\10003300_斗地主3人\GameCode\Server\release\mt.read.1.tlog
G:\1.D平台产品库【测试】版本\D_Platform(x64 NVersion3.020)\games\10003300_斗地主3人\GameCode\Server\release\mt.write.1.tlog
G:\1.D平台产品库【测试】版本\D_Platform(x64 NVersion3.020)\games\10003300_斗地主3人\GameCode\Server\release\rc.command.1.tlog
G:\1.D平台产品库【测试】版本\D_Platform(x64 NVersion3.020)\games\10003300_斗地主3人\GameCode\Server\release\rc.read.1.tlog
G:\1.D平台产品库【测试】版本\D_Platform(x64 NVersion3.020)\games\10003300_斗地主3人\GameCode\Server\release\rc.write.1.tlog
G:\1.D平台产品库【测试】版本\D_PLATFORM(X64 NVERSION3.020)\GAMES\10003300_斗地主3人\GAMECODE\SERVER\RELEASE\SERVER.DLL.INTERMEDIATE.MANIFEST
G:\1.D平台产品库【测试】版本\D_PLATFORM(X64 NVERSION3.020)\GAMES\10003300_斗地主3人\GAMECODE\SERVER\RELEASE\SERVER.PCH
G:\1.D平台产品库【测试】版本\D_PLATFORM(X64 NVERSION3.020)\GAMES\10003300_斗地主3人\GAMECODE\SERVER\RELEASE\SERVER.PDB
G:\1.D平台产品库【测试】版本\D_Platform(x64 NVersion3.020)\games\10003300_斗地主3人\GameCode\Server\release\Server.write.1.tlog
G:\1.D平台产品库【测试】版本\D_PLATFORM(X64 NVERSION3.020)\GAMES\10003300_斗地主3人\GAMECODE\SERVER\RELEASE\SERVERMANAGE.OBJ
G:\1.D平台产品库【测试】版本\D_PLATFORM(X64 NVERSION3.020)\GAMES\10003300_斗地主3人\GAMECODE\SERVER\RELEASE\STDAFX.OBJ
G:\1.D平台产品库【测试】版本\D_Platform(x64 NVersion3.020)\games\10003300_斗地主3人\GameCode\Server\release\UpGradeDLL.exp
G:\1.D平台产品库【测试】版本\D_Platform(x64 NVersion3.020)\games\10003300_斗地主3人\GameCode\Server\release\UpGradeDLL.lib
G:\1.D平台产品库【测试】版本\D_PLATFORM(X64 NVERSION3.020)\GAMES\10003300_斗地主3人\GAMECODE\SERVER\RELEASE\UPGRADEDLL.OBJ
G:\1.D平台产品库【测试】版本\D_PLATFORM(X64 NVERSION3.020)\GAMES\10003300_斗地主3人\GAMECODE\SERVER\RELEASE\UPGRADEDLL.RES
G:\1.D平台产品库【测试】版本\D_PLATFORM(X64 NVERSION3.020)\GAMES\10003300_斗地主3人\GAMECODE\SERVER\RELEASE\UPGRADELOGIC.OBJ
G:\1.D平台产品库【测试】版本\D_PLATFORM(X64 NVERSION3.020)\GAMES\10003300_斗地主3人\GAMECODE\SERVER\RELEASE\VC100.PDB
G:\1.D平台产品库【测试】版本\D_PLATFORM(X64 NVERSION3.020)\RUN\SERVER\RELEASE\10003300\10003300.DLL
release\Server.pdb
