D:\1.面对面平台\D_PLATFORM(X64 NVERSION3.020)产品库测试\GAMES\10003400_LZDDZ\GAMECODE\SERVER\RELEASE\SERVER.DLL.INTERMEDIATE.MANIFEST
D:\1.面对面平台\D_PLATFORM(X64 NVERSION3.020)产品库测试\GAMES\10003400_LZDDZ\GAMECODE\SERVER\RELEASE\SERVER.PCH
D:\1.面对面平台\D_PLATFORM(X64 NVERSION3.020)产品库测试\GAMES\10003400_LZDDZ\GAMECODE\SERVER\RELEASE\SERVER.PDB
D:\1.面对面平台\D_PLATFORM(X64 NVERSION3.020)产品库测试\GAMES\10003400_LZDDZ\GAMECODE\SERVER\RELEASE\SERVERMANAGE.OBJ
D:\1.面对面平台\D_PLATFORM(X64 NVERSION3.020)产品库测试\GAMES\10003400_LZDDZ\GAMECODE\SERVER\RELEASE\STDAFX.OBJ
D:\1.面对面平台\D_Platform(x64 NVersion3.020)产品库测试\games\10003400_LZDDZ\GameCode\Server\Release\UpGradeDLL.exp
D:\1.面对面平台\D_Platform(x64 NVersion3.020)产品库测试\games\10003400_LZDDZ\GameCode\Server\Release\UpGradeDLL.lib
D:\1.面对面平台\D_PLATFORM(X64 NVERSION3.020)产品库测试\GAMES\10003400_LZDDZ\GAMECODE\SERVER\RELEASE\UPGRADEDLL.OBJ
D:\1.面对面平台\D_PLATFORM(X64 NVERSION3.020)产品库测试\GAMES\10003400_LZDDZ\GAMECODE\SERVER\RELEASE\UPGRADEDLL.RES
D:\1.面对面平台\D_PLATFORM(X64 NVERSION3.020)产品库测试\GAMES\10003400_LZDDZ\GAMECODE\SERVER\RELEASE\UPGRADELOGIC.OBJ
D:\1.面对面平台\D_PLATFORM(X64 NVERSION3.020)产品库测试\GAMES\10003400_LZDDZ\GAMECODE\SERVER\RELEASE\VC100.PDB
D:\1.面对面平台\D_PLATFORM(X64 NVERSION3.020)产品库测试\RUN\SERVER\RELEASE\10003400.DLL
G:\2.D平台产品库【测试】版本\D_Platform(x64 NVersion3.020)\games\10003400_LZDDZ\GameCode\Server\Release\cl.command.1.tlog
G:\2.D平台产品库【测试】版本\D_Platform(x64 NVersion3.020)\games\10003400_LZDDZ\GameCode\Server\Release\CL.read.1.tlog
G:\2.D平台产品库【测试】版本\D_Platform(x64 NVersion3.020)\games\10003400_LZDDZ\GameCode\Server\Release\CL.write.1.tlog
G:\2.D平台产品库【测试】版本\D_Platform(x64 NVersion3.020)\games\10003400_LZDDZ\GameCode\Server\Release\link.command.1.tlog
G:\2.D平台产品库【测试】版本\D_Platform(x64 NVersion3.020)\games\10003400_LZDDZ\GameCode\Server\Release\link.read.1.tlog
G:\2.D平台产品库【测试】版本\D_Platform(x64 NVersion3.020)\games\10003400_LZDDZ\GameCode\Server\Release\link.write.1.tlog
G:\2.D平台产品库【测试】版本\D_Platform(x64 NVersion3.020)\games\10003400_LZDDZ\GameCode\Server\Release\link-cvtres.read.1.tlog
G:\2.D平台产品库【测试】版本\D_Platform(x64 NVersion3.020)\games\10003400_LZDDZ\GameCode\Server\Release\link-cvtres.write.1.tlog
G:\2.D平台产品库【测试】版本\D_Platform(x64 NVersion3.020)\games\10003400_LZDDZ\GameCode\Server\Release\mt.command.1.tlog
G:\2.D平台产品库【测试】版本\D_Platform(x64 NVersion3.020)\games\10003400_LZDDZ\GameCode\Server\Release\mt.read.1.tlog
G:\2.D平台产品库【测试】版本\D_Platform(x64 NVersion3.020)\games\10003400_LZDDZ\GameCode\Server\Release\mt.write.1.tlog
G:\2.D平台产品库【测试】版本\D_Platform(x64 NVersion3.020)\games\10003400_LZDDZ\GameCode\Server\Release\rc.command.1.tlog
G:\2.D平台产品库【测试】版本\D_Platform(x64 NVersion3.020)\games\10003400_LZDDZ\GameCode\Server\Release\rc.read.1.tlog
G:\2.D平台产品库【测试】版本\D_Platform(x64 NVersion3.020)\games\10003400_LZDDZ\GameCode\Server\Release\rc.write.1.tlog
G:\2.D平台产品库【测试】版本\D_Platform(x64 NVersion3.020)\games\10003400_LZDDZ\GameCode\Server\Release\Server.write.1.tlog
