G:\1.D平台产品库【测试】版本\D_PLATFORM(X64 NVERSION3.020)\PLATFORM\CLIENT\UILIBRARY2003\RELEASE\AFC.COD
G:\1.D平台产品库【测试】版本\D_PLATFORM(X64 NVERSION3.020)\PLATFORM\CLIENT\UILIBRARY2003\RELEASE\AFC.OBJ
G:\1.D平台产品库【测试】版本\D_PLATFORM(X64 NVERSION3.020)\PLATFORM\CLIENT\UILIBRARY2003\RELEASE\AFC.RES
G:\1.D平台产品库【测试】版本\D_PLATFORM(X64 NVERSION3.020)\PLATFORM\CLIENT\UILIBRARY2003\RELEASE\AFCBUTTON.COD
G:\1.D平台产品库【测试】版本\D_PLATFORM(X64 NVERSION3.020)\PLATFORM\CLIENT\UILIBRARY2003\RELEASE\AFCBUTTON.OBJ
G:\1.D平台产品库【测试】版本\D_PLATFORM(X64 NVERSION3.020)\PLATFORM\CLIENT\UILIBRARY2003\RELEASE\AFCDIALOG.COD
G:\1.D平台产品库【测试】版本\D_PLATFORM(X64 NVERSION3.020)\PLATFORM\CLIENT\UILIBRARY2003\RELEASE\AFCDIALOG.OBJ
G:\1.D平台产品库【测试】版本\D_PLATFORM(X64 NVERSION3.020)\PLATFORM\CLIENT\UILIBRARY2003\RELEASE\AFCEDIT.COD
G:\1.D平台产品库【测试】版本\D_PLATFORM(X64 NVERSION3.020)\PLATFORM\CLIENT\UILIBRARY2003\RELEASE\AFCEDIT.OBJ
G:\1.D平台产品库【测试】版本\D_PLATFORM(X64 NVERSION3.020)\PLATFORM\CLIENT\UILIBRARY2003\RELEASE\AFCEXPRESSIONWND.COD
G:\1.D平台产品库【测试】版本\D_PLATFORM(X64 NVERSION3.020)\PLATFORM\CLIENT\UILIBRARY2003\RELEASE\AFCEXPRESSIONWND.OBJ
G:\1.D平台产品库【测试】版本\D_PLATFORM(X64 NVERSION3.020)\PLATFORM\CLIENT\UILIBRARY2003\RELEASE\AFCFUNCTION.COD
G:\1.D平台产品库【测试】版本\D_PLATFORM(X64 NVERSION3.020)\PLATFORM\CLIENT\UILIBRARY2003\RELEASE\AFCFUNCTION.OBJ
G:\1.D平台产品库【测试】版本\D_PLATFORM(X64 NVERSION3.020)\PLATFORM\CLIENT\UILIBRARY2003\RELEASE\AFCIMAGE.COD
G:\1.D平台产品库【测试】版本\D_PLATFORM(X64 NVERSION3.020)\PLATFORM\CLIENT\UILIBRARY2003\RELEASE\AFCIMAGE.OBJ
G:\1.D平台产品库【测试】版本\D_PLATFORM(X64 NVERSION3.020)\PLATFORM\CLIENT\UILIBRARY2003\RELEASE\AFCLISTCTRL.COD
G:\1.D平台产品库【测试】版本\D_PLATFORM(X64 NVERSION3.020)\PLATFORM\CLIENT\UILIBRARY2003\RELEASE\AFCLISTCTRL.OBJ
G:\1.D平台产品库【测试】版本\D_PLATFORM(X64 NVERSION3.020)\PLATFORM\CLIENT\UILIBRARY2003\RELEASE\AFCLOGORESOURCE.COD
G:\1.D平台产品库【测试】版本\D_PLATFORM(X64 NVERSION3.020)\PLATFORM\CLIENT\UILIBRARY2003\RELEASE\AFCLOGORESOURCE.OBJ
G:\1.D平台产品库【测试】版本\D_PLATFORM(X64 NVERSION3.020)\PLATFORM\CLIENT\UILIBRARY2003\RELEASE\AFCMENU.COD
G:\1.D平台产品库【测试】版本\D_PLATFORM(X64 NVERSION3.020)\PLATFORM\CLIENT\UILIBRARY2003\RELEASE\AFCMENU.OBJ
G:\1.D平台产品库【测试】版本\D_PLATFORM(X64 NVERSION3.020)\PLATFORM\CLIENT\UILIBRARY2003\RELEASE\AFCREGISTRY.COD
G:\1.D平台产品库【测试】版本\D_PLATFORM(X64 NVERSION3.020)\PLATFORM\CLIENT\UILIBRARY2003\RELEASE\AFCREGISTRY.OBJ
G:\1.D平台产品库【测试】版本\D_PLATFORM(X64 NVERSION3.020)\PLATFORM\CLIENT\UILIBRARY2003\RELEASE\AFCRESOURCE.COD
G:\1.D平台产品库【测试】版本\D_PLATFORM(X64 NVERSION3.020)\PLATFORM\CLIENT\UILIBRARY2003\RELEASE\AFCRESOURCE.OBJ
G:\1.D平台产品库【测试】版本\D_PLATFORM(X64 NVERSION3.020)\PLATFORM\CLIENT\UILIBRARY2003\RELEASE\AFCTABCTRL.COD
G:\1.D平台产品库【测试】版本\D_PLATFORM(X64 NVERSION3.020)\PLATFORM\CLIENT\UILIBRARY2003\RELEASE\AFCTABCTRL.OBJ
G:\1.D平台产品库【测试】版本\D_PLATFORM(X64 NVERSION3.020)\PLATFORM\CLIENT\UILIBRARY2003\RELEASE\AFCWEB.COD
G:\1.D平台产品库【测试】版本\D_PLATFORM(X64 NVERSION3.020)\PLATFORM\CLIENT\UILIBRARY2003\RELEASE\AFCWEB.OBJ
G:\1.D平台产品库【测试】版本\D_PLATFORM(X64 NVERSION3.020)\PLATFORM\CLIENT\UILIBRARY2003\RELEASE\AFCWINDOW.COD
G:\1.D平台产品库【测试】版本\D_PLATFORM(X64 NVERSION3.020)\PLATFORM\CLIENT\UILIBRARY2003\RELEASE\AFCWINDOW.OBJ
G:\1.D平台产品库【测试】版本\D_PLATFORM(X64 NVERSION3.020)\PLATFORM\CLIENT\UILIBRARY2003\RELEASE\CARDSET.COD
G:\1.D平台产品库【测试】版本\D_PLATFORM(X64 NVERSION3.020)\PLATFORM\CLIENT\UILIBRARY2003\RELEASE\CARDSET.OBJ
G:\1.D平台产品库【测试】版本\D_PLATFORM(X64 NVERSION3.020)\PLATFORM\CLIENT\UILIBRARY2003\RELEASE\CCONFIGDLG.COD
G:\1.D平台产品库【测试】版本\D_PLATFORM(X64 NVERSION3.020)\PLATFORM\CLIENT\UILIBRARY2003\RELEASE\CCONFIGDLG.OBJ
G:\1.D平台产品库【测试】版本\D_Platform(x64 NVersion3.020)\PlatForm\Client\UILibrary2003\Release\cl.command.1.tlog
G:\1.D平台产品库【测试】版本\D_Platform(x64 NVersion3.020)\PlatForm\Client\UILibrary2003\Release\CL.read.1.tlog
G:\1.D平台产品库【测试】版本\D_Platform(x64 NVersion3.020)\PlatForm\Client\UILibrary2003\Release\CL.write.1.tlog
G:\1.D平台产品库【测试】版本\D_PLATFORM(X64 NVERSION3.020)\PLATFORM\CLIENT\UILIBRARY2003\RELEASE\CONFIRMDLG.COD
G:\1.D平台产品库【测试】版本\D_PLATFORM(X64 NVERSION3.020)\PLATFORM\CLIENT\UILIBRARY2003\RELEASE\CONFIRMDLG.OBJ
G:\1.D平台产品库【测试】版本\D_PLATFORM(X64 NVERSION3.020)\PLATFORM\CLIENT\UILIBRARY2003\RELEASE\DLGDIYCHAT.COD
G:\1.D平台产品库【测试】版本\D_PLATFORM(X64 NVERSION3.020)\PLATFORM\CLIENT\UILIBRARY2003\RELEASE\DLGDIYCHAT.OBJ
G:\1.D平台产品库【测试】版本\D_PLATFORM(X64 NVERSION3.020)\PLATFORM\CLIENT\UILIBRARY2003\RELEASE\DLGLEFTSHOW.COD
G:\1.D平台产品库【测试】版本\D_PLATFORM(X64 NVERSION3.020)\PLATFORM\CLIENT\UILIBRARY2003\RELEASE\DLGLEFTSHOW.OBJ
G:\1.D平台产品库【测试】版本\D_PLATFORM(X64 NVERSION3.020)\PLATFORM\CLIENT\UILIBRARY2003\RELEASE\DUIMESSAGEWND.COD
G:\1.D平台产品库【测试】版本\D_PLATFORM(X64 NVERSION3.020)\PLATFORM\CLIENT\UILIBRARY2003\RELEASE\DUIMESSAGEWND.OBJ
G:\1.D平台产品库【测试】版本\D_PLATFORM(X64 NVERSION3.020)\PLATFORM\CLIENT\UILIBRARY2003\RELEASE\EXPLORER1.COD
G:\1.D平台产品库【测试】版本\D_PLATFORM(X64 NVERSION3.020)\PLATFORM\CLIENT\UILIBRARY2003\RELEASE\EXPLORER1.OBJ
G:\1.D平台产品库【测试】版本\D_PLATFORM(X64 NVERSION3.020)\PLATFORM\CLIENT\UILIBRARY2003\RELEASE\FLASHVIEWDLG.COD
G:\1.D平台产品库【测试】版本\D_PLATFORM(X64 NVERSION3.020)\PLATFORM\CLIENT\UILIBRARY2003\RELEASE\FLASHVIEWDLG.OBJ
G:\1.D平台产品库【测试】版本\D_PLATFORM(X64 NVERSION3.020)\PLATFORM\CLIENT\UILIBRARY2003\RELEASE\GAMEENDVIEW.COD
G:\1.D平台产品库【测试】版本\D_PLATFORM(X64 NVERSION3.020)\PLATFORM\CLIENT\UILIBRARY2003\RELEASE\GAMEENDVIEW.OBJ
G:\1.D平台产品库【测试】版本\D_PLATFORM(X64 NVERSION3.020)\PLATFORM\CLIENT\UILIBRARY2003\RELEASE\GAMEFRAMEDLG.COD
G:\1.D平台产品库【测试】版本\D_PLATFORM(X64 NVERSION3.020)\PLATFORM\CLIENT\UILIBRARY2003\RELEASE\GAMEFRAMEDLG.OBJ
G:\1.D平台产品库【测试】版本\D_PLATFORM(X64 NVERSION3.020)\PLATFORM\CLIENT\UILIBRARY2003\RELEASE\GDIPLUS_IMAGE.COD
G:\1.D平台产品库【测试】版本\D_PLATFORM(X64 NVERSION3.020)\PLATFORM\CLIENT\UILIBRARY2003\RELEASE\GDIPLUS_IMAGE.OBJ
G:\1.D平台产品库【测试】版本\D_PLATFORM(X64 NVERSION3.020)\PLATFORM\CLIENT\UILIBRARY2003\RELEASE\GETPOINT.COD
G:\1.D平台产品库【测试】版本\D_PLATFORM(X64 NVERSION3.020)\PLATFORM\CLIENT\UILIBRARY2003\RELEASE\GETPOINT.OBJ
G:\1.D平台产品库【测试】版本\D_PLATFORM(X64 NVERSION3.020)\PLATFORM\CLIENT\UILIBRARY2003\RELEASE\GIF.COD
G:\1.D平台产品库【测试】版本\D_PLATFORM(X64 NVERSION3.020)\PLATFORM\CLIENT\UILIBRARY2003\RELEASE\GIF.OBJ
G:\1.D平台产品库【测试】版本\D_PLATFORM(X64 NVERSION3.020)\PLATFORM\CLIENT\UILIBRARY2003\RELEASE\IGIF.COD
G:\1.D平台产品库【测试】版本\D_PLATFORM(X64 NVERSION3.020)\PLATFORM\CLIENT\UILIBRARY2003\RELEASE\IGIF.OBJ
G:\1.D平台产品库【测试】版本\D_Platform(x64 NVersion3.020)\PlatForm\Client\UILibrary2003\Release\link.command.1.tlog
G:\1.D平台产品库【测试】版本\D_Platform(x64 NVersion3.020)\PlatForm\Client\UILibrary2003\Release\link.read.1.tlog
G:\1.D平台产品库【测试】版本\D_Platform(x64 NVersion3.020)\PlatForm\Client\UILibrary2003\Release\link.write.1.tlog
G:\1.D平台产品库【测试】版本\D_Platform(x64 NVersion3.020)\PlatForm\Client\UILibrary2003\Release\link-cvtres.read.1.tlog
G:\1.D平台产品库【测试】版本\D_Platform(x64 NVersion3.020)\PlatForm\Client\UILibrary2003\Release\link-cvtres.write.1.tlog
G:\1.D平台产品库【测试】版本\D_PLATFORM(X64 NVERSION3.020)\PLATFORM\CLIENT\UILIBRARY2003\RELEASE\MESSAGEHANDLE.COD
G:\1.D平台产品库【测试】版本\D_PLATFORM(X64 NVERSION3.020)\PLATFORM\CLIENT\UILIBRARY2003\RELEASE\MESSAGEHANDLE.OBJ
G:\1.D平台产品库【测试】版本\D_PLATFORM(X64 NVERSION3.020)\PLATFORM\CLIENT\UILIBRARY2003\RELEASE\MJSET.COD
G:\1.D平台产品库【测试】版本\D_PLATFORM(X64 NVERSION3.020)\PLATFORM\CLIENT\UILIBRARY2003\RELEASE\MJSET.OBJ
G:\1.D平台产品库【测试】版本\D_Platform(x64 NVersion3.020)\PlatForm\Client\UILibrary2003\Release\mt.command.1.tlog
G:\1.D平台产品库【测试】版本\D_Platform(x64 NVersion3.020)\PlatForm\Client\UILibrary2003\Release\mt.read.1.tlog
G:\1.D平台产品库【测试】版本\D_Platform(x64 NVersion3.020)\PlatForm\Client\UILibrary2003\Release\mt.write.1.tlog
G:\1.D平台产品库【测试】版本\D_PLATFORM(X64 NVERSION3.020)\PLATFORM\CLIENT\UILIBRARY2003\RELEASE\OBJECTFACTORY.COD
G:\1.D平台产品库【测试】版本\D_PLATFORM(X64 NVERSION3.020)\PLATFORM\CLIENT\UILIBRARY2003\RELEASE\OBJECTFACTORY.OBJ
G:\1.D平台产品库【测试】版本\D_PLATFORM(X64 NVERSION3.020)\PLATFORM\CLIENT\UILIBRARY2003\RELEASE\PERSONALINFO.COD
G:\1.D平台产品库【测试】版本\D_PLATFORM(X64 NVERSION3.020)\PLATFORM\CLIENT\UILIBRARY2003\RELEASE\PERSONALINFO.OBJ
G:\1.D平台产品库【测试】版本\D_PLATFORM(X64 NVERSION3.020)\PLATFORM\CLIENT\UILIBRARY2003\RELEASE\PLAYSOUND.COD
G:\1.D平台产品库【测试】版本\D_PLATFORM(X64 NVERSION3.020)\PLATFORM\CLIENT\UILIBRARY2003\RELEASE\PLAYSOUND.OBJ
G:\1.D平台产品库【测试】版本\D_PLATFORM(X64 NVERSION3.020)\PLATFORM\CLIENT\UILIBRARY2003\RELEASE\PLAYVIEW.COD
G:\1.D平台产品库【测试】版本\D_PLATFORM(X64 NVERSION3.020)\PLATFORM\CLIENT\UILIBRARY2003\RELEASE\PLAYVIEW.OBJ
G:\1.D平台产品库【测试】版本\D_PLATFORM(X64 NVERSION3.020)\PLATFORM\CLIENT\UILIBRARY2003\RELEASE\PROPSELUSER.COD
G:\1.D平台产品库【测试】版本\D_PLATFORM(X64 NVERSION3.020)\PLATFORM\CLIENT\UILIBRARY2003\RELEASE\PROPSELUSER.OBJ
G:\1.D平台产品库【测试】版本\D_Platform(x64 NVersion3.020)\PlatForm\Client\UILibrary2003\Release\rc.command.1.tlog
G:\1.D平台产品库【测试】版本\D_Platform(x64 NVersion3.020)\PlatForm\Client\UILibrary2003\Release\rc.read.1.tlog
G:\1.D平台产品库【测试】版本\D_Platform(x64 NVersion3.020)\PlatForm\Client\UILibrary2003\Release\rc.write.1.tlog
G:\1.D平台产品库【测试】版本\D_PLATFORM(X64 NVERSION3.020)\PLATFORM\CLIENT\UILIBRARY2003\RELEASE\SHORTMESSAGE.COD
G:\1.D平台产品库【测试】版本\D_PLATFORM(X64 NVERSION3.020)\PLATFORM\CLIENT\UILIBRARY2003\RELEASE\SHORTMESSAGE.OBJ
G:\1.D平台产品库【测试】版本\D_PLATFORM(X64 NVERSION3.020)\PLATFORM\CLIENT\UILIBRARY2003\RELEASE\SHOWSCORE.COD
G:\1.D平台产品库【测试】版本\D_PLATFORM(X64 NVERSION3.020)\PLATFORM\CLIENT\UILIBRARY2003\RELEASE\SHOWSCORE.OBJ
G:\1.D平台产品库【测试】版本\D_PLATFORM(X64 NVERSION3.020)\PLATFORM\CLIENT\UILIBRARY2003\RELEASE\STDAFX.COD
G:\1.D平台产品库【测试】版本\D_PLATFORM(X64 NVERSION3.020)\PLATFORM\CLIENT\UILIBRARY2003\RELEASE\STDAFX.OBJ
G:\1.D平台产品库【测试】版本\D_PLATFORM(X64 NVERSION3.020)\PLATFORM\CLIENT\UILIBRARY2003\RELEASE\TIPWND.COD
G:\1.D平台产品库【测试】版本\D_PLATFORM(X64 NVERSION3.020)\PLATFORM\CLIENT\UILIBRARY2003\RELEASE\TIPWND.OBJ
G:\1.D平台产品库【测试】版本\D_PLATFORM(X64 NVERSION3.020)\PLATFORM\CLIENT\UILIBRARY2003\RELEASE\USERLISTDLG.COD
G:\1.D平台产品库【测试】版本\D_PLATFORM(X64 NVERSION3.020)\PLATFORM\CLIENT\UILIBRARY2003\RELEASE\USERLISTDLG.OBJ
G:\1.D平台产品库【测试】版本\D_PLATFORM(X64 NVERSION3.020)\PLATFORM\CLIENT\UILIBRARY2003\RELEASE\USERPOWER.COD
G:\1.D平台产品库【测试】版本\D_PLATFORM(X64 NVERSION3.020)\PLATFORM\CLIENT\UILIBRARY2003\RELEASE\USERPOWER.OBJ
G:\1.D平台产品库【测试】版本\D_PLATFORM(X64 NVERSION3.020)\PLATFORM\CLIENT\UILIBRARY2003\RELEASE\VC100.PDB
G:\1.D平台产品库【测试】版本\D_PLATFORM(X64 NVERSION3.020)\PLATFORM\CLIENT\UILIBRARY2003\RELEASE\VERIFYCODECREATER.COD
G:\1.D平台产品库【测试】版本\D_PLATFORM(X64 NVERSION3.020)\PLATFORM\CLIENT\UILIBRARY2003\RELEASE\VERIFYCODECREATER.OBJ
G:\1.D平台产品库【测试】版本\D_PLATFORM(X64 NVERSION3.020)\PLATFORM\CLIENT\UILIBRARY2003\RELEASE\主库.DLL.INTERMEDIATE.MANIFEST
G:\1.D平台产品库【测试】版本\D_PLATFORM(X64 NVERSION3.020)\PLATFORM\CLIENT\UILIBRARY2003\RELEASE\主库.PCH
G:\1.D平台产品库【测试】版本\D_PLATFORM(X64 NVERSION3.020)\PLATFORM\CLIENT\UILIBRARY2003\RELEASE\主库.PDB
G:\1.D平台产品库【测试】版本\D_Platform(x64 NVersion3.020)\PlatForm\Client\UILibrary2003\Release\主库.write.1.tlog
G:\1.D平台产品库【测试】版本\D_PLATFORM(X64 NVERSION3.020)\RUN\CLIENT\RELEASE\BZW.DLL
G:\1.D平台产品库【测试】版本\D_PLATFORM(X64 NVERSION3.020)\RUN\CLIENT\RELEASE\BZW.MAP
G:\1.D平台产品库【测试】版本\D_Platform(x64 NVersion3.020)\sdk\lib\Client\BZW.exp
G:\1.D平台产品库【测试】版本\D_Platform(x64 NVersion3.020)\sdk\lib\Client\BZW.lib
