D:\1.面对面平台\D_PLATFORM(X64 NVERSION3.020)产品库测试\GAMES\10900400_4人NN\GAMECODE\CLIENT\二人牛牛(VIP)\BEGINANIMAL.OBJ
D:\1.面对面平台\D_PLATFORM(X64 NVERSION3.020)产品库测试\GAMES\10900400_4人NN\GAMECODE\CLIENT\二人牛牛(VIP)\CARDSHAPE.OBJ
D:\1.面对面平台\D_PLATFORM(X64 NVERSION3.020)产品库测试\GAMES\10900400_4人NN\GAMECODE\CLIENT\二人牛牛(VIP)\CEASYNTLIST.OBJ
D:\1.面对面平台\D_PLATFORM(X64 NVERSION3.020)产品库测试\GAMES\10900400_4人NN\GAMECODE\CLIENT\二人牛牛(VIP)\CLIENT.DLL.INTERMEDIATE.MANIFEST
D:\1.面对面平台\D_PLATFORM(X64 NVERSION3.020)产品库测试\GAMES\10900400_4人NN\GAMECODE\CLIENT\二人牛牛(VIP)\CLIENT.PCH
D:\1.面对面平台\D_PLATFORM(X64 NVERSION3.020)产品库测试\GAMES\10900400_4人NN\GAMECODE\CLIENT\二人牛牛(VIP)\CLIENT.PDB
D:\1.面对面平台\D_PLATFORM(X64 NVERSION3.020)产品库测试\GAMES\10900400_4人NN\GAMECODE\CLIENT\二人牛牛(VIP)\CLIENTGAMEDLG.OBJ
D:\1.面对面平台\D_PLATFORM(X64 NVERSION3.020)产品库测试\GAMES\10900400_4人NN\GAMECODE\CLIENT\二人牛牛(VIP)\CLIENTVIEW.OBJ
D:\1.面对面平台\D_PLATFORM(X64 NVERSION3.020)产品库测试\GAMES\10900400_4人NN\GAMECODE\CLIENT\二人牛牛(VIP)\CONTROLWIN.OBJ
D:\1.面对面平台\D_PLATFORM(X64 NVERSION3.020)产品库测试\GAMES\10900400_4人NN\GAMECODE\CLIENT\二人牛牛(VIP)\GAMECARD.OBJ
D:\1.面对面平台\D_Platform(x64 NVersion3.020)产品库测试\games\10900400_4人NN\GameCode\Client\二人牛牛(VIP)\GameClient.exp
D:\1.面对面平台\D_Platform(x64 NVersion3.020)产品库测试\games\10900400_4人NN\GameCode\Client\二人牛牛(VIP)\GameClient.lib
D:\1.面对面平台\D_PLATFORM(X64 NVERSION3.020)产品库测试\GAMES\10900400_4人NN\GAMECODE\CLIENT\二人牛牛(VIP)\GAMECLIENT.OBJ
D:\1.面对面平台\D_PLATFORM(X64 NVERSION3.020)产品库测试\GAMES\10900400_4人NN\GAMECODE\CLIENT\二人牛牛(VIP)\GAMECLIENT.RES
D:\1.面对面平台\D_PLATFORM(X64 NVERSION3.020)产品库测试\GAMES\10900400_4人NN\GAMECODE\CLIENT\二人牛牛(VIP)\GAMEFINISHDLG.OBJ
D:\1.面对面平台\D_PLATFORM(X64 NVERSION3.020)产品库测试\GAMES\10900400_4人NN\GAMECODE\CLIENT\二人牛牛(VIP)\GAMENOTEWND.OBJ
D:\1.面对面平台\D_PLATFORM(X64 NVERSION3.020)产品库测试\GAMES\10900400_4人NN\GAMECODE\CLIENT\二人牛牛(VIP)\GAMESET.OBJ
D:\1.面对面平台\D_PLATFORM(X64 NVERSION3.020)产品库测试\GAMES\10900400_4人NN\GAMECODE\CLIENT\二人牛牛(VIP)\NOTEANIMAL.OBJ
D:\1.面对面平台\D_PLATFORM(X64 NVERSION3.020)产品库测试\GAMES\10900400_4人NN\GAMECODE\CLIENT\二人牛牛(VIP)\PLAYCARDSOUND.OBJ
D:\1.面对面平台\D_PLATFORM(X64 NVERSION3.020)产品库测试\GAMES\10900400_4人NN\GAMECODE\CLIENT\二人牛牛(VIP)\PLAYVIDEO.OBJ
D:\1.面对面平台\D_PLATFORM(X64 NVERSION3.020)产品库测试\GAMES\10900400_4人NN\GAMECODE\CLIENT\二人牛牛(VIP)\SHOWNOTEBTN.OBJ
D:\1.面对面平台\D_PLATFORM(X64 NVERSION3.020)产品库测试\GAMES\10900400_4人NN\GAMECODE\CLIENT\二人牛牛(VIP)\STDAFX.OBJ
D:\1.面对面平台\D_PLATFORM(X64 NVERSION3.020)产品库测试\GAMES\10900400_4人NN\GAMECODE\CLIENT\二人牛牛(VIP)\UPGRADELOGIC.OBJ
D:\1.面对面平台\D_PLATFORM(X64 NVERSION3.020)产品库测试\GAMES\10900400_4人NN\GAMECODE\CLIENT\二人牛牛(VIP)\VC100.PDB
D:\1.面对面平台\D_PLATFORM(X64 NVERSION3.020)产品库测试\RUN\CLIENT\RELEASE\10900200\10900200.ICO
G:\2.D平台产品库【测试】版本\D_Platform(x64 NVersion3.020)\games\10900400_4人NN\GameCode\Client\二人牛牛(VIP)\cl.command.1.tlog
G:\2.D平台产品库【测试】版本\D_Platform(x64 NVersion3.020)\games\10900400_4人NN\GameCode\Client\二人牛牛(VIP)\CL.read.1.tlog
G:\2.D平台产品库【测试】版本\D_Platform(x64 NVersion3.020)\games\10900400_4人NN\GameCode\Client\二人牛牛(VIP)\CL.write.1.tlog
G:\2.D平台产品库【测试】版本\D_Platform(x64 NVersion3.020)\games\10900400_4人NN\GameCode\Client\二人牛牛(VIP)\Client.write.1.tlog
G:\2.D平台产品库【测试】版本\D_Platform(x64 NVersion3.020)\games\10900400_4人NN\GameCode\Client\二人牛牛(VIP)\link.command.1.tlog
G:\2.D平台产品库【测试】版本\D_Platform(x64 NVersion3.020)\games\10900400_4人NN\GameCode\Client\二人牛牛(VIP)\link.read.1.tlog
G:\2.D平台产品库【测试】版本\D_Platform(x64 NVersion3.020)\games\10900400_4人NN\GameCode\Client\二人牛牛(VIP)\link.write.1.tlog
G:\2.D平台产品库【测试】版本\D_Platform(x64 NVersion3.020)\games\10900400_4人NN\GameCode\Client\二人牛牛(VIP)\link-cvtres.read.1.tlog
G:\2.D平台产品库【测试】版本\D_Platform(x64 NVersion3.020)\games\10900400_4人NN\GameCode\Client\二人牛牛(VIP)\link-cvtres.write.1.tlog
G:\2.D平台产品库【测试】版本\D_Platform(x64 NVersion3.020)\games\10900400_4人NN\GameCode\Client\二人牛牛(VIP)\mt.command.1.tlog
G:\2.D平台产品库【测试】版本\D_Platform(x64 NVersion3.020)\games\10900400_4人NN\GameCode\Client\二人牛牛(VIP)\mt.read.1.tlog
G:\2.D平台产品库【测试】版本\D_Platform(x64 NVersion3.020)\games\10900400_4人NN\GameCode\Client\二人牛牛(VIP)\mt.write.1.tlog
G:\2.D平台产品库【测试】版本\D_Platform(x64 NVersion3.020)\games\10900400_4人NN\GameCode\Client\二人牛牛(VIP)\rc.command.1.tlog
G:\2.D平台产品库【测试】版本\D_Platform(x64 NVersion3.020)\games\10900400_4人NN\GameCode\Client\二人牛牛(VIP)\rc.read.1.tlog
G:\2.D平台产品库【测试】版本\D_Platform(x64 NVersion3.020)\games\10900400_4人NN\GameCode\Client\二人牛牛(VIP)\rc.write.1.tlog
