..\..\run\client\release\DllForGame.pdb
G:\1.D平台产品库【测试】版本\D_Platform(x64 NVersion3.020)\GameLauncher\DllForGame\..\..\run\client\release\DllForGame.dll.manifest
G:\1.D平台产品库【测试】版本\D_PLATFORM(X64 NVERSION3.020)\GAMELAUNCHER\DLLFORGAME\RELEASE\AFC.OBJ
G:\1.D平台产品库【测试】版本\D_PLATFORM(X64 NVERSION3.020)\GAMELAUNCHER\DLLFORGAME\RELEASE\AFCBUTTON.OBJ
G:\1.D平台产品库【测试】版本\D_PLATFORM(X64 NVERSION3.020)\GAMELAUNCHER\DLLFORGAME\RELEASE\AFCDIALOG.OBJ
G:\1.D平台产品库【测试】版本\D_PLATFORM(X64 NVERSION3.020)\GAMELAUNCHER\DLLFORGAME\RELEASE\AFCEDIT.OBJ
G:\1.D平台产品库【测试】版本\D_PLATFORM(X64 NVERSION3.020)\GAMELAUNCHER\DLLFORGAME\RELEASE\AFCEXPRESSIONWND.OBJ
G:\1.D平台产品库【测试】版本\D_PLATFORM(X64 NVERSION3.020)\GAMELAUNCHER\DLLFORGAME\RELEASE\AFCFUNCTION.OBJ
G:\1.D平台产品库【测试】版本\D_PLATFORM(X64 NVERSION3.020)\GAMELAUNCHER\DLLFORGAME\RELEASE\AFCIMAGE.OBJ
G:\1.D平台产品库【测试】版本\D_PLATFORM(X64 NVERSION3.020)\GAMELAUNCHER\DLLFORGAME\RELEASE\AFCLISTCTRL.OBJ
G:\1.D平台产品库【测试】版本\D_PLATFORM(X64 NVERSION3.020)\GAMELAUNCHER\DLLFORGAME\RELEASE\AFCLOGORESOURCE.OBJ
G:\1.D平台产品库【测试】版本\D_PLATFORM(X64 NVERSION3.020)\GAMELAUNCHER\DLLFORGAME\RELEASE\AFCMENU.OBJ
G:\1.D平台产品库【测试】版本\D_PLATFORM(X64 NVERSION3.020)\GAMELAUNCHER\DLLFORGAME\RELEASE\AFCREGISTRY.OBJ
G:\1.D平台产品库【测试】版本\D_PLATFORM(X64 NVERSION3.020)\GAMELAUNCHER\DLLFORGAME\RELEASE\AFCRESOURCE.OBJ
G:\1.D平台产品库【测试】版本\D_PLATFORM(X64 NVERSION3.020)\GAMELAUNCHER\DLLFORGAME\RELEASE\AFCWEB.OBJ
G:\1.D平台产品库【测试】版本\D_PLATFORM(X64 NVERSION3.020)\GAMELAUNCHER\DLLFORGAME\RELEASE\AFCWINDOW.OBJ
G:\1.D平台产品库【测试】版本\D_PLATFORM(X64 NVERSION3.020)\GAMELAUNCHER\DLLFORGAME\RELEASE\BANKDLG.OBJ
G:\1.D平台产品库【测试】版本\D_PLATFORM(X64 NVERSION3.020)\GAMELAUNCHER\DLLFORGAME\RELEASE\BOARDCAST.OBJ
G:\1.D平台产品库【测试】版本\D_PLATFORM(X64 NVERSION3.020)\GAMELAUNCHER\DLLFORGAME\RELEASE\CARDSET.OBJ
G:\1.D平台产品库【测试】版本\D_PLATFORM(X64 NVERSION3.020)\GAMELAUNCHER\DLLFORGAME\RELEASE\CHANNELSERVICE.OBJ
G:\1.D平台产品库【测试】版本\D_PLATFORM(X64 NVERSION3.020)\GAMELAUNCHER\DLLFORGAME\RELEASE\CHECKPSW.OBJ
G:\1.D平台产品库【测试】版本\D_Platform(x64 NVersion3.020)\GameLauncher\DllForGame\Release\cl.command.1.tlog
G:\1.D平台产品库【测试】版本\D_Platform(x64 NVersion3.020)\GameLauncher\DllForGame\Release\CL.read.1.tlog
G:\1.D平台产品库【测试】版本\D_Platform(x64 NVersion3.020)\GameLauncher\DllForGame\Release\CL.write.1.tlog
G:\1.D平台产品库【测试】版本\D_PLATFORM(X64 NVERSION3.020)\GAMELAUNCHER\DLLFORGAME\RELEASE\CONFIRMDLG.OBJ
G:\1.D平台产品库【测试】版本\D_PLATFORM(X64 NVERSION3.020)\GAMELAUNCHER\DLLFORGAME\RELEASE\CONTESTINFOWND.OBJ
G:\1.D平台产品库【测试】版本\D_PLATFORM(X64 NVERSION3.020)\GAMELAUNCHER\DLLFORGAME\RELEASE\DATASTORAGE.OBJ
G:\1.D平台产品库【测试】版本\D_PLATFORM(X64 NVERSION3.020)\GAMELAUNCHER\DLLFORGAME\RELEASE\DEBUGPRINTF.OBJ
G:\1.D平台产品库【测试】版本\D_PLATFORM(X64 NVERSION3.020)\GAMELAUNCHER\DLLFORGAME\RELEASE\DLGDIYCHAT.OBJ
G:\1.D平台产品库【测试】版本\D_PLATFORM(X64 NVERSION3.020)\GAMELAUNCHER\DLLFORGAME\RELEASE\DLGLEFTSHOW.OBJ
G:\1.D平台产品库【测试】版本\D_PLATFORM(X64 NVERSION3.020)\GAMELAUNCHER\DLLFORGAME\RELEASE\DLGNOTIFY.OBJ
G:\1.D平台产品库【测试】版本\D_PLATFORM(X64 NVERSION3.020)\GAMELAUNCHER\DLLFORGAME\RELEASE\DLLFORGAME.DLL.INTERMEDIATE.MANIFEST
G:\1.D平台产品库【测试】版本\D_PLATFORM(X64 NVERSION3.020)\GAMELAUNCHER\DLLFORGAME\RELEASE\DLLFORGAME.OBJ
G:\1.D平台产品库【测试】版本\D_PLATFORM(X64 NVERSION3.020)\GAMELAUNCHER\DLLFORGAME\RELEASE\DLLFORGAME.PCH
G:\1.D平台产品库【测试】版本\D_PLATFORM(X64 NVERSION3.020)\GAMELAUNCHER\DLLFORGAME\RELEASE\DLLFORGAME.RES
G:\1.D平台产品库【测试】版本\D_Platform(x64 NVersion3.020)\GameLauncher\DllForGame\Release\DllForGame.write.1.tlog
G:\1.D平台产品库【测试】版本\D_PLATFORM(X64 NVERSION3.020)\GAMELAUNCHER\DLLFORGAME\RELEASE\DUIMESSAGEWND.OBJ
G:\1.D平台产品库【测试】版本\D_PLATFORM(X64 NVERSION3.020)\GAMELAUNCHER\DLLFORGAME\RELEASE\EDIT2.OBJ
G:\1.D平台产品库【测试】版本\D_PLATFORM(X64 NVERSION3.020)\GAMELAUNCHER\DLLFORGAME\RELEASE\EXPLORER1.OBJ
G:\1.D平台产品库【测试】版本\D_PLATFORM(X64 NVERSION3.020)\GAMELAUNCHER\DLLFORGAME\RELEASE\EXPRESSIONWND.OBJ
G:\1.D平台产品库【测试】版本\D_PLATFORM(X64 NVERSION3.020)\GAMELAUNCHER\DLLFORGAME\RELEASE\FLASHVIEWDLG.OBJ
G:\1.D平台产品库【测试】版本\D_PLATFORM(X64 NVERSION3.020)\GAMELAUNCHER\DLLFORGAME\RELEASE\GAMEENDVIEW.OBJ
G:\1.D平台产品库【测试】版本\D_PLATFORM(X64 NVERSION3.020)\GAMELAUNCHER\DLLFORGAME\RELEASE\GAMETROTTINGWND.OBJ
G:\1.D平台产品库【测试】版本\D_PLATFORM(X64 NVERSION3.020)\GAMELAUNCHER\DLLFORGAME\RELEASE\GETPOINT.OBJ
G:\1.D平台产品库【测试】版本\D_PLATFORM(X64 NVERSION3.020)\GAMELAUNCHER\DLLFORGAME\RELEASE\GIF.OBJ
G:\1.D平台产品库【测试】版本\D_PLATFORM(X64 NVERSION3.020)\GAMELAUNCHER\DLLFORGAME\RELEASE\IGIF.OBJ
G:\1.D平台产品库【测试】版本\D_PLATFORM(X64 NVERSION3.020)\GAMELAUNCHER\DLLFORGAME\RELEASE\IMSETUSER.OBJ
G:\1.D平台产品库【测试】版本\D_PLATFORM(X64 NVERSION3.020)\GAMELAUNCHER\DLLFORGAME\RELEASE\IPCCONTROLS.OBJ
G:\1.D平台产品库【测试】版本\D_Platform(x64 NVersion3.020)\GameLauncher\DllForGame\Release\link.2456.read.1.tlog
G:\1.D平台产品库【测试】版本\D_Platform(x64 NVersion3.020)\GameLauncher\DllForGame\Release\link.2456.write.1.tlog
G:\1.D平台产品库【测试】版本\D_Platform(x64 NVersion3.020)\GameLauncher\DllForGame\Release\link.2456-cvtres.read.1.tlog
G:\1.D平台产品库【测试】版本\D_Platform(x64 NVersion3.020)\GameLauncher\DllForGame\Release\link.2456-cvtres.write.1.tlog
G:\1.D平台产品库【测试】版本\D_Platform(x64 NVersion3.020)\GameLauncher\DllForGame\Release\link.4604.read.1.tlog
G:\1.D平台产品库【测试】版本\D_Platform(x64 NVersion3.020)\GameLauncher\DllForGame\Release\link.4604.write.1.tlog
G:\1.D平台产品库【测试】版本\D_Platform(x64 NVersion3.020)\GameLauncher\DllForGame\Release\link.4604-cvtres.read.1.tlog
G:\1.D平台产品库【测试】版本\D_Platform(x64 NVersion3.020)\GameLauncher\DllForGame\Release\link.4604-cvtres.write.1.tlog
G:\1.D平台产品库【测试】版本\D_Platform(x64 NVersion3.020)\GameLauncher\DllForGame\Release\link.command.1.tlog
G:\1.D平台产品库【测试】版本\D_Platform(x64 NVersion3.020)\GameLauncher\DllForGame\Release\link.read.1.tlog
G:\1.D平台产品库【测试】版本\D_Platform(x64 NVersion3.020)\GameLauncher\DllForGame\Release\link.write.1.tlog
G:\1.D平台产品库【测试】版本\D_PLATFORM(X64 NVERSION3.020)\GAMELAUNCHER\DLLFORGAME\RELEASE\LOVESENDCLASSINEXE.OBJ
G:\1.D平台产品库【测试】版本\D_PLATFORM(X64 NVERSION3.020)\GAMELAUNCHER\DLLFORGAME\RELEASE\MD5.OBJ
G:\1.D平台产品库【测试】版本\D_PLATFORM(X64 NVERSION3.020)\GAMELAUNCHER\DLLFORGAME\RELEASE\MENUDU.OBJ
G:\1.D平台产品库【测试】版本\D_PLATFORM(X64 NVERSION3.020)\GAMELAUNCHER\DLLFORGAME\RELEASE\MESSAGEHANDLE.OBJ
G:\1.D平台产品库【测试】版本\D_PLATFORM(X64 NVERSION3.020)\GAMELAUNCHER\DLLFORGAME\RELEASE\MJSET.OBJ
G:\1.D平台产品库【测试】版本\D_Platform(x64 NVersion3.020)\GameLauncher\DllForGame\Release\mt.command.1.tlog
G:\1.D平台产品库【测试】版本\D_Platform(x64 NVersion3.020)\GameLauncher\DllForGame\Release\mt.read.1.tlog
G:\1.D平台产品库【测试】版本\D_Platform(x64 NVersion3.020)\GameLauncher\DllForGame\Release\mt.write.1.tlog
G:\1.D平台产品库【测试】版本\D_PLATFORM(X64 NVERSION3.020)\GAMELAUNCHER\DLLFORGAME\RELEASE\OBJECTFACTORY.OBJ
G:\1.D平台产品库【测试】版本\D_PLATFORM(X64 NVERSION3.020)\GAMELAUNCHER\DLLFORGAME\RELEASE\PBANK4GAMEWND.OBJ
G:\1.D平台产品库【测试】版本\D_PLATFORM(X64 NVERSION3.020)\GAMELAUNCHER\DLLFORGAME\RELEASE\PBANKDLG.OBJ
G:\1.D平台产品库【测试】版本\D_PLATFORM(X64 NVERSION3.020)\GAMELAUNCHER\DLLFORGAME\RELEASE\PERSONALINFO.OBJ
G:\1.D平台产品库【测试】版本\D_PLATFORM(X64 NVERSION3.020)\GAMELAUNCHER\DLLFORGAME\RELEASE\PLAYSOUND.OBJ
G:\1.D平台产品库【测试】版本\D_PLATFORM(X64 NVERSION3.020)\GAMELAUNCHER\DLLFORGAME\RELEASE\PLAYVIEW.OBJ
G:\1.D平台产品库【测试】版本\D_PLATFORM(X64 NVERSION3.020)\GAMELAUNCHER\DLLFORGAME\RELEASE\PROPPANNEL.OBJ
G:\1.D平台产品库【测试】版本\D_PLATFORM(X64 NVERSION3.020)\GAMELAUNCHER\DLLFORGAME\RELEASE\PROPSELUSER.OBJ
G:\1.D平台产品库【测试】版本\D_Platform(x64 NVersion3.020)\GameLauncher\DllForGame\Release\rc.command.1.tlog
G:\1.D平台产品库【测试】版本\D_Platform(x64 NVersion3.020)\GameLauncher\DllForGame\Release\rc.read.1.tlog
G:\1.D平台产品库【测试】版本\D_Platform(x64 NVersion3.020)\GameLauncher\DllForGame\Release\rc.write.1.tlog
G:\1.D平台产品库【测试】版本\D_PLATFORM(X64 NVERSION3.020)\GAMELAUNCHER\DLLFORGAME\RELEASE\RIGHTFRAME.OBJ
G:\1.D平台产品库【测试】版本\D_PLATFORM(X64 NVERSION3.020)\GAMELAUNCHER\DLLFORGAME\RELEASE\SHA1.OBJ
G:\1.D平台产品库【测试】版本\D_PLATFORM(X64 NVERSION3.020)\GAMELAUNCHER\DLLFORGAME\RELEASE\SHOWSCORE.OBJ
G:\1.D平台产品库【测试】版本\D_PLATFORM(X64 NVERSION3.020)\GAMELAUNCHER\DLLFORGAME\RELEASE\SKINHEADERCTRL.OBJ
G:\1.D平台产品库【测试】版本\D_PLATFORM(X64 NVERSION3.020)\GAMELAUNCHER\DLLFORGAME\RELEASE\SKINLISTCTRL.OBJ
G:\1.D平台产品库【测试】版本\D_PLATFORM(X64 NVERSION3.020)\GAMELAUNCHER\DLLFORGAME\RELEASE\SKINMGR.OBJ
G:\1.D平台产品库【测试】版本\D_PLATFORM(X64 NVERSION3.020)\GAMELAUNCHER\DLLFORGAME\RELEASE\STDAFX.OBJ
G:\1.D平台产品库【测试】版本\D_PLATFORM(X64 NVERSION3.020)\GAMELAUNCHER\DLLFORGAME\RELEASE\USEBOARDCASTWND.OBJ
G:\1.D平台产品库【测试】版本\D_PLATFORM(X64 NVERSION3.020)\GAMELAUNCHER\DLLFORGAME\RELEASE\USERDETAILSDLG.OBJ
G:\1.D平台产品库【测试】版本\D_PLATFORM(X64 NVERSION3.020)\GAMELAUNCHER\DLLFORGAME\RELEASE\USERLISTDLG.OBJ
G:\1.D平台产品库【测试】版本\D_PLATFORM(X64 NVERSION3.020)\GAMELAUNCHER\DLLFORGAME\RELEASE\USERPOWER.OBJ
G:\1.D平台产品库【测试】版本\D_Platform(x64 NVersion3.020)\GameLauncher\DllForGame\Release\vc100.idb
G:\1.D平台产品库【测试】版本\D_PLATFORM(X64 NVERSION3.020)\GAMELAUNCHER\DLLFORGAME\RELEASE\VC100.PDB
G:\1.D平台产品库【测试】版本\D_PLATFORM(X64 NVERSION3.020)\GAMELAUNCHER\DLLFORGAME\RELEASE\WNDANIMATE.OBJ
G:\1.D平台产品库【测试】版本\D_PLATFORM(X64 NVERSION3.020)\GAMELAUNCHER\DLLFORGAME\RELEASE\XGAMEENGINE.OBJ
G:\1.D平台产品库【测试】版本\D_PLATFORM(X64 NVERSION3.020)\GAMELAUNCHER\DLLFORGAME\RELEASE\XLOGIC.OBJ
G:\1.D平台产品库【测试】版本\D_PLATFORM(X64 NVERSION3.020)\GAMELAUNCHER\DLLFORGAME\RELEASE\XRIGHTFRAME.OBJ
G:\1.D平台产品库【测试】版本\D_PLATFORM(X64 NVERSION3.020)\GAMELAUNCHER\RUN\CLIENT\RELEASE\DLLFORGAME.DLL
G:\1.D平台产品库【测试】版本\D_PLATFORM(X64 NVERSION3.020)\GAMELAUNCHER\RUN\CLIENT\RELEASE\DLLFORGAME.MAP
G:\1.D平台产品库【测试】版本\D_PLATFORM(X64 NVERSION3.020)\RUN\CLIENT\RELEASE\DLLFORGAME.DLL.MANIFEST
G:\1.D平台产品库【测试】版本\D_PLATFORM(X64 NVERSION3.020)\RUN\CLIENT\RELEASE\DLLFORGAME.PDB
G:\1.D平台产品库【测试】版本\D_Platform(x64 NVersion3.020)\SDK\lib\Game\DllForGame.exp
G:\1.D平台产品库【测试】版本\D_Platform(x64 NVersion3.020)\SDK\lib\Game\DllForGame.lib
