生成启动时间为 2012-11-13 19:58:45。
     1>项目“G:\1.D平台产品库【测试】版本\D_Platform(x64 NVersion3.020)\PlatForm\Client\AfcSocket\AfcSocket.vcxproj”在节点 3 上(build 个目标)。
     1>InitializeBuildStatus:
         正在创建“Release\AfcSocket.unsuccessfulbuild”，因为已指定“AlwaysCreate”。
       ClCompile:
         e:\Program Files\Microsoft Visual Studio 10.0\VC\bin\CL.exe /c /I../../../SDK/include/common /I../../../SDK/include/ClientCommon /I../../../SDK/include/socket /Zi /nologo /W0 /WX- /Od /Oy- /D WIN32 /D _WINDOWS /D NDEBUG /D _USRDLL /D _AFXEXT /D _WINDLL /D _MBCS /D _AFXDLL /Gm- /EHsc /MD /GS /fp:precise /Zc:wchar_t /Zc:forScope /Yc"StdAfx.h" /Fp"Release\AfcSocket.pch" /Fo"Release\\" /Fd"Release\vc100.pdb" /Gd /TP /analyze- /errorReport:prompt AfcSocket.cpp
         AfcSocket.cpp
         e:\Program Files\Microsoft Visual Studio 10.0\VC\bin\CL.exe /c /I../../../SDK/include/common /I../../../SDK/include/ClientCommon /I../../../SDK/include/socket /Zi /nologo /W0 /WX- /Od /Oy- /D WIN32 /D _WINDOWS /D NDEBUG /D _USRDLL /D _AFXEXT /D _WINDLL /D _MBCS /D _AFXDLL /Gm- /EHsc /MD /GS /fp:precise /Zc:wchar_t /Zc:forScope /Fo"Release\\" /Fd"Release\vc100.pdb" /Gd /TP /analyze- /errorReport:prompt TCPClientSocket.cpp
         TCPClientSocket.cpp
     1>C:\Program Files\MSBuild\Microsoft.Cpp\v4.0\Microsoft.CppBuild.targets(990,5): warning MSB8012: TargetPath(G:\1.D平台产品库【测试】版本\D_Platform(x64 NVersion3.020)\PlatForm\Client\Release\AfcSocket.dll) 与 Linker 的 OutputFile 属性值(E:\KFGame_projs\D_Public(x64)_3\AI\10301800_BJL\AfcSocket.dll)不匹配。这可能导致项目生成不正确。若要更正此问题，请确保 $(OutDir)、$(TargetName) 和 $(TargetExt) 属性值与 %(Link.OutputFile) 中指定的值匹配。
       Link:
         e:\Program Files\Microsoft Visual Studio 10.0\VC\bin\link.exe /ERRORREPORT:PROMPT /OUT:"E:\KFGame_projs\D_Public(x64)_3\AI\10301800_BJL\AfcSocket.dll" /INCREMENTAL:NO /NOLOGO /DEF:".\AfcSocket.def" /MANIFEST /ManifestFile:"Release\AfcSocket.dll.intermediate.manifest" /MANIFESTUAC:"level='highestAvailable' uiAccess='false'" /DEBUG /PDB:"G:\1.D平台产品库【测试】版本\D_Platform(x64 NVersion3.020)\PlatForm\Client\Release\AfcSocket.pdb" /SUBSYSTEM:WINDOWS /OPT:REF /OPT:ICF /TLBID:1 /DYNAMICBASE /NXCOMPAT /IMPLIB:"..\..\..\sdk\lib\Client\AfcSocket.lib" /MACHINE:X86 /DLL Release\AfcSocket.obj
         Release\TCPClientSocket.obj
            正在创建库 ..\..\..\sdk\lib\Client\AfcSocket.lib 和对象 ..\..\..\sdk\lib\Client\AfcSocket.exp
         AfcSocket.vcxproj -> G:\1.D平台产品库【测试】版本\D_Platform(x64 NVersion3.020)\PlatForm\Client\Release\AfcSocket.dll
       Manifest:
         C:\Program Files\Microsoft SDKs\Windows\v7.0A\bin\mt.exe /nologo /verbose /outputresource:"E:\KFGame_projs\D_Public(x64)_3\AI\10301800_BJL\AfcSocket.dll;#2" /manifest Release\AfcSocket.dll.intermediate.manifest "e:\Program Files\Microsoft Visual Studio 10.0\VC\Include\Manifest\dpiaware.manifest"
       FinalizeBuildStatus:
         正在删除文件“Release\AfcSocket.unsuccessfulbuild”。
         正在对“Release\AfcSocket.lastbuildstate”执行 Touch 任务。
     1>已完成生成项目“G:\1.D平台产品库【测试】版本\D_Platform(x64 NVersion3.020)\PlatForm\Client\AfcSocket\AfcSocket.vcxproj”(build 个目标)的操作。

生成成功。

已用时间 00:00:07.03
