D:\1.面对面平台\D_PLATFORM(X64 NVERSION3.020)产品库测试\GAMES\10900400_4人NN\GAMECODE\SERVER\二人牛牛(VIP)\SERVER.DLL.INTERMEDIATE.MANIFEST
D:\1.面对面平台\D_PLATFORM(X64 NVERSION3.020)产品库测试\GAMES\10900400_4人NN\GAMECODE\SERVER\二人牛牛(VIP)\SERVER.PCH
D:\1.面对面平台\D_PLATFORM(X64 NVERSION3.020)产品库测试\GAMES\10900400_4人NN\GAMECODE\SERVER\二人牛牛(VIP)\SERVER.PDB
D:\1.面对面平台\D_PLATFORM(X64 NVERSION3.020)产品库测试\GAMES\10900400_4人NN\GAMECODE\SERVER\二人牛牛(VIP)\SERVERMANAGE.OBJ
D:\1.面对面平台\D_Platform(x64 NVersion3.020)产品库测试\games\10900400_4人NN\GameCode\Server\二人牛牛(VIP)\SHSrvDLL.exp
D:\1.面对面平台\D_Platform(x64 NVersion3.020)产品库测试\games\10900400_4人NN\GameCode\Server\二人牛牛(VIP)\SHSrvDLL.lib
D:\1.面对面平台\D_PLATFORM(X64 NVERSION3.020)产品库测试\GAMES\10900400_4人NN\GAMECODE\SERVER\二人牛牛(VIP)\SHSRVDLL.OBJ
D:\1.面对面平台\D_PLATFORM(X64 NVERSION3.020)产品库测试\GAMES\10900400_4人NN\GAMECODE\SERVER\二人牛牛(VIP)\SHSRVDLL.RES
D:\1.面对面平台\D_PLATFORM(X64 NVERSION3.020)产品库测试\GAMES\10900400_4人NN\GAMECODE\SERVER\二人牛牛(VIP)\STDAFX.OBJ
D:\1.面对面平台\D_PLATFORM(X64 NVERSION3.020)产品库测试\GAMES\10900400_4人NN\GAMECODE\SERVER\二人牛牛(VIP)\UPGRADELOGIC.OBJ
D:\1.面对面平台\D_PLATFORM(X64 NVERSION3.020)产品库测试\GAMES\10900400_4人NN\GAMECODE\SERVER\二人牛牛(VIP)\VC100.PDB
D:\1.面对面平台\D_PLATFORM(X64 NVERSION3.020)产品库测试\RUN\SERVER\RELEASE\10900200.DLL
G:\2.D平台产品库【测试】版本\D_Platform(x64 NVersion3.020)\games\10900400_4人NN\GameCode\Server\二人牛牛(VIP)\cl.command.1.tlog
G:\2.D平台产品库【测试】版本\D_Platform(x64 NVersion3.020)\games\10900400_4人NN\GameCode\Server\二人牛牛(VIP)\CL.read.1.tlog
G:\2.D平台产品库【测试】版本\D_Platform(x64 NVersion3.020)\games\10900400_4人NN\GameCode\Server\二人牛牛(VIP)\CL.write.1.tlog
G:\2.D平台产品库【测试】版本\D_Platform(x64 NVersion3.020)\games\10900400_4人NN\GameCode\Server\二人牛牛(VIP)\link.command.1.tlog
G:\2.D平台产品库【测试】版本\D_Platform(x64 NVersion3.020)\games\10900400_4人NN\GameCode\Server\二人牛牛(VIP)\link.read.1.tlog
G:\2.D平台产品库【测试】版本\D_Platform(x64 NVersion3.020)\games\10900400_4人NN\GameCode\Server\二人牛牛(VIP)\link.write.1.tlog
G:\2.D平台产品库【测试】版本\D_Platform(x64 NVersion3.020)\games\10900400_4人NN\GameCode\Server\二人牛牛(VIP)\link-cvtres.read.1.tlog
G:\2.D平台产品库【测试】版本\D_Platform(x64 NVersion3.020)\games\10900400_4人NN\GameCode\Server\二人牛牛(VIP)\link-cvtres.write.1.tlog
G:\2.D平台产品库【测试】版本\D_Platform(x64 NVersion3.020)\games\10900400_4人NN\GameCode\Server\二人牛牛(VIP)\mt.command.1.tlog
G:\2.D平台产品库【测试】版本\D_Platform(x64 NVersion3.020)\games\10900400_4人NN\GameCode\Server\二人牛牛(VIP)\mt.read.1.tlog
G:\2.D平台产品库【测试】版本\D_Platform(x64 NVersion3.020)\games\10900400_4人NN\GameCode\Server\二人牛牛(VIP)\mt.write.1.tlog
G:\2.D平台产品库【测试】版本\D_Platform(x64 NVersion3.020)\games\10900400_4人NN\GameCode\Server\二人牛牛(VIP)\rc.command.1.tlog
G:\2.D平台产品库【测试】版本\D_Platform(x64 NVersion3.020)\games\10900400_4人NN\GameCode\Server\二人牛牛(VIP)\rc.read.1.tlog
G:\2.D平台产品库【测试】版本\D_Platform(x64 NVersion3.020)\games\10900400_4人NN\GameCode\Server\二人牛牛(VIP)\rc.write.1.tlog
G:\2.D平台产品库【测试】版本\D_Platform(x64 NVersion3.020)\games\10900400_4人NN\GameCode\Server\二人牛牛(VIP)\Server.write.1.tlog
