生成启动时间为 2012-11-14 9:23:05。
     1>项目“G:\1.D平台产品库【测试】版本\D_Platform(x64 NVersion3.020)\games\30100200_ZGXQ\GameCode\Client\Client.vcxproj”在节点 3 上(build 个目标)。
     1>InitializeBuildStatus:
         正在对“release\Client.unsuccessfulbuild”执行 Touch 任务。
       ClCompile:
         e:\Program Files\Microsoft Visual Studio 10.0\VC\bin\CL.exe /c /I../../../../SDK/include/common /I../../../../SDK/include/GameLaunchSdk /I../ /Zi /nologo /W3 /WX- /O2 /Oy- /D WIN32 /D _WINDOWS /D NDEBUG /D _AFXEXT /D _VC80_UPGRADE=0x0710 /D _WINDLL /D _MBCS /D _AFXDLL /Gm- /EHsc /MD /GS /fp:precise /Zc:wchar_t /Zc:forScope /Yc"StdAfx.h" /Fp"release\Client.pch" /Fo"release\\" /Fd"release\vc100.pdb" /Gd /TP /analyze- /errorReport:prompt stdafx.cpp
         stdafx.cpp
     1>g:\1.d平台产品库【测试】版本\d_platform(x64 nversion3.020)\sdk\include\gamelaunchsdk\platform\../../common/commonuse.h(254): warning C4996: 'sprintf': This function or variable may be unsafe. Consider using sprintf_s instead. To disable deprecation, use _CRT_SECURE_NO_WARNINGS. See online help for details.
                 e:\Program Files\Microsoft Visual Studio 10.0\VC\include\stdio.h(371) : 参见“sprintf”的声明
     1>g:\1.d平台产品库【测试】版本\d_platform(x64 nversion3.020)\sdk\include\gamelaunchsdk\platform\../../common/commonuse.h(314): warning C4996: 'strcpy': This function or variable may be unsafe. Consider using strcpy_s instead. To disable deprecation, use _CRT_SECURE_NO_WARNINGS. See online help for details.
                 e:\Program Files\Microsoft Visual Studio 10.0\VC\include\string.h(105) : 参见“strcpy”的声明
     1>g:\1.d平台产品库【测试】版本\d_platform(x64 nversion3.020)\sdk\include\gamelaunchsdk\platform\../../common/commonuse.h(491): warning C4996: 'sprintf': This function or variable may be unsafe. Consider using sprintf_s instead. To disable deprecation, use _CRT_SECURE_NO_WARNINGS. See online help for details.
                 e:\Program Files\Microsoft Visual Studio 10.0\VC\include\stdio.h(371) : 参见“sprintf”的声明
     1>g:\1.d平台产品库【测试】版本\d_platform(x64 nversion3.020)\sdk\include\gamelaunchsdk\platform\../../common/commonuse.h(876): warning C4996: 'mkdir': The POSIX name for this item is deprecated. Instead, use the ISO C++ conformant name: _mkdir. See online help for details.
                 e:\Program Files\Microsoft Visual Studio 10.0\VC\include\direct.h(124) : 参见“mkdir”的声明
     1>g:\1.d平台产品库【测试】版本\d_platform(x64 nversion3.020)\sdk\include\gamelaunchsdk\platform\../../common/commonuse.h(881): warning C4996: 'fopen': This function or variable may be unsafe. Consider using fopen_s instead. To disable deprecation, use _CRT_SECURE_NO_WARNINGS. See online help for details.
                 e:\Program Files\Microsoft Visual Studio 10.0\VC\include\stdio.h(234) : 参见“fopen”的声明
     1>g:\1.d平台产品库【测试】版本\d_platform(x64 nversion3.020)\sdk\include\gamelaunchsdk\platform\WndAnimate.h(153): warning C4018: “>”: 有符号/无符号不匹配
     1>g:\1.d平台产品库【测试】版本\d_platform(x64 nversion3.020)\sdk\include\gamelaunchsdk\platform\Resource.h(270): warning C4005: “IDQUXIAO”: 宏重定义
                 g:\1.d平台产品库【测试】版本\d_platform(x64 nversion3.020)\sdk\include\gamelaunchsdk\platform\ConfirmDlg.h(5) : 参见“IDQUXIAO”的前一个定义
     1>G:\1.D平台产品库【测试】版本\D_Platform(x64 NVersion3.020)\SDK\include\GameLaunchSdk\CommonDefine.h(148): warning C4996: 'strcpy': This function or variable may be unsafe. Consider using strcpy_s instead. To disable deprecation, use _CRT_SECURE_NO_WARNINGS. See online help for details.
                 e:\Program Files\Microsoft Visual Studio 10.0\VC\include\string.h(105) : 参见“strcpy”的声明
     1>G:\1.D平台产品库【测试】版本\D_Platform(x64 NVersion3.020)\SDK\include\GameLaunchSdk\CommonDefine.h(149): warning C4996: 'strcpy': This function or variable may be unsafe. Consider using strcpy_s instead. To disable deprecation, use _CRT_SECURE_NO_WARNINGS. See online help for details.
                 e:\Program Files\Microsoft Visual Studio 10.0\VC\include\string.h(105) : 参见“strcpy”的声明
     1>G:\1.D平台产品库【测试】版本\D_Platform(x64 NVersion3.020)\SDK\include\GameLaunchSdk\CommonDefine.h(166): warning C4996: 'strcpy': This function or variable may be unsafe. Consider using strcpy_s instead. To disable deprecation, use _CRT_SECURE_NO_WARNINGS. See online help for details.
                 e:\Program Files\Microsoft Visual Studio 10.0\VC\include\string.h(105) : 参见“strcpy”的声明
     1>G:\1.D平台产品库【测试】版本\D_Platform(x64 NVersion3.020)\SDK\include\GameLaunchSdk\CommonDefine.h(174): warning C4996: 'strcpy': This function or variable may be unsafe. Consider using strcpy_s instead. To disable deprecation, use _CRT_SECURE_NO_WARNINGS. See online help for details.
                 e:\Program Files\Microsoft Visual Studio 10.0\VC\include\string.h(105) : 参见“strcpy”的声明
         e:\Program Files\Microsoft Visual Studio 10.0\VC\bin\CL.exe /c /I../../../../SDK/include/common /I../../../../SDK/include/GameLaunchSdk /I../ /Zi /nologo /W3 /WX- /O2 /Oy- /D WIN32 /D _WINDOWS /D NDEBUG /D _AFXEXT /D _VC80_UPGRADE=0x0710 /D _WINDLL /D _MBCS /D _AFXDLL /Gm- /EHsc /MD /GS /fp:precise /Zc:wchar_t /Zc:forScope /Yu"StdAfx.h" /Fp"release\Client.pch" /Fo"release\\" /Fd"release\vc100.pdb" /Gd /TP /analyze- /errorReport:prompt AdmitDefeat.cpp ChessManual.cpp ClientGameDlg.cpp ClientView.cpp GameCard.cpp GameClient.cpp GameFinishDlg.cpp RegretChess.cpp TransparentStatic.cpp BackCardDlg.cpp brgamevideoclient.cpp BRGameVideoSDK.cpp GameDaoShiDlg.cpp GameInfoDlg.cpp GameNoteWnd.cpp GameSet.cpp HaveThing.cpp LeaveMessage.cpp NtList.cpp PlaySetDlg.cpp StationView.cpp Stop.cpp StopMessage.cpp UpGradeLogic.cpp
         AdmitDefeat.cpp
         ChessManual.cpp
         ClientGameDlg.cpp
     1>ClientGameDlg.cpp(638): warning C4244: “参数”: 从“__int64”转换到“int”，可能丢失数据
     1>ClientGameDlg.cpp(683): warning C4244: “=”: 从“__int64”转换到“int”，可能丢失数据
     1>ClientGameDlg.cpp(1091): warning C4244: “=”: 从“__int64”转换到“int”，可能丢失数据
     1>ClientGameDlg.cpp(1171): warning C4244: “参数”: 从“__int64”转换到“int”，可能丢失数据
     1>ClientGameDlg.cpp(1233): warning C4244: “=”: 从“__int64”转换到“int”，可能丢失数据
     1>ClientGameDlg.cpp(1292): warning C4244: “=”: 从“__int64”转换到“int”，可能丢失数据
     1>ClientGameDlg.cpp(2360): warning C4805: “!=”: 在操作中将类型“bool”与类型“BOOL”混合不安全
     1>ClientGameDlg.cpp(2538): warning C4101: “name”: 未引用的局部变量
         ClientView.cpp
     1>ClientView.cpp(118): error C2248: “CUsingSkinClass::m_iFrameCount”: 无法访问 private 成员(在“CUsingSkinClass”类中声明)
                 g:\1.d平台产品库【测试】版本\d_platform(x64 nversion3.020)\sdk\include\gamelaunchsdk\platform\PlayView.h(271) : 参见“CUsingSkinClass::m_iFrameCount”的声明
                 g:\1.d平台产品库【测试】版本\d_platform(x64 nversion3.020)\sdk\include\gamelaunchsdk\platform\PlayView.h(104) : 参见“CUsingSkinClass”的声明
         GameCard.cpp
         GameClient.cpp
         GameFinishDlg.cpp
     1>GameFinishDlg.cpp(121): warning C4305: “参数”: 从“int”到“BYTE”截断
     1>GameFinishDlg.cpp(121): warning C4309: “参数”: 截断常量值
     1>GameFinishDlg.cpp(162): warning C4244: “参数”: 从“__int64”转换到“int”，可能丢失数据
         RegretChess.cpp
         TransparentStatic.cpp
         BackCardDlg.cpp
         brgamevideoclient.cpp
         BRGameVideoSDK.cpp
         GameDaoShiDlg.cpp
         GameInfoDlg.cpp
     1>GameInfoDlg.cpp(153): warning C4060: switch 语句没有包含“case”或“default”标签
         GameNoteWnd.cpp
     1>GameNoteWnd.cpp(59): warning C4101: “BmpInfo”: 未引用的局部变量
         GameSet.cpp
     1>GameSet.cpp(67): warning C4101: “skin”: 未引用的局部变量
         HaveThing.cpp
     1>HaveThing.cpp(49): warning C4101: “skin”: 未引用的局部变量
         LeaveMessage.cpp
     1>LeaveMessage.cpp(35): warning C4101: “skin”: 未引用的局部变量
         NtList.cpp
         PlaySetDlg.cpp
     1>PlaySetDlg.cpp(303): warning C4060: switch 语句没有包含“case”或“default”标签
         正在生成代码...
         正在编译...
         StationView.cpp
         Stop.cpp
         StopMessage.cpp
         UpGradeLogic.cpp
         正在生成代码...
     1>已完成生成项目“G:\1.D平台产品库【测试】版本\D_Platform(x64 NVersion3.020)\games\30100200_ZGXQ\GameCode\Client\Client.vcxproj”(build 个目标)的操作 - 失败。

生成失败。

已用时间 00:00:12.25
