D:\1.面对面平台\D_PLATFORM(X64 NVERSION3.020)产品库测试\GAMES\30200200_ZGWQ\GAMECODE\SERVER\RELEASE\LOGIC.OBJ
D:\1.面对面平台\D_PLATFORM(X64 NVERSION3.020)产品库测试\GAMES\30200200_ZGWQ\GAMECODE\SERVER\RELEASE\SERVER.DLL.INTERMEDIATE.MANIFEST
D:\1.面对面平台\D_PLATFORM(X64 NVERSION3.020)产品库测试\GAMES\30200200_ZGWQ\GAMECODE\SERVER\RELEASE\SERVER.PCH
D:\1.面对面平台\D_PLATFORM(X64 NVERSION3.020)产品库测试\GAMES\30200200_ZGWQ\GAMECODE\SERVER\RELEASE\SERVER.PDB
D:\1.面对面平台\D_PLATFORM(X64 NVERSION3.020)产品库测试\GAMES\30200200_ZGWQ\GAMECODE\SERVER\RELEASE\SERVERMANAGE.OBJ
D:\1.面对面平台\D_PLATFORM(X64 NVERSION3.020)产品库测试\GAMES\30200200_ZGWQ\GAMECODE\SERVER\RELEASE\STDAFX.OBJ
D:\1.面对面平台\D_Platform(x64 NVersion3.020)产品库测试\games\30200200_ZGWQ\GameCode\Server\Release\UpGradeDLL.exp
D:\1.面对面平台\D_Platform(x64 NVersion3.020)产品库测试\games\30200200_ZGWQ\GameCode\Server\Release\UpGradeDLL.lib
D:\1.面对面平台\D_PLATFORM(X64 NVERSION3.020)产品库测试\GAMES\30200200_ZGWQ\GAMECODE\SERVER\RELEASE\UPGRADEDLL.OBJ
D:\1.面对面平台\D_PLATFORM(X64 NVERSION3.020)产品库测试\GAMES\30200200_ZGWQ\GAMECODE\SERVER\RELEASE\UPGRADEDLL.RES
D:\1.面对面平台\D_PLATFORM(X64 NVERSION3.020)产品库测试\GAMES\30200200_ZGWQ\GAMECODE\SERVER\RELEASE\VC100.PDB
D:\1.面对面平台\D_PLATFORM(X64 NVERSION3.020)产品库测试\RUN\SERVER\RELEASE\30200200.DLL
G:\1.D平台产品库【测试】版本\D_Platform(x64 NVersion3.020)\games\30200200_ZGWQ\GameCode\Server\Release\cl.command.1.tlog
G:\1.D平台产品库【测试】版本\D_Platform(x64 NVersion3.020)\games\30200200_ZGWQ\GameCode\Server\Release\CL.read.1.tlog
G:\1.D平台产品库【测试】版本\D_Platform(x64 NVersion3.020)\games\30200200_ZGWQ\GameCode\Server\Release\CL.write.1.tlog
G:\1.D平台产品库【测试】版本\D_Platform(x64 NVersion3.020)\games\30200200_ZGWQ\GameCode\Server\Release\link.command.1.tlog
G:\1.D平台产品库【测试】版本\D_Platform(x64 NVersion3.020)\games\30200200_ZGWQ\GameCode\Server\Release\link.read.1.tlog
G:\1.D平台产品库【测试】版本\D_Platform(x64 NVersion3.020)\games\30200200_ZGWQ\GameCode\Server\Release\link.write.1.tlog
G:\1.D平台产品库【测试】版本\D_Platform(x64 NVersion3.020)\games\30200200_ZGWQ\GameCode\Server\Release\link-cvtres.read.1.tlog
G:\1.D平台产品库【测试】版本\D_Platform(x64 NVersion3.020)\games\30200200_ZGWQ\GameCode\Server\Release\link-cvtres.write.1.tlog
G:\1.D平台产品库【测试】版本\D_PLATFORM(X64 NVERSION3.020)\GAMES\30200200_ZGWQ\GAMECODE\SERVER\RELEASE\LOGIC.OBJ
G:\1.D平台产品库【测试】版本\D_Platform(x64 NVersion3.020)\games\30200200_ZGWQ\GameCode\Server\Release\msado15.tlh
G:\1.D平台产品库【测试】版本\D_Platform(x64 NVersion3.020)\games\30200200_ZGWQ\GameCode\Server\Release\msado15.tli
G:\1.D平台产品库【测试】版本\D_Platform(x64 NVersion3.020)\games\30200200_ZGWQ\GameCode\Server\Release\mt.command.1.tlog
G:\1.D平台产品库【测试】版本\D_Platform(x64 NVersion3.020)\games\30200200_ZGWQ\GameCode\Server\Release\mt.read.1.tlog
G:\1.D平台产品库【测试】版本\D_Platform(x64 NVersion3.020)\games\30200200_ZGWQ\GameCode\Server\Release\mt.write.1.tlog
G:\1.D平台产品库【测试】版本\D_Platform(x64 NVersion3.020)\games\30200200_ZGWQ\GameCode\Server\Release\rc.command.1.tlog
G:\1.D平台产品库【测试】版本\D_Platform(x64 NVersion3.020)\games\30200200_ZGWQ\GameCode\Server\Release\rc.read.1.tlog
G:\1.D平台产品库【测试】版本\D_Platform(x64 NVersion3.020)\games\30200200_ZGWQ\GameCode\Server\Release\rc.write.1.tlog
G:\1.D平台产品库【测试】版本\D_PLATFORM(X64 NVERSION3.020)\GAMES\30200200_ZGWQ\GAMECODE\SERVER\RELEASE\SERVER.DLL.INTERMEDIATE.MANIFEST
G:\1.D平台产品库【测试】版本\D_PLATFORM(X64 NVERSION3.020)\GAMES\30200200_ZGWQ\GAMECODE\SERVER\RELEASE\SERVER.PCH
G:\1.D平台产品库【测试】版本\D_PLATFORM(X64 NVERSION3.020)\GAMES\30200200_ZGWQ\GAMECODE\SERVER\RELEASE\SERVER.PDB
G:\1.D平台产品库【测试】版本\D_Platform(x64 NVersion3.020)\games\30200200_ZGWQ\GameCode\Server\Release\server.write.1.tlog
G:\1.D平台产品库【测试】版本\D_PLATFORM(X64 NVERSION3.020)\GAMES\30200200_ZGWQ\GAMECODE\SERVER\RELEASE\SERVERMANAGE.OBJ
G:\1.D平台产品库【测试】版本\D_PLATFORM(X64 NVERSION3.020)\GAMES\30200200_ZGWQ\GAMECODE\SERVER\RELEASE\STDAFX.OBJ
G:\1.D平台产品库【测试】版本\D_Platform(x64 NVersion3.020)\games\30200200_ZGWQ\GameCode\Server\Release\UpGradeDLL.exp
G:\1.D平台产品库【测试】版本\D_Platform(x64 NVersion3.020)\games\30200200_ZGWQ\GameCode\Server\Release\UpGradeDLL.lib
G:\1.D平台产品库【测试】版本\D_PLATFORM(X64 NVERSION3.020)\GAMES\30200200_ZGWQ\GAMECODE\SERVER\RELEASE\UPGRADEDLL.OBJ
G:\1.D平台产品库【测试】版本\D_PLATFORM(X64 NVERSION3.020)\GAMES\30200200_ZGWQ\GAMECODE\SERVER\RELEASE\UPGRADEDLL.RES
G:\1.D平台产品库【测试】版本\D_PLATFORM(X64 NVERSION3.020)\GAMES\30200200_ZGWQ\GAMECODE\SERVER\RELEASE\VC100.PDB
G:\1.D平台产品库【测试】版本\D_PLATFORM(X64 NVERSION3.020)\RUN\SERVER\RELEASE\30200200.DLL
G:\2.D平台产品库【测试】版本\D_PLATFORM(X64 NVERSION3.020)\GAMES\30200200_ZGWQ\GAMECODE\SERVER\RELEASE\LOGIC.OBJ
G:\2.D平台产品库【测试】版本\D_PLATFORM(X64 NVERSION3.020)\GAMES\30200200_ZGWQ\GAMECODE\SERVER\RELEASE\SERVER.DLL.INTERMEDIATE.MANIFEST
G:\2.D平台产品库【测试】版本\D_PLATFORM(X64 NVERSION3.020)\GAMES\30200200_ZGWQ\GAMECODE\SERVER\RELEASE\SERVER.PCH
G:\2.D平台产品库【测试】版本\D_PLATFORM(X64 NVERSION3.020)\GAMES\30200200_ZGWQ\GAMECODE\SERVER\RELEASE\SERVER.PDB
G:\2.D平台产品库【测试】版本\D_PLATFORM(X64 NVERSION3.020)\GAMES\30200200_ZGWQ\GAMECODE\SERVER\RELEASE\SERVERMANAGE.OBJ
G:\2.D平台产品库【测试】版本\D_PLATFORM(X64 NVERSION3.020)\GAMES\30200200_ZGWQ\GAMECODE\SERVER\RELEASE\STDAFX.OBJ
G:\2.D平台产品库【测试】版本\D_Platform(x64 NVersion3.020)\games\30200200_ZGWQ\GameCode\Server\Release\UpGradeDLL.exp
G:\2.D平台产品库【测试】版本\D_Platform(x64 NVersion3.020)\games\30200200_ZGWQ\GameCode\Server\Release\UpGradeDLL.lib
G:\2.D平台产品库【测试】版本\D_PLATFORM(X64 NVERSION3.020)\GAMES\30200200_ZGWQ\GAMECODE\SERVER\RELEASE\UPGRADEDLL.OBJ
G:\2.D平台产品库【测试】版本\D_PLATFORM(X64 NVERSION3.020)\GAMES\30200200_ZGWQ\GAMECODE\SERVER\RELEASE\UPGRADEDLL.RES
G:\2.D平台产品库【测试】版本\D_PLATFORM(X64 NVERSION3.020)\GAMES\30200200_ZGWQ\GAMECODE\SERVER\RELEASE\VC100.PDB
G:\2.D平台产品库【测试】版本\D_PLATFORM(X64 NVERSION3.020)\RUN\SERVER\RELEASE\30200200.DLL
Release\server.pdb
