生成启动时间为 2012-11-14 9:05:35。
     1>项目“G:\1.D平台产品库【测试】版本\D_Platform(x64 NVersion3.020)\games\30200200_ZGWQ\GameCode\Server\server.vcxproj”在节点 2 上(build 个目标)。
     1>InitializeBuildStatus:
         正在创建“Release\server.unsuccessfulbuild”，因为已指定“AlwaysCreate”。
       ClCompile:
         所有输出均为最新。
         所有输出均为最新。
       ResourceCompile:
         所有输出均为最新。
     1>C:\Program Files\MSBuild\Microsoft.Cpp\v4.0\Microsoft.CppBuild.targets(990,5): warning MSB8012: TargetPath(G:\1.D平台产品库【测试】版本\D_Platform(x64 NVersion3.020)\games\30200200_ZGWQ\GameCode\Server\Release\server.dll) 与 Linker 的 OutputFile 属性值(G:\1.D平台产品库【测试】版本\D_Platform(x64 NVersion3.020)\run\Server\release\30200200.dll)不匹配。这可能导致项目生成不正确。若要更正此问题，请确保 $(OutDir)、$(TargetName) 和 $(TargetExt) 属性值与 %(Link.OutputFile) 中指定的值匹配。
     1>C:\Program Files\MSBuild\Microsoft.Cpp\v4.0\Microsoft.CppBuild.targets(992,5): warning MSB8012: TargetName(server) 与 Linker 的 OutputFile 属性值(30200200)不匹配。这可能导致项目生成不正确。若要更正此问题，请确保 $(OutDir)、$(TargetName) 和 $(TargetExt) 属性值与 %(Link.OutputFile) 中指定的值匹配。
       Link:
         e:\Program Files\Microsoft Visual Studio 10.0\VC\bin\link.exe /ERRORREPORT:PROMPT /OUT:"../../../../run/Server/release/30200200.dll" /INCREMENTAL:NO /NOLOGO /LIBPATH:../../../../SDK/lib/common /LIBPATH:../../../../SDK/lib/Server AFCComDllEx.LIB CfgEngine.lib gamemanage.lib /DEF:".\UpGradeDLL.def" /MANIFEST /ManifestFile:"Release\server.dll.intermediate.manifest" /MANIFESTUAC:"level='asInvoker' uiAccess='false'" /DEBUG /PDB:"G:\1.D平台产品库【测试】版本\D_Platform(x64 NVersion3.020)\games\30200200_ZGWQ\GameCode\Server\Release\server.pdb" /SUBSYSTEM:WINDOWS /OPT:REF /OPT:ICF /TLBID:1 /DYNAMICBASE /NXCOMPAT /IMPLIB:"Release\UpGradeDLL.lib" /MACHINE:X86 /DLL Release\UpGradeDLL.res
         Release\logic.obj
         Release\ServerManage.obj
         Release\stdafx.obj
         Release\UpGradeDLL.obj
            正在创建库 Release\UpGradeDLL.lib 和对象 Release\UpGradeDLL.exp
     1>UpGradeDLL.exp : warning LNK4070: .EXP 中的 /OUT:UpGradeDLL.dll 指令与输出文件名“../../../../run/Server/release/30200200.dll”不同；忽略指令
         server.vcxproj -> G:\1.D平台产品库【测试】版本\D_Platform(x64 NVersion3.020)\games\30200200_ZGWQ\GameCode\Server\Release\server.dll
       Manifest:
         C:\Program Files\Microsoft SDKs\Windows\v7.0A\bin\mt.exe /nologo /verbose /outputresource:"../../../../run/Server/release/30200200.dll;#2" /manifest Release\server.dll.intermediate.manifest "e:\Program Files\Microsoft Visual Studio 10.0\VC\Include\Manifest\dpiaware.manifest"
       FinalizeBuildStatus:
         正在删除文件“Release\server.unsuccessfulbuild”。
         正在对“Release\server.lastbuildstate”执行 Touch 任务。
     1>已完成生成项目“G:\1.D平台产品库【测试】版本\D_Platform(x64 NVersion3.020)\games\30200200_ZGWQ\GameCode\Server\server.vcxproj”(build 个目标)的操作。

生成成功。

已用时间 00:00:01.43
