生成启动时间为 2012-11-13 20:01:22。
     1>项目“G:\1.D平台产品库【测试】版本\D_Platform(x64 NVersion3.020)\PlatForm\Client\Resource2003\AFCResDll.vcxproj”在节点 2 上(build 个目标)。
     1>InitializeBuildStatus:
         正在创建“Release\系统资源库.unsuccessfulbuild”，因为已指定“AlwaysCreate”。
       ClCompile:
         e:\Program Files\Microsoft Visual Studio 10.0\VC\bin\CL.exe /c /Zi /nologo /W0 /WX- /O2 /Oy- /D WIN32 /D _WINDOWS /D NDEBUG /D _AFXEXT /D BZ_ZLIB /D _VC80_UPGRADE=0x0710 /D _WINDLL /D _MBCS /D _AFXDLL /Gm- /EHsc /MD /GS /fp:precise /Zc:wchar_t /Zc:forScope /Yc"StdAfx.h" /Fp"Release\系统资源库.pch" /Fo"Release\\" /Fd"Release\vc100.pdb" /Gd /TP /wd4996 /wd4005 /wd4018 /wd4800 /wd4244 /wd4101 /wd4010 /wd4267 /wd4819 /analyze- /errorReport:prompt stdafx.cpp
         stdafx.cpp
         e:\Program Files\Microsoft Visual Studio 10.0\VC\bin\CL.exe /c /Zi /nologo /W0 /WX- /O2 /Oy- /D WIN32 /D _WINDOWS /D NDEBUG /D _AFXEXT /D BZ_ZLIB /D _VC80_UPGRADE=0x0710 /D _WINDLL /D _MBCS /D _AFXDLL /Gm- /EHsc /MD /GS /fp:precise /Zc:wchar_t /Zc:forScope /Yu"StdAfx.h" /Fp"Release\系统资源库.pch" /Fo"Release\\" /Fd"Release\vc100.pdb" /Gd /TP /wd4996 /wd4005 /wd4018 /wd4800 /wd4244 /wd4101 /wd4010 /wd4267 /wd4819 /analyze- /errorReport:prompt AFCResDll.cpp
         AFCResDll.cpp
       ResourceCompile:
         C:\Program Files\Microsoft SDKs\Windows\v7.0A\bin\rc.exe /D NDEBUG /D _VC80_UPGRADE=0x0710 /D _AFXDLL /l"0x0804" /IRelease\ /nologo /fo"Release\AFCResDll.res" AFCResDll.rc 
     1>C:\Program Files\MSBuild\Microsoft.Cpp\v4.0\Microsoft.CppBuild.targets(990,5): warning MSB8012: TargetPath(G:\1.D平台产品库【测试】版本\D_Platform(x64 NVersion3.020)\PlatForm\Client\Resource2003\Release\系统资源库.dll) 与 Linker 的 OutputFile 属性值(G:\1.D平台产品库【测试】版本\D_Platform(x64 NVersion3.020)\run\Client\release\BZW_Res.dll)不匹配。这可能导致项目生成不正确。若要更正此问题，请确保 $(OutDir)、$(TargetName) 和 $(TargetExt) 属性值与 %(Link.OutputFile) 中指定的值匹配。
     1>C:\Program Files\MSBuild\Microsoft.Cpp\v4.0\Microsoft.CppBuild.targets(992,5): warning MSB8012: TargetName(系统资源库) 与 Linker 的 OutputFile 属性值(BZW_Res)不匹配。这可能导致项目生成不正确。若要更正此问题，请确保 $(OutDir)、$(TargetName) 和 $(TargetExt) 属性值与 %(Link.OutputFile) 中指定的值匹配。
       Link:
         e:\Program Files\Microsoft Visual Studio 10.0\VC\bin\link.exe /ERRORREPORT:PROMPT /OUT:"..\..\..\run\Client\release\BZW_Res.dll" /INCREMENTAL:NO /NOLOGO /DEF:".\AFCResDll.def" /MANIFEST /ManifestFile:"Release\系统资源库.dll.intermediate.manifest" /MANIFESTUAC:"level='highestAvailable' uiAccess='false'" /DEBUG /PDB:"G:\1.D平台产品库【测试】版本\D_Platform(x64 NVersion3.020)\PlatForm\Client\Resource2003\Release\系统资源库.pdb" /SUBSYSTEM:WINDOWS /OPT:REF /OPT:ICF /TLBID:1 /DYNAMICBASE /NXCOMPAT /IMPLIB:"..\..\..\sdk\lib\Client\BZW_RES.lib" /MACHINE:X86 /DLL Release\AFCResDll.res
         Release\AFCResDll.obj
         Release\stdafx.obj
            正在创建库 ..\..\..\sdk\lib\Client\BZW_RES.lib 和对象 ..\..\..\sdk\lib\Client\BZW_RES.exp
         AFCResDll.vcxproj -> G:\1.D平台产品库【测试】版本\D_Platform(x64 NVersion3.020)\PlatForm\Client\Resource2003\Release\系统资源库.dll
       Manifest:
         C:\Program Files\Microsoft SDKs\Windows\v7.0A\bin\mt.exe /nologo /verbose /outputresource:"..\..\..\run\Client\release\BZW_Res.dll;#2" /manifest "Release\系统资源库.dll.intermediate.manifest" "e:\Program Files\Microsoft Visual Studio 10.0\VC\Include\Manifest\dpiaware.manifest"
       FinalizeBuildStatus:
         正在删除文件“Release\系统资源库.unsuccessfulbuild”。
         正在对“Release\系统资源库.lastbuildstate”执行 Touch 任务。
     1>已完成生成项目“G:\1.D平台产品库【测试】版本\D_Platform(x64 NVersion3.020)\PlatForm\Client\Resource2003\AFCResDll.vcxproj”(build 个目标)的操作。

生成成功。

已用时间 00:00:03.98
