D:\1.面对面平台\D_Platform(x64 NVersion3.020)产品库测试\PlatForm\GMTools\GMTool\Release\cl.command.1.tlog
D:\1.面对面平台\D_Platform(x64 NVersion3.020)产品库测试\PlatForm\GMTools\GMTool\Release\CL.read.1.tlog
D:\1.面对面平台\D_Platform(x64 NVersion3.020)产品库测试\PlatForm\GMTools\GMTool\Release\CL.write.1.tlog
D:\1.面对面平台\D_Platform(x64 NVersion3.020)产品库测试\PlatForm\GMTools\GMTool\Release\link.4500.read.1.tlog
D:\1.面对面平台\D_Platform(x64 NVersion3.020)产品库测试\PlatForm\GMTools\GMTool\Release\link.4500.write.1.tlog
D:\1.面对面平台\D_Platform(x64 NVersion3.020)产品库测试\PlatForm\GMTools\GMTool\Release\link.4500-cvtres.read.1.tlog
D:\1.面对面平台\D_Platform(x64 NVersion3.020)产品库测试\PlatForm\GMTools\GMTool\Release\link.4500-cvtres.write.1.tlog
D:\1.面对面平台\D_Platform(x64 NVersion3.020)产品库测试\PlatForm\GMTools\GMTool\Release\link.5796.read.1.tlog
D:\1.面对面平台\D_Platform(x64 NVersion3.020)产品库测试\PlatForm\GMTools\GMTool\Release\link.5796.write.1.tlog
D:\1.面对面平台\D_Platform(x64 NVersion3.020)产品库测试\PlatForm\GMTools\GMTool\Release\link.5796-cvtres.read.1.tlog
D:\1.面对面平台\D_Platform(x64 NVersion3.020)产品库测试\PlatForm\GMTools\GMTool\Release\link.5796-cvtres.write.1.tlog
D:\1.面对面平台\D_Platform(x64 NVersion3.020)产品库测试\PlatForm\GMTools\GMTool\Release\link.command.1.tlog
D:\1.面对面平台\D_Platform(x64 NVersion3.020)产品库测试\PlatForm\GMTools\GMTool\Release\link.read.1.tlog
D:\1.面对面平台\D_Platform(x64 NVersion3.020)产品库测试\PlatForm\GMTools\GMTool\Release\link.write.1.tlog
D:\1.面对面平台\D_Platform(x64 NVersion3.020)产品库测试\PlatForm\GMTools\GMTool\Release\mt.command.1.tlog
D:\1.面对面平台\D_Platform(x64 NVersion3.020)产品库测试\PlatForm\GMTools\GMTool\Release\mt.read.1.tlog
D:\1.面对面平台\D_Platform(x64 NVersion3.020)产品库测试\PlatForm\GMTools\GMTool\Release\mt.write.1.tlog
D:\1.面对面平台\D_Platform(x64 NVersion3.020)产品库测试\PlatForm\GMTools\GMTool\Release\rc.command.1.tlog
D:\1.面对面平台\D_Platform(x64 NVersion3.020)产品库测试\PlatForm\GMTools\GMTool\Release\rc.read.1.tlog
D:\1.面对面平台\D_Platform(x64 NVersion3.020)产品库测试\PlatForm\GMTools\GMTool\Release\rc.write.1.tlog
E:\KFGAME_PROJS\D_V3.020\PLATFORM\GMTOOLS\GMTOOL\RELEASE\AWARDDLG.OBJ
E:\KFGAME_PROJS\D_V3.020\PLATFORM\GMTOOLS\GMTOOL\RELEASE\BACKWSOCKET.OBJ
E:\KFGAME_PROJS\D_V3.020\PLATFORM\GMTOOLS\GMTOOL\RELEASE\BCLIENTSOCKET.OBJ
E:\KFGAME_PROJS\D_V3.020\PLATFORM\GMTOOLS\GMTOOL\RELEASE\BROADCASTDLG.OBJ
E:\KFGAME_PROJS\D_V3.020\PLATFORM\GMTOOLS\GMTOOL\RELEASE\CHATDLG.OBJ
E:\KFGAME_PROJS\D_V3.020\PLATFORM\GMTOOLS\GMTOOL\RELEASE\FINDUSERDLG.OBJ
E:\KFGAME_PROJS\D_V3.020\PLATFORM\GMTOOLS\GMTOOL\RELEASE\GAMEMANAGEDLG.OBJ
E:\KFGAME_PROJS\D_V3.020\PLATFORM\GMTOOLS\GMTOOL\RELEASE\GAMEUSERMANAGE.OBJ
E:\KFGAME_PROJS\D_V3.020\PLATFORM\GMTOOLS\GMTOOL\RELEASE\GM管理工具.EXE.INTERMEDIATE.MANIFEST
E:\KFGAME_PROJS\D_V3.020\PLATFORM\GMTOOLS\GMTOOL\RELEASE\GM管理工具.PCH
E:\KFGAME_PROJS\D_V3.020\PLATFORM\GMTOOLS\GMTOOL\RELEASE\LOCKDESKDLG.OBJ
E:\KFGAME_PROJS\D_V3.020\PLATFORM\GMTOOLS\GMTOOL\RELEASE\LONGODLG.OBJ
E:\KFGAME_PROJS\D_V3.020\PLATFORM\GMTOOLS\GMTOOL\RELEASE\MD5.OBJ
E:\KFGAME_PROJS\D_V3.020\PLATFORM\GMTOOLS\GMTOOL\RELEASE\OPERATEDLG.OBJ
E:\KFGAME_PROJS\D_V3.020\PLATFORM\GMTOOLS\GMTOOL\RELEASE\SHA1.OBJ
E:\KFGAME_PROJS\D_V3.020\PLATFORM\GMTOOLS\GMTOOL\RELEASE\SOCKETINIT.OBJ
E:\KFGAME_PROJS\D_V3.020\PLATFORM\GMTOOLS\GMTOOL\RELEASE\STDAFX.OBJ
E:\KFGAME_PROJS\D_V3.020\PLATFORM\GMTOOLS\GMTOOL\RELEASE\TCP.OBJ
E:\KFGAME_PROJS\D_V3.020\PLATFORM\GMTOOLS\GMTOOL\RELEASE\TCP.RES
E:\KFGAME_PROJS\D_V3.020\PLATFORM\GMTOOLS\GMTOOL\RELEASE\TCPDLG.OBJ
E:\KFGAME_PROJS\D_V3.020\PLATFORM\GMTOOLS\GMTOOL\RELEASE\VC100.PDB
E:\KFGAME_PROJS\D_V3.020\PLATFORM\GMTOOLS\GMTOOL\RELEASE\WCLIENTSOCKET.OBJ
E:\KFGAME_PROJS\D_V3.020\PLATFORM\GMTOOLS\GMTOOL\RELEASE\ZCLIENTSOCKET.OBJ
E:\KFGAME_PROJS\D_V3.020\PLATFORM\GMTOOLS\RELEASE\GM管理工具.PDB
E:\KFGAME_PROJS\D_V3.020\RUN\GMTOOL\RELEASE\GM管理工具.EXE
