G:\1.D平台产品库【测试】版本\D_Platform(x64 NVersion3.020)\games\30500400_FXQ\GameCode\Client\release\cl.command.1.tlog
G:\1.D平台产品库【测试】版本\D_Platform(x64 NVersion3.020)\games\30500400_FXQ\GameCode\Client\release\CL.read.1.tlog
G:\1.D平台产品库【测试】版本\D_Platform(x64 NVersion3.020)\games\30500400_FXQ\GameCode\Client\release\CL.write.1.tlog
G:\1.D平台产品库【测试】版本\D_PLATFORM(X64 NVERSION3.020)\GAMES\30500400_FXQ\GAMECODE\CLIENT\RELEASE\CLIENT.DLL.INTERMEDIATE.MANIFEST
G:\1.D平台产品库【测试】版本\D_PLATFORM(X64 NVERSION3.020)\GAMES\30500400_FXQ\GAMECODE\CLIENT\RELEASE\CLIENT.PCH
G:\1.D平台产品库【测试】版本\D_PLATFORM(X64 NVERSION3.020)\GAMES\30500400_FXQ\GAMECODE\CLIENT\RELEASE\CLIENT.PDB
G:\1.D平台产品库【测试】版本\D_PLATFORM(X64 NVERSION3.020)\GAMES\30500400_FXQ\GAMECODE\CLIENT\RELEASE\CLIENT.RES
G:\1.D平台产品库【测试】版本\D_Platform(x64 NVersion3.020)\games\30500400_FXQ\GameCode\Client\release\client.write.1.tlog
G:\1.D平台产品库【测试】版本\D_Platform(x64 NVersion3.020)\games\30500400_FXQ\GameCode\Client\Release\GameClient.exp
G:\1.D平台产品库【测试】版本\D_Platform(x64 NVersion3.020)\games\30500400_FXQ\GameCode\Client\Release\GameClient.lib
G:\1.D平台产品库【测试】版本\D_PLATFORM(X64 NVERSION3.020)\GAMES\30500400_FXQ\GAMECODE\CLIENT\RELEASE\GAMECLIENT.OBJ
G:\1.D平台产品库【测试】版本\D_Platform(x64 NVersion3.020)\games\30500400_FXQ\GameCode\Client\release\link.command.1.tlog
G:\1.D平台产品库【测试】版本\D_Platform(x64 NVersion3.020)\games\30500400_FXQ\GameCode\Client\release\link.read.1.tlog
G:\1.D平台产品库【测试】版本\D_Platform(x64 NVersion3.020)\games\30500400_FXQ\GameCode\Client\release\link.write.1.tlog
G:\1.D平台产品库【测试】版本\D_Platform(x64 NVersion3.020)\games\30500400_FXQ\GameCode\Client\release\link-cvtres.read.1.tlog
G:\1.D平台产品库【测试】版本\D_Platform(x64 NVersion3.020)\games\30500400_FXQ\GameCode\Client\release\link-cvtres.write.1.tlog
G:\1.D平台产品库【测试】版本\D_Platform(x64 NVersion3.020)\games\30500400_FXQ\GameCode\Client\release\mt.command.1.tlog
G:\1.D平台产品库【测试】版本\D_Platform(x64 NVersion3.020)\games\30500400_FXQ\GameCode\Client\release\mt.read.1.tlog
G:\1.D平台产品库【测试】版本\D_Platform(x64 NVersion3.020)\games\30500400_FXQ\GameCode\Client\release\mt.write.1.tlog
G:\1.D平台产品库【测试】版本\D_PLATFORM(X64 NVERSION3.020)\GAMES\30500400_FXQ\GAMECODE\CLIENT\RELEASE\NEWGAMECLIENT.OBJ
G:\1.D平台产品库【测试】版本\D_PLATFORM(X64 NVERSION3.020)\GAMES\30500400_FXQ\GAMECODE\CLIENT\RELEASE\PLANEMOVEANI.OBJ
G:\1.D平台产品库【测试】版本\D_Platform(x64 NVersion3.020)\games\30500400_FXQ\GameCode\Client\release\rc.command.1.tlog
G:\1.D平台产品库【测试】版本\D_Platform(x64 NVersion3.020)\games\30500400_FXQ\GameCode\Client\release\rc.read.1.tlog
G:\1.D平台产品库【测试】版本\D_Platform(x64 NVersion3.020)\games\30500400_FXQ\GameCode\Client\release\rc.write.1.tlog
G:\1.D平台产品库【测试】版本\D_PLATFORM(X64 NVERSION3.020)\GAMES\30500400_FXQ\GAMECODE\CLIENT\RELEASE\STDAFX.OBJ
G:\1.D平台产品库【测试】版本\D_PLATFORM(X64 NVERSION3.020)\GAMES\30500400_FXQ\GAMECODE\CLIENT\RELEASE\UPGRADELOGIC.OBJ
G:\1.D平台产品库【测试】版本\D_PLATFORM(X64 NVERSION3.020)\GAMES\30500400_FXQ\GAMECODE\CLIENT\RELEASE\VC100.PDB
G:\1.D平台产品库【测试】版本\D_PLATFORM(X64 NVERSION3.020)\RUN\CLIENT\RELEASE\30500400\30500400.ICO
Release\client.pdb
