G:\1.D平台产品库【测试】版本\D_PLATFORM(X64 NVERSION3.020)\PLATFORM\SERVER\AFCCOMEX\RELEASE\AFCCOMDLLEX.COD
G:\1.D平台产品库【测试】版本\D_PLATFORM(X64 NVERSION3.020)\PLATFORM\SERVER\AFCCOMEX\RELEASE\AFCCOMDLLEX.OBJ
G:\1.D平台产品库【测试】版本\D_PLATFORM(X64 NVERSION3.020)\PLATFORM\SERVER\AFCCOMEX\RELEASE\AFCCOMDLLEX.RES
G:\1.D平台产品库【测试】版本\D_PLATFORM(X64 NVERSION3.020)\PLATFORM\SERVER\AFCCOMEX\RELEASE\AFCCOMEX.DLL.INTERMEDIATE.MANIFEST
G:\1.D平台产品库【测试】版本\D_PLATFORM(X64 NVERSION3.020)\PLATFORM\SERVER\AFCCOMEX\RELEASE\AFCCOMEX.PCH
G:\1.D平台产品库【测试】版本\D_PLATFORM(X64 NVERSION3.020)\PLATFORM\SERVER\AFCCOMEX\RELEASE\AFCCOMEX.PDB
G:\1.D平台产品库【测试】版本\D_Platform(x64 NVersion3.020)\PlatForm\Server\AFCComEx\Release\AFCComEx.write.1.tlog
G:\1.D平台产品库【测试】版本\D_PLATFORM(X64 NVERSION3.020)\PLATFORM\SERVER\AFCCOMEX\RELEASE\AFCDATABASE.COD
G:\1.D平台产品库【测试】版本\D_PLATFORM(X64 NVERSION3.020)\PLATFORM\SERVER\AFCCOMEX\RELEASE\AFCDATABASE.OBJ
G:\1.D平台产品库【测试】版本\D_PLATFORM(X64 NVERSION3.020)\PLATFORM\SERVER\AFCCOMEX\RELEASE\AFCEXCEPTION.COD
G:\1.D平台产品库【测试】版本\D_PLATFORM(X64 NVERSION3.020)\PLATFORM\SERVER\AFCCOMEX\RELEASE\AFCEXCEPTION.OBJ
G:\1.D平台产品库【测试】版本\D_PLATFORM(X64 NVERSION3.020)\PLATFORM\SERVER\AFCCOMEX\RELEASE\AFCLOCK.COD
G:\1.D平台产品库【测试】版本\D_PLATFORM(X64 NVERSION3.020)\PLATFORM\SERVER\AFCCOMEX\RELEASE\AFCLOCK.OBJ
G:\1.D平台产品库【测试】版本\D_PLATFORM(X64 NVERSION3.020)\PLATFORM\SERVER\AFCCOMEX\RELEASE\AFCSOCKET.COD
G:\1.D平台产品库【测试】版本\D_PLATFORM(X64 NVERSION3.020)\PLATFORM\SERVER\AFCCOMEX\RELEASE\AFCSOCKET.OBJ
G:\1.D平台产品库【测试】版本\D_Platform(x64 NVersion3.020)\PlatForm\Server\AFCComEx\Release\cl.command.1.tlog
G:\1.D平台产品库【测试】版本\D_Platform(x64 NVersion3.020)\PlatForm\Server\AFCComEx\Release\CL.read.1.tlog
G:\1.D平台产品库【测试】版本\D_Platform(x64 NVersion3.020)\PlatForm\Server\AFCComEx\Release\CL.write.1.tlog
G:\1.D平台产品库【测试】版本\D_PLATFORM(X64 NVERSION3.020)\PLATFORM\SERVER\AFCCOMEX\RELEASE\DATALINE.COD
G:\1.D平台产品库【测试】版本\D_PLATFORM(X64 NVERSION3.020)\PLATFORM\SERVER\AFCCOMEX\RELEASE\DATALINE.OBJ
G:\1.D平台产品库【测试】版本\D_Platform(x64 NVersion3.020)\PlatForm\Server\AFCComEx\Release\link.command.1.tlog
G:\1.D平台产品库【测试】版本\D_Platform(x64 NVersion3.020)\PlatForm\Server\AFCComEx\Release\link.read.1.tlog
G:\1.D平台产品库【测试】版本\D_Platform(x64 NVersion3.020)\PlatForm\Server\AFCComEx\Release\link.write.1.tlog
G:\1.D平台产品库【测试】版本\D_Platform(x64 NVersion3.020)\PlatForm\Server\AFCComEx\Release\link-cvtres.read.1.tlog
G:\1.D平台产品库【测试】版本\D_Platform(x64 NVersion3.020)\PlatForm\Server\AFCComEx\Release\link-cvtres.write.1.tlog
G:\1.D平台产品库【测试】版本\D_PLATFORM(X64 NVERSION3.020)\PLATFORM\SERVER\AFCCOMEX\RELEASE\MAINMANAGE.COD
G:\1.D平台产品库【测试】版本\D_PLATFORM(X64 NVERSION3.020)\PLATFORM\SERVER\AFCCOMEX\RELEASE\MAINMANAGE.OBJ
G:\1.D平台产品库【测试】版本\D_PLATFORM(X64 NVERSION3.020)\PLATFORM\SERVER\AFCCOMEX\RELEASE\MAINMANAGEFORZ.COD
G:\1.D平台产品库【测试】版本\D_PLATFORM(X64 NVERSION3.020)\PLATFORM\SERVER\AFCCOMEX\RELEASE\MAINMANAGEFORZ.OBJ
G:\1.D平台产品库【测试】版本\D_PLATFORM(X64 NVERSION3.020)\PLATFORM\SERVER\AFCCOMEX\RELEASE\MD5.COD
G:\1.D平台产品库【测试】版本\D_PLATFORM(X64 NVERSION3.020)\PLATFORM\SERVER\AFCCOMEX\RELEASE\MD5.OBJ
G:\1.D平台产品库【测试】版本\D_Platform(x64 NVersion3.020)\PlatForm\Server\AFCComEx\Release\mt.command.1.tlog
G:\1.D平台产品库【测试】版本\D_Platform(x64 NVersion3.020)\PlatForm\Server\AFCComEx\Release\mt.read.1.tlog
G:\1.D平台产品库【测试】版本\D_Platform(x64 NVersion3.020)\PlatForm\Server\AFCComEx\Release\mt.write.1.tlog
G:\1.D平台产品库【测试】版本\D_PLATFORM(X64 NVERSION3.020)\PLATFORM\SERVER\AFCCOMEX\RELEASE\PROCESSMANAGE.COD
G:\1.D平台产品库【测试】版本\D_PLATFORM(X64 NVERSION3.020)\PLATFORM\SERVER\AFCCOMEX\RELEASE\PROCESSMANAGE.OBJ
G:\1.D平台产品库【测试】版本\D_Platform(x64 NVersion3.020)\PlatForm\Server\AFCComEx\Release\rc.command.1.tlog
G:\1.D平台产品库【测试】版本\D_Platform(x64 NVersion3.020)\PlatForm\Server\AFCComEx\Release\rc.read.1.tlog
G:\1.D平台产品库【测试】版本\D_Platform(x64 NVersion3.020)\PlatForm\Server\AFCComEx\Release\rc.write.1.tlog
G:\1.D平台产品库【测试】版本\D_PLATFORM(X64 NVERSION3.020)\PLATFORM\SERVER\AFCCOMEX\RELEASE\SOCKETINIT.COD
G:\1.D平台产品库【测试】版本\D_PLATFORM(X64 NVERSION3.020)\PLATFORM\SERVER\AFCCOMEX\RELEASE\SOCKETINIT.OBJ
G:\1.D平台产品库【测试】版本\D_PLATFORM(X64 NVERSION3.020)\PLATFORM\SERVER\AFCCOMEX\RELEASE\STDAFX.COD
G:\1.D平台产品库【测试】版本\D_PLATFORM(X64 NVERSION3.020)\PLATFORM\SERVER\AFCCOMEX\RELEASE\STDAFX.OBJ
G:\1.D平台产品库【测试】版本\D_PLATFORM(X64 NVERSION3.020)\PLATFORM\SERVER\AFCCOMEX\RELEASE\VC100.PDB
G:\1.D平台产品库【测试】版本\D_PLATFORM(X64 NVERSION3.020)\PLATFORM\SERVER\AFCCOMEX\RELEASE\WRITELOG.COD
G:\1.D平台产品库【测试】版本\D_PLATFORM(X64 NVERSION3.020)\PLATFORM\SERVER\AFCCOMEX\RELEASE\WRITELOG.OBJ
G:\1.D平台产品库【测试】版本\D_PLATFORM(X64 NVERSION3.020)\RUN\SERVER\RELEASE\AFCCOMDLLEX.DLL
G:\1.D平台产品库【测试】版本\D_PLATFORM(X64 NVERSION3.020)\RUN\SERVER\RELEASE\AFCCOMDLLEX.MAP
G:\1.D平台产品库【测试】版本\D_Platform(x64 NVersion3.020)\sdk\lib\Server\AFCComDllEx.exp
G:\1.D平台产品库【测试】版本\D_Platform(x64 NVersion3.020)\sdk\lib\Server\AFCComDllEx.lib
