生成启动时间为 2012-11-13 19:57:01。
     1>项目“G:\1.D平台产品库【测试】版本\D_Platform(x64 NVersion3.020)\PlatForm\Server\WServer\AFCLoader.vcxproj”在节点 2 上(build 个目标)。
     1>InitializeBuildStatus:
         正在创建“Release\WServer.unsuccessfulbuild”，因为已指定“AlwaysCreate”。
       ClCompile:
         e:\Program Files\Microsoft Visual Studio 10.0\VC\bin\CL.exe /c /I..\..\..\sdk\include\ServerCommon /I..\..\..\sdk\include\Common /ZI /nologo /W3 /WX- /Od /Oy /D WIN32 /D _WINDOWS /D NDEBUG /D BZ_NLICENSE /D _VC80_UPGRADE=0x0710 /D _MBCS /D _AFXDLL /GF /Gm- /EHsc /MD /GS /Gy /fp:precise /Zc:wchar_t /Zc:forScope /Yc"StdAfx.h" /Fp"Release\WServer.pch" /FAcs /Fa"Release\\" /Fo"Release\\" /Fd"Release\vc100.pdb" /Gd /TP /analyze- /errorReport:prompt stdafx.cpp
         stdafx.cpp
         e:\Program Files\Microsoft Visual Studio 10.0\VC\bin\CL.exe /c /I..\..\..\sdk\include\ServerCommon /I..\..\..\sdk\include\Common /ZI /nologo /W3 /WX- /Od /Oy /D WIN32 /D _WINDOWS /D NDEBUG /D BZ_NLICENSE /D _VC80_UPGRADE=0x0710 /D _MBCS /D _AFXDLL /GF /Gm- /EHsc /MD /GS /Gy /fp:precise /Zc:wchar_t /Zc:forScope /Yu"StdAfx.h" /Fp"Release\WServer.pch" /FAcs /Fa"Release\\" /Fo"Release\\" /Fd"Release\vc100.pdb" /Gd /TP /analyze- /errorReport:prompt AddRoomDialog.cpp AFCLoader.cpp ChildView.cpp GameSelect.cpp GameSelectData.cpp MainFrm.cpp RegKeyDlg.cpp ServiceControl.cpp ServiceManage.cpp SetupDialog.cpp TrayIcon.cpp
         AddRoomDialog.cpp
         AFCLoader.cpp
         ChildView.cpp
         GameSelect.cpp
     1>g:\1.d平台产品库【测试】版本\d_platform(x64 nversion3.020)\platform\server\wserver\gameselect.cpp(97): warning C4018: “<”: 有符号/无符号不匹配
     1>g:\1.d平台产品库【测试】版本\d_platform(x64 nversion3.020)\platform\server\wserver\gameselect.cpp(101): warning C4996: 'itoa': The POSIX name for this item is deprecated. Instead, use the ISO C++ conformant name: _itoa. See online help for details.
                 e:\program files\microsoft visual studio 10.0\vc\include\stdlib.h(867) : 参见“itoa”的声明
     1>g:\1.d平台产品库【测试】版本\d_platform(x64 nversion3.020)\platform\server\wserver\gameselect.cpp(118): warning C4018: “<”: 有符号/无符号不匹配
     1>g:\1.d平台产品库【测试】版本\d_platform(x64 nversion3.020)\platform\server\wserver\gameselect.cpp(122): warning C4996: 'itoa': The POSIX name for this item is deprecated. Instead, use the ISO C++ conformant name: _itoa. See online help for details.
                 e:\program files\microsoft visual studio 10.0\vc\include\stdlib.h(867) : 参见“itoa”的声明
         GameSelectData.cpp
         MainFrm.cpp
         RegKeyDlg.cpp
         ServiceControl.cpp
     1>g:\1.d平台产品库【测试】版本\d_platform(x64 nversion3.020)\platform\server\wserver\servicecontrol.cpp(321): warning C4996: 'strcpy': This function or variable may be unsafe. Consider using strcpy_s instead. To disable deprecation, use _CRT_SECURE_NO_WARNINGS. See online help for details.
                 e:\program files\microsoft visual studio 10.0\vc\include\string.h(105) : 参见“strcpy”的声明
     1>g:\1.d平台产品库【测试】版本\d_platform(x64 nversion3.020)\platform\server\wserver\servicecontrol.cpp(580): warning C4996: 'strcpy': This function or variable may be unsafe. Consider using strcpy_s instead. To disable deprecation, use _CRT_SECURE_NO_WARNINGS. See online help for details.
                 e:\program files\microsoft visual studio 10.0\vc\include\string.h(105) : 参见“strcpy”的声明
         ServiceManage.cpp
     1>g:\1.d平台产品库【测试】版本\d_platform(x64 nversion3.020)\sdk\include\common\commonuse.h(254): warning C4996: 'sprintf': This function or variable may be unsafe. Consider using sprintf_s instead. To disable deprecation, use _CRT_SECURE_NO_WARNINGS. See online help for details.
                 e:\program files\microsoft visual studio 10.0\vc\include\stdio.h(371) : 参见“sprintf”的声明
     1>g:\1.d平台产品库【测试】版本\d_platform(x64 nversion3.020)\sdk\include\common\commonuse.h(314): warning C4996: 'strcpy': This function or variable may be unsafe. Consider using strcpy_s instead. To disable deprecation, use _CRT_SECURE_NO_WARNINGS. See online help for details.
                 e:\program files\microsoft visual studio 10.0\vc\include\string.h(105) : 参见“strcpy”的声明
     1>g:\1.d平台产品库【测试】版本\d_platform(x64 nversion3.020)\sdk\include\common\commonuse.h(491): warning C4996: 'sprintf': This function or variable may be unsafe. Consider using sprintf_s instead. To disable deprecation, use _CRT_SECURE_NO_WARNINGS. See online help for details.
                 e:\program files\microsoft visual studio 10.0\vc\include\stdio.h(371) : 参见“sprintf”的声明
     1>g:\1.d平台产品库【测试】版本\d_platform(x64 nversion3.020)\sdk\include\common\commonuse.h(876): warning C4996: 'mkdir': The POSIX name for this item is deprecated. Instead, use the ISO C++ conformant name: _mkdir. See online help for details.
                 e:\program files\microsoft visual studio 10.0\vc\include\direct.h(124) : 参见“mkdir”的声明
     1>g:\1.d平台产品库【测试】版本\d_platform(x64 nversion3.020)\sdk\include\common\commonuse.h(881): warning C4996: 'fopen': This function or variable may be unsafe. Consider using fopen_s instead. To disable deprecation, use _CRT_SECURE_NO_WARNINGS. See online help for details.
                 e:\program files\microsoft visual studio 10.0\vc\include\stdio.h(234) : 参见“fopen”的声明
     1>g:\1.d平台产品库【测试】版本\d_platform(x64 nversion3.020)\platform\server\wserver\servicemanage.cpp(47): warning C4800: “BOOL”: 将值强制为布尔值“true”或“false”(性能警告)
     1>g:\1.d平台产品库【测试】版本\d_platform(x64 nversion3.020)\platform\server\wserver\servicemanage.cpp(104): warning C4996: 'strcpy': This function or variable may be unsafe. Consider using strcpy_s instead. To disable deprecation, use _CRT_SECURE_NO_WARNINGS. See online help for details.
                 e:\program files\microsoft visual studio 10.0\vc\include\string.h(105) : 参见“strcpy”的声明
     1>g:\1.d平台产品库【测试】版本\d_platform(x64 nversion3.020)\platform\server\wserver\servicemanage.cpp(142): warning C4996: 'strcpy': This function or variable may be unsafe. Consider using strcpy_s instead. To disable deprecation, use _CRT_SECURE_NO_WARNINGS. See online help for details.
                 e:\program files\microsoft visual studio 10.0\vc\include\string.h(105) : 参见“strcpy”的声明
     1>g:\1.d平台产品库【测试】版本\d_platform(x64 nversion3.020)\platform\server\wserver\servicemanage.cpp(431): warning C4996: 'ltoa': The POSIX name for this item is deprecated. Instead, use the ISO C++ conformant name: _ltoa. See online help for details.
                 e:\program files\microsoft visual studio 10.0\vc\include\stdlib.h(868) : 参见“ltoa”的声明
     1>g:\1.d平台产品库【测试】版本\d_platform(x64 nversion3.020)\platform\server\wserver\servicemanage.cpp(443): warning C4996: 'ltoa': The POSIX name for this item is deprecated. Instead, use the ISO C++ conformant name: _ltoa. See online help for details.
                 e:\program files\microsoft visual studio 10.0\vc\include\stdlib.h(868) : 参见“ltoa”的声明
     1>g:\1.d平台产品库【测试】版本\d_platform(x64 nversion3.020)\platform\server\wserver\servicemanage.cpp(444): warning C4996: 'ltoa': The POSIX name for this item is deprecated. Instead, use the ISO C++ conformant name: _ltoa. See online help for details.
                 e:\program files\microsoft visual studio 10.0\vc\include\stdlib.h(868) : 参见“ltoa”的声明
     1>g:\1.d平台产品库【测试】版本\d_platform(x64 nversion3.020)\platform\server\wserver\servicemanage.cpp(1042): warning C4996: 'sprintf': This function or variable may be unsafe. Consider using sprintf_s instead. To disable deprecation, use _CRT_SECURE_NO_WARNINGS. See online help for details.
                 e:\program files\microsoft visual studio 10.0\vc\include\stdio.h(371) : 参见“sprintf”的声明
     1>g:\1.d平台产品库【测试】版本\d_platform(x64 nversion3.020)\platform\server\wserver\servicemanage.cpp(1067): warning C4996: 'sscanf': This function or variable may be unsafe. Consider using sscanf_s instead. To disable deprecation, use _CRT_SECURE_NO_WARNINGS. See online help for details.
                 e:\program files\microsoft visual studio 10.0\vc\include\stdio.h(325) : 参见“sscanf”的声明
     1>g:\1.d平台产品库【测试】版本\d_platform(x64 nversion3.020)\platform\server\wserver\servicemanage.cpp(1079): warning C4996: 'sscanf': This function or variable may be unsafe. Consider using sscanf_s instead. To disable deprecation, use _CRT_SECURE_NO_WARNINGS. See online help for details.
                 e:\program files\microsoft visual studio 10.0\vc\include\stdio.h(325) : 参见“sscanf”的声明
     1>g:\1.d平台产品库【测试】版本\d_platform(x64 nversion3.020)\platform\server\wserver\servicemanage.cpp(1108): warning C4996: 'sscanf': This function or variable may be unsafe. Consider using sscanf_s instead. To disable deprecation, use _CRT_SECURE_NO_WARNINGS. See online help for details.
                 e:\program files\microsoft visual studio 10.0\vc\include\stdio.h(325) : 参见“sscanf”的声明
     1>g:\1.d平台产品库【测试】版本\d_platform(x64 nversion3.020)\platform\server\wserver\servicemanage.cpp(1159): warning C4996: 'ltoa': The POSIX name for this item is deprecated. Instead, use the ISO C++ conformant name: _ltoa. See online help for details.
                 e:\program files\microsoft visual studio 10.0\vc\include\stdlib.h(868) : 参见“ltoa”的声明
     1>g:\1.d平台产品库【测试】版本\d_platform(x64 nversion3.020)\platform\server\wserver\servicemanage.cpp(1166): warning C4996: '_ltoa': This function or variable may be unsafe. Consider using _ltoa_s instead. To disable deprecation, use _CRT_SECURE_NO_WARNINGS. See online help for details.
                 e:\program files\microsoft visual studio 10.0\vc\include\stdlib.h(487) : 参见“_ltoa”的声明
     1>g:\1.d平台产品库【测试】版本\d_platform(x64 nversion3.020)\platform\server\wserver\servicemanage.cpp(1167): warning C4996: '_ltoa': This function or variable may be unsafe. Consider using _ltoa_s instead. To disable deprecation, use _CRT_SECURE_NO_WARNINGS. See online help for details.
                 e:\program files\microsoft visual studio 10.0\vc\include\stdlib.h(487) : 参见“_ltoa”的声明
     1>g:\1.d平台产品库【测试】版本\d_platform(x64 nversion3.020)\platform\server\wserver\servicemanage.cpp(1169): warning C4996: 'ltoa': The POSIX name for this item is deprecated. Instead, use the ISO C++ conformant name: _ltoa. See online help for details.
                 e:\program files\microsoft visual studio 10.0\vc\include\stdlib.h(868) : 参见“ltoa”的声明
     1>g:\1.d平台产品库【测试】版本\d_platform(x64 nversion3.020)\platform\server\wserver\servicemanage.cpp(1170): warning C4996: 'ltoa': The POSIX name for this item is deprecated. Instead, use the ISO C++ conformant name: _ltoa. See online help for details.
                 e:\program files\microsoft visual studio 10.0\vc\include\stdlib.h(868) : 参见“ltoa”的声明
     1>g:\1.d平台产品库【测试】版本\d_platform(x64 nversion3.020)\platform\server\wserver\servicemanage.cpp(1171): warning C4996: 'ltoa': The POSIX name for this item is deprecated. Instead, use the ISO C++ conformant name: _ltoa. See online help for details.
                 e:\program files\microsoft visual studio 10.0\vc\include\stdlib.h(868) : 参见“ltoa”的声明
     1>g:\1.d平台产品库【测试】版本\d_platform(x64 nversion3.020)\platform\server\wserver\servicemanage.cpp(1172): warning C4996: 'ltoa': The POSIX name for this item is deprecated. Instead, use the ISO C++ conformant name: _ltoa. See online help for details.
                 e:\program files\microsoft visual studio 10.0\vc\include\stdlib.h(868) : 参见“ltoa”的声明
     1>g:\1.d平台产品库【测试】版本\d_platform(x64 nversion3.020)\platform\server\wserver\servicemanage.cpp(1173): warning C4996: 'ltoa': The POSIX name for this item is deprecated. Instead, use the ISO C++ conformant name: _ltoa. See online help for details.
                 e:\program files\microsoft visual studio 10.0\vc\include\stdlib.h(868) : 参见“ltoa”的声明
     1>g:\1.d平台产品库【测试】版本\d_platform(x64 nversion3.020)\platform\server\wserver\servicemanage.cpp(1174): warning C4996: 'ltoa': The POSIX name for this item is deprecated. Instead, use the ISO C++ conformant name: _ltoa. See online help for details.
                 e:\program files\microsoft visual studio 10.0\vc\include\stdlib.h(868) : 参见“ltoa”的声明
     1>g:\1.d平台产品库【测试】版本\d_platform(x64 nversion3.020)\platform\server\wserver\servicemanage.cpp(1175): warning C4996: 'ltoa': The POSIX name for this item is deprecated. Instead, use the ISO C++ conformant name: _ltoa. See online help for details.
                 e:\program files\microsoft visual studio 10.0\vc\include\stdlib.h(868) : 参见“ltoa”的声明
     1>g:\1.d平台产品库【测试】版本\d_platform(x64 nversion3.020)\platform\server\wserver\servicemanage.cpp(1176): warning C4996: 'ltoa': The POSIX name for this item is deprecated. Instead, use the ISO C++ conformant name: _ltoa. See online help for details.
                 e:\program files\microsoft visual studio 10.0\vc\include\stdlib.h(868) : 参见“ltoa”的声明
     1>g:\1.d平台产品库【测试】版本\d_platform(x64 nversion3.020)\platform\server\wserver\servicemanage.cpp(1177): warning C4996: 'ltoa': The POSIX name for this item is deprecated. Instead, use the ISO C++ conformant name: _ltoa. See online help for details.
                 e:\program files\microsoft visual studio 10.0\vc\include\stdlib.h(868) : 参见“ltoa”的声明
     1>g:\1.d平台产品库【测试】版本\d_platform(x64 nversion3.020)\platform\server\wserver\servicemanage.cpp(1181): warning C4996: 'ltoa': The POSIX name for this item is deprecated. Instead, use the ISO C++ conformant name: _ltoa. See online help for details.
                 e:\program files\microsoft visual studio 10.0\vc\include\stdlib.h(868) : 参见“ltoa”的声明
     1>g:\1.d平台产品库【测试】版本\d_platform(x64 nversion3.020)\platform\server\wserver\servicemanage.cpp(1182): warning C4996: 'ltoa': The POSIX name for this item is deprecated. Instead, use the ISO C++ conformant name: _ltoa. See online help for details.
                 e:\program files\microsoft visual studio 10.0\vc\include\stdlib.h(868) : 参见“ltoa”的声明
     1>g:\1.d平台产品库【测试】版本\d_platform(x64 nversion3.020)\platform\server\wserver\servicemanage.cpp(1187): warning C4996: 'ltoa': The POSIX name for this item is deprecated. Instead, use the ISO C++ conformant name: _ltoa. See online help for details.
                 e:\program files\microsoft visual studio 10.0\vc\include\stdlib.h(868) : 参见“ltoa”的声明
     1>g:\1.d平台产品库【测试】版本\d_platform(x64 nversion3.020)\platform\server\wserver\servicemanage.cpp(1188): warning C4996: 'ltoa': The POSIX name for this item is deprecated. Instead, use the ISO C++ conformant name: _ltoa. See online help for details.
                 e:\program files\microsoft visual studio 10.0\vc\include\stdlib.h(868) : 参见“ltoa”的声明
     1>g:\1.d平台产品库【测试】版本\d_platform(x64 nversion3.020)\platform\server\wserver\servicemanage.cpp(1191): warning C4996: 'ltoa': The POSIX name for this item is deprecated. Instead, use the ISO C++ conformant name: _ltoa. See online help for details.
                 e:\program files\microsoft visual studio 10.0\vc\include\stdlib.h(868) : 参见“ltoa”的声明
     1>g:\1.d平台产品库【测试】版本\d_platform(x64 nversion3.020)\platform\server\wserver\servicemanage.cpp(1196): warning C4996: 'ltoa': The POSIX name for this item is deprecated. Instead, use the ISO C++ conformant name: _ltoa. See online help for details.
                 e:\program files\microsoft visual studio 10.0\vc\include\stdlib.h(868) : 参见“ltoa”的声明
     1>g:\1.d平台产品库【测试】版本\d_platform(x64 nversion3.020)\platform\server\wserver\servicemanage.cpp(1198): warning C4996: 'ltoa': The POSIX name for this item is deprecated. Instead, use the ISO C++ conformant name: _ltoa. See online help for details.
                 e:\program files\microsoft visual studio 10.0\vc\include\stdlib.h(868) : 参见“ltoa”的声明
     1>g:\1.d平台产品库【测试】版本\d_platform(x64 nversion3.020)\platform\server\wserver\servicemanage.cpp(1302): warning C4996: 'ltoa': The POSIX name for this item is deprecated. Instead, use the ISO C++ conformant name: _ltoa. See online help for details.
                 e:\program files\microsoft visual studio 10.0\vc\include\stdlib.h(868) : 参见“ltoa”的声明
         SetupDialog.cpp
         TrayIcon.cpp
         正在生成代码...
     1>g:\1.d平台产品库【测试】版本\d_platform(x64 nversion3.020)\platform\server\wserver\servicemanage.cpp(1139): warning C4715: “CServiceManage::GetRoomListInfo”: 不是所有的控件路径都返回值
       ResourceCompile:
         C:\Program Files\Microsoft SDKs\Windows\v7.0A\bin\rc.exe /D NDEBUG /D _VC80_UPGRADE=0x0710 /D _AFXDLL /l"0x0409" /IRelease\ /nologo /fo"Release\AFCLoader.res" AFCLoader.rc 
     1>e:\Program Files\Microsoft Visual Studio 10.0\VC\atlmfc\include\afxres.h(32): warning RC4005: 'IDR_MANIFEST' : redefinition
         
     1>C:\Program Files\MSBuild\Microsoft.Cpp\v4.0\Microsoft.CppBuild.targets(990,5): warning MSB8012: TargetPath(G:\1.D平台产品库【测试】版本\D_Platform(x64 NVersion3.020)\PlatForm\Server\WServer\Release\WServer.exe) 与 Linker 的 OutputFile 属性值(G:\1.D平台产品库【测试】版本\D_Platform(x64 NVersion3.020)\run\Server\release\WServer.exe)不匹配。这可能导致项目生成不正确。若要更正此问题，请确保 $(OutDir)、$(TargetName) 和 $(TargetExt) 属性值与 %(Link.OutputFile) 中指定的值匹配。
       Link:
         e:\Program Files\Microsoft Visual Studio 10.0\VC\bin\link.exe /ERRORREPORT:PROMPT /OUT:"..\..\..\run\Server\release\WServer.exe" /INCREMENTAL:NO /NOLOGO /LIBPATH:..\..\..\sdk\lib\Server /LIBPATH:..\..\..\sdk\lib\Common AFCComDllEx.lib wCore2.lib SQLEngine.lib cfgEngine.lib GameManage.lib /MANIFEST /ManifestFile:"Release\WServer.exe.intermediate.manifest" /MANIFESTUAC:"level='asInvoker' uiAccess='false'" /DEBUG /PDB:"G:\1.D平台产品库【测试】版本\D_Platform(x64 NVersion3.020)\PlatForm\Server\WServer\Release\WServer.pdb" /MAP /SUBSYSTEM:WINDOWS /OPT:REF /OPT:ICF /TLBID:1 /DYNAMICBASE /NXCOMPAT /IMPLIB:"Release\WServer.lib" /MACHINE:X86 Release\AFCLoader.res
         Release\AddRoomDialog.obj
         Release\AFCLoader.obj
         Release\ChildView.obj
         Release\GameSelect.obj
         Release\GameSelectData.obj
         Release\MainFrm.obj
         Release\RegKeyDlg.obj
         Release\ServiceControl.obj
         Release\ServiceManage.obj
         Release\SetupDialog.obj
         Release\stdafx.obj
         Release\TrayIcon.obj
         "G:\1.D平台产品库【测试】版本\D_Platform(x64 NVersion3.020)\sdk\lib\Server\AFCComDllEx.lib"
         "G:\1.D平台产品库【测试】版本\D_Platform(x64 NVersion3.020)\sdk\lib\Server\GameManage.lib"
         "G:\1.D平台产品库【测试】版本\D_Platform(x64 NVersion3.020)\SDK\lib\Server\TalkMessageFilter.lib"
     1>AddRoomDialog.obj : warning LNK4075: 忽略“/EDITANDCONTINUE”(由于“/OPT:ICF”规范)
         wCore2.lib(wCore2.obj) : 找到 MSIL .netmodule 或使用 /GL 编译的模块；正在使用 /LTCG 重新启动链接；将 /LTCG 添加到链接命令行以改进链接器性能
     1>AddRoomDialog.obj : warning LNK4075: 忽略“/EDITANDCONTINUE”(由于“/OPT:ICF”规范)
         正在生成代码
         已完成代码的生成
     1>wCore2.lib(wCore2.obj) : warning LNK4204: “G:\1.D平台产品库【测试】版本\D_Platform(x64 NVersion3.020)\PlatForm\Server\WServer\Release\vc100.pdb”缺少引用模块的调试信息；正在链接对象，如同没有调试信息一样
     1>wCore2.lib(stdafx.obj) : warning LNK4204: “G:\1.D平台产品库【测试】版本\D_Platform(x64 NVersion3.020)\PlatForm\Server\WServer\Release\vc100.pdb”缺少引用模块的调试信息；正在链接对象，如同没有调试信息一样
     1>wCore2.lib(Core.obj) : warning LNK4204: “G:\1.D平台产品库【测试】版本\D_Platform(x64 NVersion3.020)\PlatForm\Server\WServer\Release\vc100.pdb”缺少引用模块的调试信息；正在链接对象，如同没有调试信息一样
     1>wCore2.lib(ClientSocket.obj) : warning LNK4204: “G:\1.D平台产品库【测试】版本\D_Platform(x64 NVersion3.020)\PlatForm\Server\WServer\Release\vc100.pdb”缺少引用模块的调试信息；正在链接对象，如同没有调试信息一样
         AFCLoader.vcxproj -> G:\1.D平台产品库【测试】版本\D_Platform(x64 NVersion3.020)\PlatForm\Server\WServer\Release\WServer.exe
       Manifest:
         C:\Program Files\Microsoft SDKs\Windows\v7.0A\bin\mt.exe /nologo /verbose /outputresource:"..\..\..\run\Server\release\WServer.exe;#1" /manifest Release\WServer.exe.intermediate.manifest "e:\Program Files\Microsoft Visual Studio 10.0\VC\Include\Manifest\dpiaware.manifest"
       FinalizeBuildStatus:
         正在删除文件“Release\WServer.unsuccessfulbuild”。
         正在对“Release\WServer.lastbuildstate”执行 Touch 任务。
     1>已完成生成项目“G:\1.D平台产品库【测试】版本\D_Platform(x64 NVersion3.020)\PlatForm\Server\WServer\AFCLoader.vcxproj”(build 个目标)的操作。

生成成功。

已用时间 00:00:12.51
