G:\1.D平台产品库【测试】版本\D_PLATFORM(X64 NVERSION3.020)\PLATFORM\SERVER\WSERVER\RELEASE\ADDROOMDIALOG.COD
G:\1.D平台产品库【测试】版本\D_PLATFORM(X64 NVERSION3.020)\PLATFORM\SERVER\WSERVER\RELEASE\ADDROOMDIALOG.OBJ
G:\1.D平台产品库【测试】版本\D_PLATFORM(X64 NVERSION3.020)\PLATFORM\SERVER\WSERVER\RELEASE\AFCLOADER.COD
G:\1.D平台产品库【测试】版本\D_PLATFORM(X64 NVERSION3.020)\PLATFORM\SERVER\WSERVER\RELEASE\AFCLOADER.OBJ
G:\1.D平台产品库【测试】版本\D_PLATFORM(X64 NVERSION3.020)\PLATFORM\SERVER\WSERVER\RELEASE\AFCLOADER.RES
G:\1.D平台产品库【测试】版本\D_PLATFORM(X64 NVERSION3.020)\PLATFORM\SERVER\WSERVER\RELEASE\CHILDVIEW.COD
G:\1.D平台产品库【测试】版本\D_PLATFORM(X64 NVERSION3.020)\PLATFORM\SERVER\WSERVER\RELEASE\CHILDVIEW.OBJ
G:\1.D平台产品库【测试】版本\D_Platform(x64 NVersion3.020)\PlatForm\Server\WServer\Release\cl.command.1.tlog
G:\1.D平台产品库【测试】版本\D_Platform(x64 NVersion3.020)\PlatForm\Server\WServer\Release\CL.read.1.tlog
G:\1.D平台产品库【测试】版本\D_Platform(x64 NVersion3.020)\PlatForm\Server\WServer\Release\CL.write.1.tlog
G:\1.D平台产品库【测试】版本\D_PLATFORM(X64 NVERSION3.020)\PLATFORM\SERVER\WSERVER\RELEASE\GAMESELECT.COD
G:\1.D平台产品库【测试】版本\D_PLATFORM(X64 NVERSION3.020)\PLATFORM\SERVER\WSERVER\RELEASE\GAMESELECT.OBJ
G:\1.D平台产品库【测试】版本\D_PLATFORM(X64 NVERSION3.020)\PLATFORM\SERVER\WSERVER\RELEASE\GAMESELECTDATA.COD
G:\1.D平台产品库【测试】版本\D_PLATFORM(X64 NVERSION3.020)\PLATFORM\SERVER\WSERVER\RELEASE\GAMESELECTDATA.OBJ
G:\1.D平台产品库【测试】版本\D_Platform(x64 NVersion3.020)\PlatForm\Server\WServer\Release\link.3588.read.1.tlog
G:\1.D平台产品库【测试】版本\D_Platform(x64 NVersion3.020)\PlatForm\Server\WServer\Release\link.3588.write.1.tlog
G:\1.D平台产品库【测试】版本\D_Platform(x64 NVersion3.020)\PlatForm\Server\WServer\Release\link.3588-cvtres.read.1.tlog
G:\1.D平台产品库【测试】版本\D_Platform(x64 NVersion3.020)\PlatForm\Server\WServer\Release\link.3588-cvtres.write.1.tlog
G:\1.D平台产品库【测试】版本\D_Platform(x64 NVersion3.020)\PlatForm\Server\WServer\Release\link.command.1.tlog
G:\1.D平台产品库【测试】版本\D_Platform(x64 NVersion3.020)\PlatForm\Server\WServer\Release\link.read.1.tlog
G:\1.D平台产品库【测试】版本\D_Platform(x64 NVersion3.020)\PlatForm\Server\WServer\Release\link.write.1.tlog
G:\1.D平台产品库【测试】版本\D_PLATFORM(X64 NVERSION3.020)\PLATFORM\SERVER\WSERVER\RELEASE\MAINFRM.COD
G:\1.D平台产品库【测试】版本\D_PLATFORM(X64 NVERSION3.020)\PLATFORM\SERVER\WSERVER\RELEASE\MAINFRM.OBJ
G:\1.D平台产品库【测试】版本\D_Platform(x64 NVersion3.020)\PlatForm\Server\WServer\Release\mt.command.1.tlog
G:\1.D平台产品库【测试】版本\D_Platform(x64 NVersion3.020)\PlatForm\Server\WServer\Release\mt.read.1.tlog
G:\1.D平台产品库【测试】版本\D_Platform(x64 NVersion3.020)\PlatForm\Server\WServer\Release\mt.write.1.tlog
G:\1.D平台产品库【测试】版本\D_Platform(x64 NVersion3.020)\PlatForm\Server\WServer\Release\rc.command.1.tlog
G:\1.D平台产品库【测试】版本\D_Platform(x64 NVersion3.020)\PlatForm\Server\WServer\Release\rc.read.1.tlog
G:\1.D平台产品库【测试】版本\D_Platform(x64 NVersion3.020)\PlatForm\Server\WServer\Release\rc.write.1.tlog
G:\1.D平台产品库【测试】版本\D_PLATFORM(X64 NVERSION3.020)\PLATFORM\SERVER\WSERVER\RELEASE\REGKEYDLG.COD
G:\1.D平台产品库【测试】版本\D_PLATFORM(X64 NVERSION3.020)\PLATFORM\SERVER\WSERVER\RELEASE\REGKEYDLG.OBJ
G:\1.D平台产品库【测试】版本\D_PLATFORM(X64 NVERSION3.020)\PLATFORM\SERVER\WSERVER\RELEASE\SERVICECONTROL.COD
G:\1.D平台产品库【测试】版本\D_PLATFORM(X64 NVERSION3.020)\PLATFORM\SERVER\WSERVER\RELEASE\SERVICECONTROL.OBJ
G:\1.D平台产品库【测试】版本\D_PLATFORM(X64 NVERSION3.020)\PLATFORM\SERVER\WSERVER\RELEASE\SERVICEMANAGE.COD
G:\1.D平台产品库【测试】版本\D_PLATFORM(X64 NVERSION3.020)\PLATFORM\SERVER\WSERVER\RELEASE\SERVICEMANAGE.OBJ
G:\1.D平台产品库【测试】版本\D_PLATFORM(X64 NVERSION3.020)\PLATFORM\SERVER\WSERVER\RELEASE\SETUPDIALOG.COD
G:\1.D平台产品库【测试】版本\D_PLATFORM(X64 NVERSION3.020)\PLATFORM\SERVER\WSERVER\RELEASE\SETUPDIALOG.OBJ
G:\1.D平台产品库【测试】版本\D_PLATFORM(X64 NVERSION3.020)\PLATFORM\SERVER\WSERVER\RELEASE\STDAFX.COD
G:\1.D平台产品库【测试】版本\D_PLATFORM(X64 NVERSION3.020)\PLATFORM\SERVER\WSERVER\RELEASE\STDAFX.OBJ
G:\1.D平台产品库【测试】版本\D_PLATFORM(X64 NVERSION3.020)\PLATFORM\SERVER\WSERVER\RELEASE\TRAYICON.COD
G:\1.D平台产品库【测试】版本\D_PLATFORM(X64 NVERSION3.020)\PLATFORM\SERVER\WSERVER\RELEASE\TRAYICON.OBJ
G:\1.D平台产品库【测试】版本\D_PLATFORM(X64 NVERSION3.020)\PLATFORM\SERVER\WSERVER\RELEASE\VC100.PDB
G:\1.D平台产品库【测试】版本\D_PLATFORM(X64 NVERSION3.020)\PLATFORM\SERVER\WSERVER\RELEASE\WSERVER.EXE.INTERMEDIATE.MANIFEST
G:\1.D平台产品库【测试】版本\D_PLATFORM(X64 NVERSION3.020)\PLATFORM\SERVER\WSERVER\RELEASE\WSERVER.PCH
G:\1.D平台产品库【测试】版本\D_PLATFORM(X64 NVERSION3.020)\PLATFORM\SERVER\WSERVER\RELEASE\WSERVER.PDB
G:\1.D平台产品库【测试】版本\D_Platform(x64 NVersion3.020)\PlatForm\Server\WServer\Release\WServer.write.1.tlog
G:\1.D平台产品库【测试】版本\D_PLATFORM(X64 NVERSION3.020)\RUN\SERVER\RELEASE\WSERVER.EXE
G:\1.D平台产品库【测试】版本\D_PLATFORM(X64 NVERSION3.020)\RUN\SERVER\RELEASE\WSERVER.MAP
