生成启动时间为 2012-11-14 9:00:14。
     1>项目“G:\1.D平台产品库【测试】版本\D_Platform(x64 NVersion3.020)\games\10306600.BBW诈金花\GameCode\Client\Client.vcxproj”在节点 2 上(build 个目标)。
     1>InitializeBuildStatus:
         正在创建“debug\Client.unsuccessfulbuild”，因为已指定“AlwaysCreate”。
       ClCompile:
         所有输出均为最新。
         e:\Program Files\Microsoft Visual Studio 10.0\VC\bin\CL.exe /c /I../../../../SDK/include/GameLaunchSDK /I../../../../sdk/include/NewGameFrame/Client /IirrKlang/ /Zi /nologo /W3 /WX- /O2 /Oy- /D WIN32 /D _WINDOWS /D NDEBUG /D _AFXEXT /D _VC80_UPGRADE=0x0710 /D _WINDLL /D _MBCS /D _AFXDLL /Gm- /EHsc /MD /GS /fp:precise /Zc:wchar_t /Zc:forScope /Yu"StdAfx.h" /Fp"debug\Client.pch" /Fo"debug\\" /Fd"debug\vc100.pdb" /Gd /TP /analyze- /errorReport:prompt NewGameClient.cpp
         NewGameClient.cpp
     1>g:\1.d平台产品库【测试】版本\d_platform(x64 nversion3.020)\games\10306600.bbw诈金花\gamecode\client\..\GameMessage\UpGradeLogic.h(76): warning C4996: '_vsnprintf': This function or variable may be unsafe. Consider using _vsnprintf_s instead. To disable deprecation, use _CRT_SECURE_NO_WARNINGS. See online help for details.
                 e:\Program Files\Microsoft Visual Studio 10.0\VC\include\stdio.h(363) : 参见“_vsnprintf”的声明
     1>g:\1.d平台产品库【测试】版本\d_platform(x64 nversion3.020)\games\10306600.bbw诈金花\gamecode\client\NewGameClient.h(290): warning C4244: “return”: 从“__int64”转换到“int”，可能丢失数据
     1>g:\1.d平台产品库【测试】版本\d_platform(x64 nversion3.020)\games\10306600.bbw诈金花\gamecode\client\resource.h(6): warning C4005: “IDD_THING”: 宏重定义
                 g:\1.d平台产品库【测试】版本\d_platform(x64 nversion3.020)\sdk\include\gamelaunchsdk\platform\Resource.h(32) : 参见“IDD_THING”的前一个定义
     1>g:\1.d平台产品库【测试】版本\d_platform(x64 nversion3.020)\games\10306600.bbw诈金花\gamecode\client\resource.h(8): warning C4005: “IDD_THING_MESSAGE”: 宏重定义
                 g:\1.d平台产品库【测试】版本\d_platform(x64 nversion3.020)\sdk\include\gamelaunchsdk\platform\Resource.h(40) : 参见“IDD_THING_MESSAGE”的前一个定义
     1>g:\1.d平台产品库【测试】版本\d_platform(x64 nversion3.020)\games\10306600.bbw诈金花\gamecode\client\resource.h(9): warning C4005: “IDD_GAME_END”: 宏重定义
                 g:\1.d平台产品库【测试】版本\d_platform(x64 nversion3.020)\sdk\include\gamelaunchsdk\platform\Resource.h(34) : 参见“IDD_GAME_END”的前一个定义
     1>g:\1.d平台产品库【测试】版本\d_platform(x64 nversion3.020)\games\10306600.bbw诈金花\gamecode\client\resource.h(17): warning C4005: “IDD_GAME_SET”: 宏重定义
                 g:\1.d平台产品库【测试】版本\d_platform(x64 nversion3.020)\sdk\include\gamelaunchsdk\platform\Resource.h(74) : 参见“IDD_GAME_SET”的前一个定义
     1>g:\1.d平台产品库【测试】版本\d_platform(x64 nversion3.020)\games\10306600.bbw诈金花\gamecode\client\resource.h(18): warning C4005: “IDC_BEGIN”: 宏重定义
                 g:\1.d平台产品库【测试】版本\d_platform(x64 nversion3.020)\sdk\include\gamelaunchsdk\platform\Resource.h(61) : 参见“IDC_BEGIN”的前一个定义
     1>g:\1.d平台产品库【测试】版本\d_platform(x64 nversion3.020)\games\10306600.bbw诈金花\gamecode\client\resource.h(20): warning C4005: “IDI_CLIENT_LIST”: 宏重定义
                 g:\1.d平台产品库【测试】版本\d_platform(x64 nversion3.020)\sdk\include\gamelaunchsdk\platform\Resource.h(18) : 参见“IDI_CLIENT_LIST”的前一个定义
     1>g:\1.d平台产品库【测试】版本\d_platform(x64 nversion3.020)\games\10306600.bbw诈金花\gamecode\client\resource.h(21): warning C4005: “IDI_CLIENT_ROOM”: 宏重定义
                 g:\1.d平台产品库【测试】版本\d_platform(x64 nversion3.020)\sdk\include\gamelaunchsdk\platform\Resource.h(20) : 参见“IDI_CLIENT_ROOM”的前一个定义
     1>g:\1.d平台产品库【测试】版本\d_platform(x64 nversion3.020)\games\10306600.bbw诈金花\gamecode\client\resource.h(24): warning C4005: “IDC_FOLLOW”: 宏重定义
                 g:\1.d平台产品库【测试】版本\d_platform(x64 nversion3.020)\sdk\include\gamelaunchsdk\platform\Resource.h(63) : 参见“IDC_FOLLOW”的前一个定义
     1>g:\1.d平台产品库【测试】版本\d_platform(x64 nversion3.020)\games\10306600.bbw诈金花\gamecode\client\resource.h(38): warning C4005: “IDC_EDIT1”: 宏重定义
                 g:\1.d平台产品库【测试】版本\d_platform(x64 nversion3.020)\sdk\include\gamelaunchsdk\platform\Resource.h(265) : 参见“IDC_EDIT1”的前一个定义
     1>g:\1.d平台产品库【测试】版本\d_platform(x64 nversion3.020)\games\10306600.bbw诈金花\gamecode\client\resource.h(39): warning C4005: “IDC_1”: 宏重定义
                 g:\1.d平台产品库【测试】版本\d_platform(x64 nversion3.020)\sdk\include\gamelaunchsdk\platform\Resource.h(44) : 参见“IDC_1”的前一个定义
     1>g:\1.d平台产品库【测试】版本\d_platform(x64 nversion3.020)\games\10306600.bbw诈金花\gamecode\client\resource.h(40): warning C4005: “IDC_LEFT_USER”: 宏重定义
                 g:\1.d平台产品库【测试】版本\d_platform(x64 nversion3.020)\sdk\include\gamelaunchsdk\platform\Resource.h(68) : 参见“IDC_LEFT_USER”的前一个定义
     1>g:\1.d平台产品库【测试】版本\d_platform(x64 nversion3.020)\games\10306600.bbw诈金花\gamecode\client\resource.h(42): warning C4005: “IDC_3”: 宏重定义
                 g:\1.d平台产品库【测试】版本\d_platform(x64 nversion3.020)\sdk\include\gamelaunchsdk\platform\Resource.h(49) : 参见“IDC_3”的前一个定义
     1>g:\1.d平台产品库【测试】版本\d_platform(x64 nversion3.020)\games\10306600.bbw诈金花\gamecode\client\resource.h(43): warning C4005: “IDC_LEAVE_MSG”: 宏重定义
                 g:\1.d平台产品库【测试】版本\d_platform(x64 nversion3.020)\sdk\include\gamelaunchsdk\platform\Resource.h(67) : 参见“IDC_LEAVE_MSG”的前一个定义
     1>g:\1.d平台产品库【测试】版本\d_platform(x64 nversion3.020)\games\10306600.bbw诈金花\gamecode\client\resource.h(44): warning C4005: “IDC_4”: 宏重定义
                 g:\1.d平台产品库【测试】版本\d_platform(x64 nversion3.020)\sdk\include\gamelaunchsdk\platform\Resource.h(52) : 参见“IDC_4”的前一个定义
     1>g:\1.d平台产品库【测试】版本\d_platform(x64 nversion3.020)\games\10306600.bbw诈金花\gamecode\client\resource.h(45): warning C4005: “IDC_2”: 宏重定义
                 g:\1.d平台产品库【测试】版本\d_platform(x64 nversion3.020)\sdk\include\gamelaunchsdk\platform\Resource.h(46) : 参见“IDC_2”的前一个定义
     1>g:\1.d平台产品库【测试】版本\d_platform(x64 nversion3.020)\games\10306600.bbw诈金花\gamecode\client\resource.h(51): warning C4005: “IDC_SOUND”: 宏重定义
                 g:\1.d平台产品库【测试】版本\d_platform(x64 nversion3.020)\sdk\include\gamelaunchsdk\platform\Resource.h(70) : 参见“IDC_SOUND”的前一个定义
     1>g:\1.d平台产品库【测试】版本\d_platform(x64 nversion3.020)\games\10306600.bbw诈金花\gamecode\client\resource.h(52): warning C4005: “IDC_WATCH”: 宏重定义
                 g:\1.d平台产品库【测试】版本\d_platform(x64 nversion3.020)\sdk\include\gamelaunchsdk\platform\Resource.h(73) : 参见“IDC_WATCH”的前一个定义
     1>g:\1.d平台产品库【测试】版本\d_platform(x64 nversion3.020)\games\10306600.bbw诈金花\gamecode\client\resource.h(53): warning C4005: “IDD_STOP”: 宏重定义
                 g:\1.d平台产品库【测试】版本\d_platform(x64 nversion3.020)\sdk\include\gamelaunchsdk\platform\Resource.h(39) : 参见“IDD_STOP”的前一个定义
     1>g:\1.d平台产品库【测试】版本\d_platform(x64 nversion3.020)\games\10306600.bbw诈金花\gamecode\client\resource.h(54): warning C4005: “IDC_USER_MESSAGE”: 宏重定义
                 g:\1.d平台产品库【测试】版本\d_platform(x64 nversion3.020)\sdk\include\gamelaunchsdk\platform\Resource.h(71) : 参见“IDC_USER_MESSAGE”的前一个定义
     1>g:\1.d平台产品库【测试】版本\d_platform(x64 nversion3.020)\games\10306600.bbw诈金花\gamecode\client\resource.h(55): warning C4005: “IDD_STOP_MESSAGE”: 宏重定义
                 g:\1.d平台产品库【测试】版本\d_platform(x64 nversion3.020)\sdk\include\gamelaunchsdk\platform\Resource.h(36) : 参见“IDD_STOP_MESSAGE”的前一个定义
     1>g:\1.d平台产品库【测试】版本\d_platform(x64 nversion3.020)\games\10306600.bbw诈金花\gamecode\client\resource.h(57): warning C4005: “IDC_RIGHT_POWER”: 宏重定义
                 g:\1.d平台产品库【测试】版本\d_platform(x64 nversion3.020)\sdk\include\gamelaunchsdk\platform\Resource.h(72) : 参见“IDC_RIGHT_POWER”的前一个定义
     1>g:\1.d平台产品库【测试】版本\d_platform(x64 nversion3.020)\games\10306600.bbw诈金花\gamecode\client\resource.h(60): warning C4005: “IDC_THING”: 宏重定义
                 g:\1.d平台产品库【测试】版本\d_platform(x64 nversion3.020)\sdk\include\gamelaunchsdk\platform\Resource.h(69) : 参见“IDC_THING”的前一个定义
     1>G:\1.D平台产品库【测试】版本\D_Platform(x64 NVersion3.020)\SDK\include\GameLaunchSDK\LoveSendClassInExe.h(688): warning C4996: 'strcpy': This function or variable may be unsafe. Consider using strcpy_s instead. To disable deprecation, use _CRT_SECURE_NO_WARNINGS. See online help for details.
                 e:\Program Files\Microsoft Visual Studio 10.0\VC\include\string.h(105) : 参见“strcpy”的声明
     1>NewGameClient.cpp(14): warning C4273: “CreateNewGameImpl”: dll 链接不一致
                 G:\1.D平台产品库【测试】版本\D_Platform(x64 NVersion3.020)\sdk\include\NewGameFrame\Client\IGameImpl.h(44) : 参见“CreateNewGameImpl”的前一个定义
     1>NewGameClient.cpp(18): warning C4273: “DestroyNewGameImpl”: dll 链接不一致
                 G:\1.D平台产品库【测试】版本\D_Platform(x64 NVersion3.020)\sdk\include\NewGameFrame\Client\IGameImpl.h(45) : 参见“DestroyNewGameImpl”的前一个定义
     1>NewGameClient.cpp(48): warning C4996: 'strcat': This function or variable may be unsafe. Consider using strcat_s instead. To disable deprecation, use _CRT_SECURE_NO_WARNINGS. See online help for details.
                 e:\Program Files\Microsoft Visual Studio 10.0\VC\include\string.h(110) : 参见“strcat”的声明
     1>NewGameClient.cpp(123): warning C4996: 'sprintf': This function or variable may be unsafe. Consider using sprintf_s instead. To disable deprecation, use _CRT_SECURE_NO_WARNINGS. See online help for details.
                 e:\Program Files\Microsoft Visual Studio 10.0\VC\include\stdio.h(371) : 参见“sprintf”的声明
     1>NewGameClient.cpp(152): warning C4996: 'strcat': This function or variable may be unsafe. Consider using strcat_s instead. To disable deprecation, use _CRT_SECURE_NO_WARNINGS. See online help for details.
                 e:\Program Files\Microsoft Visual Studio 10.0\VC\include\string.h(110) : 参见“strcat”的声明
     1>NewGameClient.cpp(152): warning C4996: 'sprintf': This function or variable may be unsafe. Consider using sprintf_s instead. To disable deprecation, use _CRT_SECURE_NO_WARNINGS. See online help for details.
                 e:\Program Files\Microsoft Visual Studio 10.0\VC\include\stdio.h(371) : 参见“sprintf”的声明
     1>NewGameClient.cpp(610): warning C4305: “参数”: 从“int”到“bool”截断
     1>NewGameClient.cpp(611): warning C4305: “参数”: 从“int”到“bool”截断
     1>NewGameClient.cpp(612): warning C4305: “参数”: 从“int”到“bool”截断
     1>NewGameClient.cpp(613): warning C4305: “参数”: 从“int”到“bool”截断
     1>NewGameClient.cpp(614): warning C4305: “参数”: 从“int”到“bool”截断
     1>NewGameClient.cpp(615): warning C4305: “参数”: 从“int”到“bool”截断
     1>NewGameClient.cpp(616): warning C4305: “参数”: 从“int”到“bool”截断
     1>NewGameClient.cpp(617): warning C4305: “参数”: 从“int”到“bool”截断
     1>NewGameClient.cpp(618): warning C4305: “参数”: 从“int”到“bool”截断
     1>NewGameClient.cpp(620): warning C4305: “参数”: 从“int”到“bool”截断
     1>NewGameClient.cpp(621): warning C4305: “参数”: 从“int”到“bool”截断
     1>NewGameClient.cpp(622): warning C4305: “参数”: 从“int”到“bool”截断
     1>NewGameClient.cpp(623): warning C4305: “参数”: 从“int”到“bool”截断
     1>NewGameClient.cpp(946): warning C4099: “IGameFrame”: 类型名称以前使用“class”现在使用的是“struct”
                 G:\1.D平台产品库【测试】版本\D_Platform(x64 NVersion3.020)\sdk\include\NewGameFrame\Client\IGameFrame.h(39) : 参见“IGameFrame”的声明
     1>NewGameClient.cpp(949): warning C4099: “CNewGameClient::HandleGameMessage::IGameFrame”: 类型名称以前使用“class”现在使用的是“struct”
                 NewGameClient.cpp(946) : 参见“CNewGameClient::HandleGameMessage::IGameFrame”的声明
     1>NewGameClient.cpp(1150): warning C4244: “=”: 从“__int64”转换到“int”，可能丢失数据
     1>NewGameClient.cpp(846): warning C4101: “szMessage”: 未引用的局部变量
     1>NewGameClient.cpp(1232): warning C4099: “IGameFrame”: 类型名称以前使用“class”现在使用的是“struct”
                 G:\1.D平台产品库【测试】版本\D_Platform(x64 NVersion3.020)\sdk\include\NewGameFrame\Client\IGameFrame.h(39) : 参见“IGameFrame”的声明
     1>NewGameClient.cpp(1236): warning C4099: “CNewGameClient::OnUIMessage::IGameFrame”: 类型名称以前使用“class”现在使用的是“struct”
                 NewGameClient.cpp(1232) : 参见“CNewGameClient::OnUIMessage::IGameFrame”的声明
     1>NewGameClient.cpp(1244): warning C4099: “CNewGameClient::OnUIMessage::IGameFrame”: 类型名称以前使用“class”现在使用的是“struct”
                 NewGameClient.cpp(1232) : 参见“CNewGameClient::OnUIMessage::IGameFrame”的声明
     1>NewGameClient.cpp(1270): warning C4099: “IGameFrame”: 类型名称以前使用“class”现在使用的是“struct”
                 G:\1.D平台产品库【测试】版本\D_Platform(x64 NVersion3.020)\sdk\include\NewGameFrame\Client\IGameFrame.h(39) : 参见“IGameFrame”的声明
     1>NewGameClient.cpp(1278): warning C4099: “CNewGameClient::OnUIMessage::IGameFrame”: 类型名称以前使用“class”现在使用的是“struct”
                 NewGameClient.cpp(1270) : 参见“CNewGameClient::OnUIMessage::IGameFrame”的声明
     1>NewGameClient.cpp(1293): warning C4099: “IGameFrame”: 类型名称以前使用“class”现在使用的是“struct”
                 G:\1.D平台产品库【测试】版本\D_Platform(x64 NVersion3.020)\sdk\include\NewGameFrame\Client\IGameFrame.h(39) : 参见“IGameFrame”的声明
     1>NewGameClient.cpp(1295): warning C4099: “CNewGameClient::OnUIMessage::IGameFrame”: 类型名称以前使用“class”现在使用的是“struct”
                 NewGameClient.cpp(1293) : 参见“CNewGameClient::OnUIMessage::IGameFrame”的声明
     1>NewGameClient.cpp(1303): warning C4099: “CNewGameClient::OnUIMessage::IGameFrame”: 类型名称以前使用“class”现在使用的是“struct”
                 NewGameClient.cpp(1293) : 参见“CNewGameClient::OnUIMessage::IGameFrame”的声明
     1>NewGameClient.cpp(1307): warning C4099: “CNewGameClient::OnUIMessage::IGameFrame”: 类型名称以前使用“class”现在使用的是“struct”
                 NewGameClient.cpp(1293) : 参见“CNewGameClient::OnUIMessage::IGameFrame”的声明
     1>NewGameClient.cpp(1315): warning C4099: “IGameFrame”: 类型名称以前使用“class”现在使用的是“struct”
                 G:\1.D平台产品库【测试】版本\D_Platform(x64 NVersion3.020)\sdk\include\NewGameFrame\Client\IGameFrame.h(39) : 参见“IGameFrame”的声明
     1>NewGameClient.cpp(1388): warning C4099: “IGameFrame”: 类型名称以前使用“class”现在使用的是“struct”
                 G:\1.D平台产品库【测试】版本\D_Platform(x64 NVersion3.020)\sdk\include\NewGameFrame\Client\IGameFrame.h(39) : 参见“IGameFrame”的声明
     1>NewGameClient.cpp(1390): warning C4099: “CNewGameClient::OnUIMessage::IGameFrame”: 类型名称以前使用“class”现在使用的是“struct”
                 NewGameClient.cpp(1388) : 参见“CNewGameClient::OnUIMessage::IGameFrame”的声明
     1>NewGameClient.cpp(1394): warning C4099: “CNewGameClient::OnUIMessage::IGameFrame”: 类型名称以前使用“class”现在使用的是“struct”
                 NewGameClient.cpp(1388) : 参见“CNewGameClient::OnUIMessage::IGameFrame”的声明
     1>NewGameClient.cpp(1410): warning C4099: “CNewGameClient::OnUIMessage::IGameFrame”: 类型名称以前使用“class”现在使用的是“struct”
                 NewGameClient.cpp(1388) : 参见“CNewGameClient::OnUIMessage::IGameFrame”的声明
     1>NewGameClient.cpp(1420): warning C4099: “CNewGameClient::OnUIMessage::IGameFrame”: 类型名称以前使用“class”现在使用的是“struct”
                 NewGameClient.cpp(1388) : 参见“CNewGameClient::OnUIMessage::IGameFrame”的声明
     1>NewGameClient.cpp(1498): warning C4099: “IGameFrame”: 类型名称以前使用“class”现在使用的是“struct”
                 G:\1.D平台产品库【测试】版本\D_Platform(x64 NVersion3.020)\sdk\include\NewGameFrame\Client\IGameFrame.h(39) : 参见“IGameFrame”的声明
     1>NewGameClient.cpp(1527): warning C4996: 'strcat': This function or variable may be unsafe. Consider using strcat_s instead. To disable deprecation, use _CRT_SECURE_NO_WARNINGS. See online help for details.
                 e:\Program Files\Microsoft Visual Studio 10.0\VC\include\string.h(110) : 参见“strcat”的声明
     1>NewGameClient.cpp(1527): warning C4996: 'sprintf': This function or variable may be unsafe. Consider using sprintf_s instead. To disable deprecation, use _CRT_SECURE_NO_WARNINGS. See online help for details.
                 e:\Program Files\Microsoft Visual Studio 10.0\VC\include\stdio.h(371) : 参见“sprintf”的声明
     1>NewGameClient.cpp(1560): warning C4996: 'strcat': This function or variable may be unsafe. Consider using strcat_s instead. To disable deprecation, use _CRT_SECURE_NO_WARNINGS. See online help for details.
                 e:\Program Files\Microsoft Visual Studio 10.0\VC\include\string.h(110) : 参见“strcat”的声明
     1>NewGameClient.cpp(1560): warning C4996: 'sprintf': This function or variable may be unsafe. Consider using sprintf_s instead. To disable deprecation, use _CRT_SECURE_NO_WARNINGS. See online help for details.
                 e:\Program Files\Microsoft Visual Studio 10.0\VC\include\stdio.h(371) : 参见“sprintf”的声明
     1>NewGameClient.cpp(1619): warning C4099: “IGameFrame”: 类型名称以前使用“class”现在使用的是“struct”
                 G:\1.D平台产品库【测试】版本\D_Platform(x64 NVersion3.020)\sdk\include\NewGameFrame\Client\IGameFrame.h(39) : 参见“IGameFrame”的声明
     1>NewGameClient.cpp(1623): warning C4800: “BOOL”: 将值强制为布尔值“true”或“false”(性能警告)
     1>NewGameClient.cpp(1641): warning C4099: “IGameFrame”: 类型名称以前使用“class”现在使用的是“struct”
                 G:\1.D平台产品库【测试】版本\D_Platform(x64 NVersion3.020)\sdk\include\NewGameFrame\Client\IGameFrame.h(39) : 参见“IGameFrame”的声明
     1>NewGameClient.cpp(1656): warning C4099: “IGameFrame”: 类型名称以前使用“class”现在使用的是“struct”
                 G:\1.D平台产品库【测试】版本\D_Platform(x64 NVersion3.020)\sdk\include\NewGameFrame\Client\IGameFrame.h(39) : 参见“IGameFrame”的声明
     1>NewGameClient.cpp(1660): warning C4800: “BOOL”: 将值强制为布尔值“true”或“false”(性能警告)
     1>NewGameClient.cpp(2019): warning C4099: “IGameFrame”: 类型名称以前使用“class”现在使用的是“struct”
                 G:\1.D平台产品库【测试】版本\D_Platform(x64 NVersion3.020)\sdk\include\NewGameFrame\Client\IGameFrame.h(39) : 参见“IGameFrame”的声明
     1>NewGameClient.cpp(2026): warning C4099: “CNewGameClient::InitGameUI::IGameFrame”: 类型名称以前使用“class”现在使用的是“struct”
                 NewGameClient.cpp(2019) : 参见“CNewGameClient::InitGameUI::IGameFrame”的声明
     1>NewGameClient.cpp(2227): warning C4099: “IGameFrame”: 类型名称以前使用“class”现在使用的是“struct”
                 G:\1.D平台产品库【测试】版本\D_Platform(x64 NVersion3.020)\sdk\include\NewGameFrame\Client\IGameFrame.h(39) : 参见“IGameFrame”的声明
     1>NewGameClient.cpp(2251): warning C4099: “CNewGameClient::ShowResult::IGameFrame”: 类型名称以前使用“class”现在使用的是“struct”
                 NewGameClient.cpp(2227) : 参见“CNewGameClient::ShowResult::IGameFrame”的声明
     1>NewGameClient.cpp(2281): warning C4099: “CNewGameClient::ShowResult::IGameFrame”: 类型名称以前使用“class”现在使用的是“struct”
                 NewGameClient.cpp(2227) : 参见“CNewGameClient::ShowResult::IGameFrame”的声明
     1>NewGameClient.cpp(2255): warning C4101: “szText”: 未引用的局部变量
     1>NewGameClient.cpp(2357): warning C4099: “IGameFrame”: 类型名称以前使用“class”现在使用的是“struct”
                 G:\1.D平台产品库【测试】版本\D_Platform(x64 NVersion3.020)\sdk\include\NewGameFrame\Client\IGameFrame.h(39) : 参见“IGameFrame”的声明
     1>NewGameClient.cpp(2389): warning C4099: “CNewGameClient::SetUserInfo::IGameFrame”: 类型名称以前使用“class”现在使用的是“struct”
                 NewGameClient.cpp(2357) : 参见“CNewGameClient::SetUserInfo::IGameFrame”的声明
     1>NewGameClient.cpp(2441): warning C4099: “IGameFrame”: 类型名称以前使用“class”现在使用的是“struct”
                 G:\1.D平台产品库【测试】版本\D_Platform(x64 NVersion3.020)\sdk\include\NewGameFrame\Client\IGameFrame.h(39) : 参见“IGameFrame”的声明
     1>NewGameClient.cpp(2473): warning C4099: “CNewGameClient::SetUserInfo::IGameFrame”: 类型名称以前使用“class”现在使用的是“struct”
                 NewGameClient.cpp(2441) : 参见“CNewGameClient::SetUserInfo::IGameFrame”的声明
     1>NewGameClient.cpp(2528): warning C4996: '_tcstok': This function or variable may be unsafe. Consider using _tcstok_s instead. To disable deprecation, use _CRT_SECURE_NO_WARNINGS. See online help for details.
                 e:\Program Files\Microsoft Visual Studio 10.0\VC\include\tchar.h(1548) : 参见“_tcstok”的声明
     1>NewGameClient.cpp(2538): warning C4996: '_tcstok': This function or variable may be unsafe. Consider using _tcstok_s instead. To disable deprecation, use _CRT_SECURE_NO_WARNINGS. See online help for details.
                 e:\Program Files\Microsoft Visual Studio 10.0\VC\include\tchar.h(1548) : 参见“_tcstok”的声明
     1>NewGameClient.cpp(2546): warning C4996: '_tcstok': This function or variable may be unsafe. Consider using _tcstok_s instead. To disable deprecation, use _CRT_SECURE_NO_WARNINGS. See online help for details.
                 e:\Program Files\Microsoft Visual Studio 10.0\VC\include\tchar.h(1548) : 参见“_tcstok”的声明
     1>NewGameClient.cpp(2553): warning C4996: '_tcstok': This function or variable may be unsafe. Consider using _tcstok_s instead. To disable deprecation, use _CRT_SECURE_NO_WARNINGS. See online help for details.
                 e:\Program Files\Microsoft Visual Studio 10.0\VC\include\tchar.h(1548) : 参见“_tcstok”的声明
     1>NewGameClient.cpp(2559): warning C4996: '_tcstok': This function or variable may be unsafe. Consider using _tcstok_s instead. To disable deprecation, use _CRT_SECURE_NO_WARNINGS. See online help for details.
                 e:\Program Files\Microsoft Visual Studio 10.0\VC\include\tchar.h(1548) : 参见“_tcstok”的声明
     1>NewGameClient.cpp(2568): warning C4996: '_tcstok': This function or variable may be unsafe. Consider using _tcstok_s instead. To disable deprecation, use _CRT_SECURE_NO_WARNINGS. See online help for details.
                 e:\Program Files\Microsoft Visual Studio 10.0\VC\include\tchar.h(1548) : 参见“_tcstok”的声明
     1>NewGameClient.cpp(2602): warning C4996: '_tcstok': This function or variable may be unsafe. Consider using _tcstok_s instead. To disable deprecation, use _CRT_SECURE_NO_WARNINGS. See online help for details.
                 e:\Program Files\Microsoft Visual Studio 10.0\VC\include\tchar.h(1548) : 参见“_tcstok”的声明
     1>NewGameClient.cpp(2677): warning C4996: 'strcpy': This function or variable may be unsafe. Consider using strcpy_s instead. To disable deprecation, use _CRT_SECURE_NO_WARNINGS. See online help for details.
                 e:\Program Files\Microsoft Visual Studio 10.0\VC\include\string.h(105) : 参见“strcpy”的声明
     1>NewGameClient.cpp(2683): warning C4996: 'strcpy': This function or variable may be unsafe. Consider using strcpy_s instead. To disable deprecation, use _CRT_SECURE_NO_WARNINGS. See online help for details.
                 e:\Program Files\Microsoft Visual Studio 10.0\VC\include\string.h(105) : 参见“strcpy”的声明
     1>NewGameClient.cpp(2690): warning C4996: 'strcpy': This function or variable may be unsafe. Consider using strcpy_s instead. To disable deprecation, use _CRT_SECURE_NO_WARNINGS. See online help for details.
                 e:\Program Files\Microsoft Visual Studio 10.0\VC\include\string.h(105) : 参见“strcpy”的声明
     1>NewGameClient.cpp(2697): warning C4996: 'strcpy': This function or variable may be unsafe. Consider using strcpy_s instead. To disable deprecation, use _CRT_SECURE_NO_WARNINGS. See online help for details.
                 e:\Program Files\Microsoft Visual Studio 10.0\VC\include\string.h(105) : 参见“strcpy”的声明
     1>NewGameClient.cpp(2703): warning C4996: 'strcpy': This function or variable may be unsafe. Consider using strcpy_s instead. To disable deprecation, use _CRT_SECURE_NO_WARNINGS. See online help for details.
                 e:\Program Files\Microsoft Visual Studio 10.0\VC\include\string.h(105) : 参见“strcpy”的声明
     1>NewGameClient.cpp(2709): warning C4996: 'strcpy': This function or variable may be unsafe. Consider using strcpy_s instead. To disable deprecation, use _CRT_SECURE_NO_WARNINGS. See online help for details.
                 e:\Program Files\Microsoft Visual Studio 10.0\VC\include\string.h(105) : 参见“strcpy”的声明
     1>NewGameClient.cpp(2715): warning C4996: 'strcpy': This function or variable may be unsafe. Consider using strcpy_s instead. To disable deprecation, use _CRT_SECURE_NO_WARNINGS. See online help for details.
                 e:\Program Files\Microsoft Visual Studio 10.0\VC\include\string.h(105) : 参见“strcpy”的声明
     1>NewGameClient.cpp(2720): warning C4996: 'strcpy': This function or variable may be unsafe. Consider using strcpy_s instead. To disable deprecation, use _CRT_SECURE_NO_WARNINGS. See online help for details.
                 e:\Program Files\Microsoft Visual Studio 10.0\VC\include\string.h(105) : 参见“strcpy”的声明
     1>NewGameClient.cpp(2725): warning C4996: 'strcpy': This function or variable may be unsafe. Consider using strcpy_s instead. To disable deprecation, use _CRT_SECURE_NO_WARNINGS. See online help for details.
                 e:\Program Files\Microsoft Visual Studio 10.0\VC\include\string.h(105) : 参见“strcpy”的声明
     1>NewGameClient.cpp(2729): warning C4996: 'strcpy': This function or variable may be unsafe. Consider using strcpy_s instead. To disable deprecation, use _CRT_SECURE_NO_WARNINGS. See online help for details.
                 e:\Program Files\Microsoft Visual Studio 10.0\VC\include\string.h(105) : 参见“strcpy”的声明
     1>NewGameClient.cpp(2733): warning C4996: 'strcpy': This function or variable may be unsafe. Consider using strcpy_s instead. To disable deprecation, use _CRT_SECURE_NO_WARNINGS. See online help for details.
                 e:\Program Files\Microsoft Visual Studio 10.0\VC\include\string.h(105) : 参见“strcpy”的声明
     1>NewGameClient.cpp(2738): warning C4996: 'strcpy': This function or variable may be unsafe. Consider using strcpy_s instead. To disable deprecation, use _CRT_SECURE_NO_WARNINGS. See online help for details.
                 e:\Program Files\Microsoft Visual Studio 10.0\VC\include\string.h(105) : 参见“strcpy”的声明
     1>NewGameClient.cpp(2744): warning C4996: 'strcpy': This function or variable may be unsafe. Consider using strcpy_s instead. To disable deprecation, use _CRT_SECURE_NO_WARNINGS. See online help for details.
                 e:\Program Files\Microsoft Visual Studio 10.0\VC\include\string.h(105) : 参见“strcpy”的声明
     1>NewGameClient.cpp(2748): warning C4800: “BOOL”: 将值强制为布尔值“true”或“false”(性能警告)
     1>NewGameClient.cpp(2768): warning C4099: “IGameFrame”: 类型名称以前使用“class”现在使用的是“struct”
                 G:\1.D平台产品库【测试】版本\D_Platform(x64 NVersion3.020)\sdk\include\NewGameFrame\Client\IGameFrame.h(39) : 参见“IGameFrame”的声明
     1>NewGameClient.cpp(2780): warning C4099: “CNewGameClient::UpdateRoomInfo::IGameFrame”: 类型名称以前使用“class”现在使用的是“struct”
                 NewGameClient.cpp(2768) : 参见“CNewGameClient::UpdateRoomInfo::IGameFrame”的声明
     1>NewGameClient.cpp(2789): warning C4099: “CNewGameClient::UpdateRoomInfo::IGameFrame”: 类型名称以前使用“class”现在使用的是“struct”
                 NewGameClient.cpp(2768) : 参见“CNewGameClient::UpdateRoomInfo::IGameFrame”的声明
     1>NewGameClient.cpp(2799): warning C4099: “CNewGameClient::UpdateRoomInfo::IGameFrame”: 类型名称以前使用“class”现在使用的是“struct”
                 NewGameClient.cpp(2768) : 参见“CNewGameClient::UpdateRoomInfo::IGameFrame”的声明
     1>NewGameClient.cpp(2846): warning C4099: “IGameFrame”: 类型名称以前使用“class”现在使用的是“struct”
                 G:\1.D平台产品库【测试】版本\D_Platform(x64 NVersion3.020)\sdk\include\NewGameFrame\Client\IGameFrame.h(39) : 参见“IGameFrame”的声明
     1>NewGameClient.cpp(2860): warning C4099: “CNewGameClient::UpDateMyUserInfo::IGameFrame”: 类型名称以前使用“class”现在使用的是“struct”
                 NewGameClient.cpp(2846) : 参见“CNewGameClient::UpDateMyUserInfo::IGameFrame”的声明
     1>NewGameClient.cpp(2871): warning C4099: “CNewGameClient::UpDateMyUserInfo::IGameFrame”: 类型名称以前使用“class”现在使用的是“struct”
                 NewGameClient.cpp(2846) : 参见“CNewGameClient::UpDateMyUserInfo::IGameFrame”的声明
     1>NewGameClient.cpp(2898): warning C4099: “IGameFrame”: 类型名称以前使用“class”现在使用的是“struct”
                 G:\1.D平台产品库【测试】版本\D_Platform(x64 NVersion3.020)\sdk\include\NewGameFrame\Client\IGameFrame.h(39) : 参见“IGameFrame”的声明
     1>NewGameClient.cpp(2909): warning C4099: “CNewGameClient::UpdateMyLeftMoney::IGameFrame”: 类型名称以前使用“class”现在使用的是“struct”
                 NewGameClient.cpp(2898) : 参见“CNewGameClient::UpdateMyLeftMoney::IGameFrame”的声明
     1>NewGameClient.cpp(2912): warning C4244: “初始化”: 从“__int64”转换到“int”，可能丢失数据
     1>NewGameClient.cpp(2937): warning C4305: “参数”: 从“int”到“bool”截断
     1>NewGameClient.cpp(2944): warning C4305: “参数”: 从“int”到“bool”截断
     1>NewGameClient.cpp(2951): warning C4305: “参数”: 从“int”到“bool”截断
     1>NewGameClient.cpp(2959): warning C4305: “参数”: 从“int”到“bool”截断
     1>NewGameClient.cpp(2968): warning C4305: “参数”: 从“int”到“bool”截断
     1>NewGameClient.cpp(2979): warning C4305: “参数”: 从“int”到“bool”截断
     1>NewGameClient.cpp(2989): warning C4305: “参数”: 从“int”到“bool”截断
     1>NewGameClient.cpp(2996): warning C4305: “参数”: 从“int”到“bool”截断
     1>NewGameClient.cpp(3141): warning C4099: “IGameFrame”: 类型名称以前使用“class”现在使用的是“struct”
                 G:\1.D平台产品库【测试】版本\D_Platform(x64 NVersion3.020)\sdk\include\NewGameFrame\Client\IGameFrame.h(39) : 参见“IGameFrame”的声明
     1>NewGameClient.cpp(3198): warning C4099: “CNewGameClient::UpdateNoteInfo::IGameFrame”: 类型名称以前使用“class”现在使用的是“struct”
                 NewGameClient.cpp(3141) : 参见“CNewGameClient::UpdateNoteInfo::IGameFrame”的声明
     1>NewGameClient.cpp(3125): warning C4101: “szMessage”: 未引用的局部变量
     1>NewGameClient.cpp(3221): warning C4099: “IGameFrame”: 类型名称以前使用“class”现在使用的是“struct”
                 G:\1.D平台产品库【测试】版本\D_Platform(x64 NVersion3.020)\sdk\include\NewGameFrame\Client\IGameFrame.h(39) : 参见“IGameFrame”的声明
     1>NewGameClient.cpp(3223): warning C4099: “CNewGameClient::PlaySendCard::IGameFrame”: 类型名称以前使用“class”现在使用的是“struct”
                 NewGameClient.cpp(3221) : 参见“CNewGameClient::PlaySendCard::IGameFrame”的声明
     1>NewGameClient.cpp(3232): warning C4099: “CNewGameClient::PlaySendCard::IGameFrame”: 类型名称以前使用“class”现在使用的是“struct”
                 NewGameClient.cpp(3221) : 参见“CNewGameClient::PlaySendCard::IGameFrame”的声明
     1>NewGameClient.cpp(3484): warning C4099: “IGameFrame”: 类型名称以前使用“class”现在使用的是“struct”
                 G:\1.D平台产品库【测试】版本\D_Platform(x64 NVersion3.020)\sdk\include\NewGameFrame\Client\IGameFrame.h(39) : 参见“IGameFrame”的声明
     1>NewGameClient.cpp(3493): warning C4482: 使用了非标准扩展: 限定名中使用了枚举“FONTSHOWSTYLE”
     1>NewGameClient.cpp(3483): warning C4101: “UserInfo”: 未引用的局部变量
     1>NewGameClient.cpp(3655): warning C4305: “参数”: 从“int”到“bool”截断
     1>NewGameClient.cpp(3668): warning C4305: “参数”: 从“int”到“bool”截断
     1>NewGameClient.cpp(3673): warning C4305: “参数”: 从“int”到“bool”截断
     1>NewGameClient.cpp(3763): warning C4099: “IGameFrame”: 类型名称以前使用“class”现在使用的是“struct”
                 G:\1.D平台产品库【测试】版本\D_Platform(x64 NVersion3.020)\sdk\include\NewGameFrame\Client\IGameFrame.h(39) : 参见“IGameFrame”的声明
     1>NewGameClient.cpp(3767): warning C4099: “CNewGameClient::PlayGetWinChouMa::IGameFrame”: 类型名称以前使用“class”现在使用的是“struct”
                 NewGameClient.cpp(3763) : 参见“CNewGameClient::PlayGetWinChouMa::IGameFrame”的声明
     1>NewGameClient.cpp(3834): warning C4099: “IGameFrame”: 类型名称以前使用“class”现在使用的是“struct”
                 G:\1.D平台产品库【测试】版本\D_Platform(x64 NVersion3.020)\sdk\include\NewGameFrame\Client\IGameFrame.h(39) : 参见“IGameFrame”的声明
     1>NewGameClient.cpp(3837): warning C4099: “CNewGameClient::PlayXianShiChouMa::IGameFrame”: 类型名称以前使用“class”现在使用的是“struct”
                 NewGameClient.cpp(3834) : 参见“CNewGameClient::PlayXianShiChouMa::IGameFrame”的声明
     1>NewGameClient.cpp(3882): warning C4099: “CNewGameClient::PlayXianShiChouMa::IGameFrame”: 类型名称以前使用“class”现在使用的是“struct”
                 NewGameClient.cpp(3834) : 参见“CNewGameClient::PlayXianShiChouMa::IGameFrame”的声明
     1>NewGameClient.cpp(4031): warning C4099: “IGameFrame”: 类型名称以前使用“class”现在使用的是“struct”
                 G:\1.D平台产品库【测试】版本\D_Platform(x64 NVersion3.020)\sdk\include\NewGameFrame\Client\IGameFrame.h(39) : 参见“IGameFrame”的声明
     1>NewGameClient.cpp(4033): warning C4099: “CNewGameClient::PlayOpenCard::IGameFrame”: 类型名称以前使用“class”现在使用的是“struct”
                 NewGameClient.cpp(4031) : 参见“CNewGameClient::PlayOpenCard::IGameFrame”的声明
     1>NewGameClient.cpp(4103): warning C4099: “CNewGameClient::PlayOpenCard::IGameFrame”: 类型名称以前使用“class”现在使用的是“struct”
                 NewGameClient.cpp(4031) : 参见“CNewGameClient::PlayOpenCard::IGameFrame”的声明
     1>NewGameClient.cpp(4105): warning C4099: “CNewGameClient::PlayOpenCard::IGameFrame”: 类型名称以前使用“class”现在使用的是“struct”
                 NewGameClient.cpp(4031) : 参见“CNewGameClient::PlayOpenCard::IGameFrame”的声明
     1>NewGameClient.cpp(4108): warning C4099: “CNewGameClient::PlayOpenCard::IGameFrame”: 类型名称以前使用“class”现在使用的是“struct”
                 NewGameClient.cpp(4031) : 参见“CNewGameClient::PlayOpenCard::IGameFrame”的声明
     1>NewGameClient.cpp(4110): warning C4099: “CNewGameClient::PlayOpenCard::IGameFrame”: 类型名称以前使用“class”现在使用的是“struct”
                 NewGameClient.cpp(4031) : 参见“CNewGameClient::PlayOpenCard::IGameFrame”的声明
     1>NewGameClient.cpp(4128): warning C4099: “CNewGameClient::PlayOpenCard::IGameFrame”: 类型名称以前使用“class”现在使用的是“struct”
                 NewGameClient.cpp(4031) : 参见“CNewGameClient::PlayOpenCard::IGameFrame”的声明
     1>NewGameClient.cpp(4174): warning C4099: “IGameFrame”: 类型名称以前使用“class”现在使用的是“struct”
                 G:\1.D平台产品库【测试】版本\D_Platform(x64 NVersion3.020)\sdk\include\NewGameFrame\Client\IGameFrame.h(39) : 参见“IGameFrame”的声明
     1>NewGameClient.cpp(4176): warning C4099: “CNewGameClient::MoveVSCard::IGameFrame”: 类型名称以前使用“class”现在使用的是“struct”
                 NewGameClient.cpp(4174) : 参见“CNewGameClient::MoveVSCard::IGameFrame”的声明
     1>NewGameClient.cpp(4193): warning C4099: “CNewGameClient::MoveVSCard::IGameFrame”: 类型名称以前使用“class”现在使用的是“struct”
                 NewGameClient.cpp(4174) : 参见“CNewGameClient::MoveVSCard::IGameFrame”的声明
     1>NewGameClient.cpp(4205): warning C4099: “CNewGameClient::MoveVSCard::IGameFrame”: 类型名称以前使用“class”现在使用的是“struct”
                 NewGameClient.cpp(4193) : 参见“CNewGameClient::MoveVSCard::IGameFrame”的声明
     1>NewGameClient.cpp(4207): warning C4099: “CNewGameClient::MoveVSCard::IGameFrame”: 类型名称以前使用“class”现在使用的是“struct”
                 NewGameClient.cpp(4193) : 参见“CNewGameClient::MoveVSCard::IGameFrame”的声明
     1>g:\1.d平台产品库【测试】版本\d_platform(x64 nversion3.020)\games\10306600.bbw诈金花\gamecode\client\newgameclient.cpp(4261): warning C4715: “CNewGameClient::MoveVSCard”: 不是所有的控件路径都返回值
     1>g:\1.d平台产品库【测试】版本\d_platform(x64 nversion3.020)\games\10306600.bbw诈金花\gamecode\client\newgameclient.cpp(4158): warning C4715: “CNewGameClient::PlayOpenCard”: 不是所有的控件路径都返回值
         所有输出均为最新。
       ResourceCompile:
         所有输出均为最新。
       MakeDirsForLink:
         正在创建目录“G:\1.D平台产品库【测试】版本\D_Platform(x64 NVersion3.020)\games\10306600.BBW诈金花\GameCode\Client\..\..\..\..\run\Client\release\10306600”。
     1>C:\Program Files\MSBuild\Microsoft.Cpp\v4.0\Microsoft.CppBuild.targets(990,5): warning MSB8012: TargetPath(G:\1.D平台产品库【测试】版本\D_Platform(x64 NVersion3.020)\games\10306600.BBW诈金花\GameCode\Client\debug\Client.dll) 与 Linker 的 OutputFile 属性值(G:\1.D平台产品库【测试】版本\D_Platform(x64 NVersion3.020)\run\Client\release\10306600\10306600.ico)不匹配。这可能导致项目生成不正确。若要更正此问题，请确保 $(OutDir)、$(TargetName) 和 $(TargetExt) 属性值与 %(Link.OutputFile) 中指定的值匹配。
     1>C:\Program Files\MSBuild\Microsoft.Cpp\v4.0\Microsoft.CppBuild.targets(991,5): warning MSB8012: TargetExt(.dll) 与 Linker 的 OutputFile 属性值(.ico)不匹配。这可能导致项目生成不正确。若要更正此问题，请确保 $(OutDir)、$(TargetName) 和 $(TargetExt) 属性值与 %(Link.OutputFile) 中指定的值匹配。
     1>C:\Program Files\MSBuild\Microsoft.Cpp\v4.0\Microsoft.CppBuild.targets(992,5): warning MSB8012: TargetName(Client) 与 Linker 的 OutputFile 属性值(10306600)不匹配。这可能导致项目生成不正确。若要更正此问题，请确保 $(OutDir)、$(TargetName) 和 $(TargetExt) 属性值与 %(Link.OutputFile) 中指定的值匹配。
       Link:
         e:\Program Files\Microsoft Visual Studio 10.0\VC\bin\link.exe /ERRORREPORT:PROMPT /OUT:"../../../../run/Client/release/10306600/10306600.ico" /INCREMENTAL:NO /NOLOGO /LIBPATH:../../../../SDK/lib/Common /LIBPATH:../../../../SDK/lib/Game /LIBPATH:irrKlang/ DllForGame.lib Winmm.lib cfgEngine.lib video.lib BZSound.lib irrKlang.lib /DEF:".\GameClient.def" /MANIFEST /ManifestFile:"debug\Client.dll.intermediate.manifest" /MANIFESTUAC:"level='asInvoker' uiAccess='false'" /DEBUG /PDB:"G:\1.D平台产品库【测试】版本\D_Platform(x64 NVersion3.020)\games\10306600.BBW诈金花\GameCode\Client\debug\Client.pdb" /SUBSYSTEM:WINDOWS /OPT:REF /OPT:ICF /TLBID:1 /DYNAMICBASE /NXCOMPAT /IMPLIB:"G:\1.D平台产品库【测试】版本\D_Platform(x64 NVersion3.020)\games\10306600.BBW诈金花\GameCode\Client\debug\Client.lib" /MACHINE:X86 /DLL debug\GameClient.res
         debug\GameClient.obj
         debug\NewGameClient.obj
         debug\stdafx.obj
         debug\UpGradeLogic1.obj
            正在创建库 G:\1.D平台产品库【测试】版本\D_Platform(x64 NVersion3.020)\games\10306600.BBW诈金花\GameCode\Client\debug\Client.lib 和对象 G:\1.D平台产品库【测试】版本\D_Platform(x64 NVersion3.020)\games\10306600.BBW诈金花\GameCode\Client\debug\Client.exp
         Client.vcxproj -> G:\1.D平台产品库【测试】版本\D_Platform(x64 NVersion3.020)\games\10306600.BBW诈金花\GameCode\Client\debug\Client.dll
       Manifest:
         C:\Program Files\Microsoft SDKs\Windows\v7.0A\bin\mt.exe /nologo /verbose /outputresource:"../../../../run/Client/release/10306600/10306600.ico;#2" /manifest RES\UpGrade.manifest debug\Client.dll.intermediate.manifest "e:\Program Files\Microsoft Visual Studio 10.0\VC\Include\Manifest\dpiaware.manifest"
       FinalizeBuildStatus:
         正在删除文件“debug\Client.unsuccessfulbuild”。
         正在对“debug\Client.lastbuildstate”执行 Touch 任务。
     1>已完成生成项目“G:\1.D平台产品库【测试】版本\D_Platform(x64 NVersion3.020)\games\10306600.BBW诈金花\GameCode\Client\Client.vcxproj”(build 个目标)的操作。

生成成功。

已用时间 00:00:04.28
