G:\1.D平台产品库【测试】版本\D_PLATFORM(X64 NVERSION3.020)\PLATFORM\SERVER\CENTERSERVER\RELEASE\BCS.EXE.INTERMEDIATE.MANIFEST
G:\1.D平台产品库【测试】版本\D_PLATFORM(X64 NVERSION3.020)\PLATFORM\SERVER\CENTERSERVER\RELEASE\BCS.PCH
G:\1.D平台产品库【测试】版本\D_PLATFORM(X64 NVERSION3.020)\PLATFORM\SERVER\CENTERSERVER\RELEASE\BCS.PDB
G:\1.D平台产品库【测试】版本\D_Platform(x64 NVersion3.020)\PlatForm\Server\CenterServer\Release\BCS.write.1.tlog
G:\1.D平台产品库【测试】版本\D_PLATFORM(X64 NVERSION3.020)\PLATFORM\SERVER\CENTERSERVER\RELEASE\CENTERSERVER.OBJ
G:\1.D平台产品库【测试】版本\D_PLATFORM(X64 NVERSION3.020)\PLATFORM\SERVER\CENTERSERVER\RELEASE\CENTERSERVER.RES
G:\1.D平台产品库【测试】版本\D_PLATFORM(X64 NVERSION3.020)\PLATFORM\SERVER\CENTERSERVER\RELEASE\CENTERSERVERDLG.OBJ
G:\1.D平台产品库【测试】版本\D_PLATFORM(X64 NVERSION3.020)\PLATFORM\SERVER\CENTERSERVER\RELEASE\CENTERSERVERMANAGE.OBJ
G:\1.D平台产品库【测试】版本\D_Platform(x64 NVersion3.020)\PlatForm\Server\CenterServer\Release\cl.command.1.tlog
G:\1.D平台产品库【测试】版本\D_Platform(x64 NVersion3.020)\PlatForm\Server\CenterServer\Release\CL.read.1.tlog
G:\1.D平台产品库【测试】版本\D_Platform(x64 NVersion3.020)\PlatForm\Server\CenterServer\Release\CL.write.1.tlog
G:\1.D平台产品库【测试】版本\D_Platform(x64 NVersion3.020)\PlatForm\Server\CenterServer\Release\link.command.1.tlog
G:\1.D平台产品库【测试】版本\D_Platform(x64 NVersion3.020)\PlatForm\Server\CenterServer\Release\link.read.1.tlog
G:\1.D平台产品库【测试】版本\D_Platform(x64 NVersion3.020)\PlatForm\Server\CenterServer\Release\link.write.1.tlog
G:\1.D平台产品库【测试】版本\D_Platform(x64 NVersion3.020)\PlatForm\Server\CenterServer\Release\link-cvtres.read.1.tlog
G:\1.D平台产品库【测试】版本\D_Platform(x64 NVersion3.020)\PlatForm\Server\CenterServer\Release\link-cvtres.write.1.tlog
G:\1.D平台产品库【测试】版本\D_Platform(x64 NVersion3.020)\PlatForm\Server\CenterServer\Release\mt.command.1.tlog
G:\1.D平台产品库【测试】版本\D_Platform(x64 NVersion3.020)\PlatForm\Server\CenterServer\Release\mt.read.1.tlog
G:\1.D平台产品库【测试】版本\D_Platform(x64 NVersion3.020)\PlatForm\Server\CenterServer\Release\mt.write.1.tlog
G:\1.D平台产品库【测试】版本\D_Platform(x64 NVersion3.020)\PlatForm\Server\CenterServer\Release\rc.command.1.tlog
G:\1.D平台产品库【测试】版本\D_Platform(x64 NVersion3.020)\PlatForm\Server\CenterServer\Release\rc.read.1.tlog
G:\1.D平台产品库【测试】版本\D_Platform(x64 NVersion3.020)\PlatForm\Server\CenterServer\Release\rc.write.1.tlog
G:\1.D平台产品库【测试】版本\D_PLATFORM(X64 NVERSION3.020)\PLATFORM\SERVER\CENTERSERVER\RELEASE\STDAFX.OBJ
G:\1.D平台产品库【测试】版本\D_PLATFORM(X64 NVERSION3.020)\PLATFORM\SERVER\CENTERSERVER\RELEASE\SYSINFOLIST.OBJ
G:\1.D平台产品库【测试】版本\D_PLATFORM(X64 NVERSION3.020)\PLATFORM\SERVER\CENTERSERVER\RELEASE\TRAYICON.OBJ
G:\1.D平台产品库【测试】版本\D_PLATFORM(X64 NVERSION3.020)\PLATFORM\SERVER\CENTERSERVER\RELEASE\VC100.PDB
G:\1.D平台产品库【测试】版本\D_PLATFORM(X64 NVERSION3.020)\PLATFORM\SERVER\CENTERSERVER\RELEASE\ZSERVERMANAGER.OBJ
G:\1.D平台产品库【测试】版本\D_PLATFORM(X64 NVERSION3.020)\RUN\SERVER\RELEASE\BCS.EXE
