D:\1.面对面平台\D_Platform(x64 NVersion3.020)产品库测试\games\10306600.BBW诈金花\GameCode\Client\debug\cl.command.1.tlog
D:\1.面对面平台\D_Platform(x64 NVersion3.020)产品库测试\games\10306600.BBW诈金花\GameCode\Client\debug\CL.read.1.tlog
D:\1.面对面平台\D_Platform(x64 NVersion3.020)产品库测试\games\10306600.BBW诈金花\GameCode\Client\debug\CL.write.1.tlog
D:\1.面对面平台\D_PLATFORM(X64 NVERSION3.020)产品库测试\GAMES\10306600.BBW诈金花\GAMECODE\CLIENT\DEBUG\CLIENT.DLL.INTERMEDIATE.MANIFEST
D:\1.面对面平台\D_Platform(x64 NVersion3.020)产品库测试\games\10306600.BBW诈金花\GameCode\Client\debug\Client.exp
D:\1.面对面平台\D_Platform(x64 NVersion3.020)产品库测试\games\10306600.BBW诈金花\GameCode\Client\debug\Client.lib
D:\1.面对面平台\D_PLATFORM(X64 NVERSION3.020)产品库测试\GAMES\10306600.BBW诈金花\GAMECODE\CLIENT\DEBUG\CLIENT.PCH
D:\1.面对面平台\D_PLATFORM(X64 NVERSION3.020)产品库测试\GAMES\10306600.BBW诈金花\GAMECODE\CLIENT\DEBUG\CLIENT.PDB
D:\1.面对面平台\D_Platform(x64 NVersion3.020)产品库测试\games\10306600.BBW诈金花\GameCode\Client\debug\Client.write.1.tlog
D:\1.面对面平台\D_PLATFORM(X64 NVERSION3.020)产品库测试\GAMES\10306600.BBW诈金花\GAMECODE\CLIENT\DEBUG\GAMECLIENT.OBJ
D:\1.面对面平台\D_PLATFORM(X64 NVERSION3.020)产品库测试\GAMES\10306600.BBW诈金花\GAMECODE\CLIENT\DEBUG\GAMECLIENT.RES
D:\1.面对面平台\D_Platform(x64 NVersion3.020)产品库测试\games\10306600.BBW诈金花\GameCode\Client\debug\link.command.1.tlog
D:\1.面对面平台\D_Platform(x64 NVersion3.020)产品库测试\games\10306600.BBW诈金花\GameCode\Client\debug\link.read.1.tlog
D:\1.面对面平台\D_Platform(x64 NVersion3.020)产品库测试\games\10306600.BBW诈金花\GameCode\Client\debug\link.write.1.tlog
D:\1.面对面平台\D_Platform(x64 NVersion3.020)产品库测试\games\10306600.BBW诈金花\GameCode\Client\debug\link-cvtres.read.1.tlog
D:\1.面对面平台\D_Platform(x64 NVersion3.020)产品库测试\games\10306600.BBW诈金花\GameCode\Client\debug\link-cvtres.write.1.tlog
D:\1.面对面平台\D_Platform(x64 NVersion3.020)产品库测试\games\10306600.BBW诈金花\GameCode\Client\debug\mt.command.1.tlog
D:\1.面对面平台\D_Platform(x64 NVersion3.020)产品库测试\games\10306600.BBW诈金花\GameCode\Client\debug\mt.read.1.tlog
D:\1.面对面平台\D_Platform(x64 NVersion3.020)产品库测试\games\10306600.BBW诈金花\GameCode\Client\debug\mt.write.1.tlog
D:\1.面对面平台\D_PLATFORM(X64 NVERSION3.020)产品库测试\GAMES\10306600.BBW诈金花\GAMECODE\CLIENT\DEBUG\NEWGAMECLIENT.OBJ
D:\1.面对面平台\D_Platform(x64 NVersion3.020)产品库测试\games\10306600.BBW诈金花\GameCode\Client\debug\rc.command.1.tlog
D:\1.面对面平台\D_Platform(x64 NVersion3.020)产品库测试\games\10306600.BBW诈金花\GameCode\Client\debug\rc.read.1.tlog
D:\1.面对面平台\D_Platform(x64 NVersion3.020)产品库测试\games\10306600.BBW诈金花\GameCode\Client\debug\rc.write.1.tlog
D:\1.面对面平台\D_PLATFORM(X64 NVERSION3.020)产品库测试\GAMES\10306600.BBW诈金花\GAMECODE\CLIENT\DEBUG\STDAFX.OBJ
D:\1.面对面平台\D_PLATFORM(X64 NVERSION3.020)产品库测试\GAMES\10306600.BBW诈金花\GAMECODE\CLIENT\DEBUG\UPGRADELOGIC1.OBJ
D:\1.面对面平台\D_PLATFORM(X64 NVERSION3.020)产品库测试\GAMES\10306600.BBW诈金花\GAMECODE\CLIENT\DEBUG\VC100.PDB
D:\1.面对面平台\D_PLATFORM(X64 NVERSION3.020)产品库测试\RUN\CLIENT\RELEASE\10306600\10306600.ICO
debug\Client.pdb
