G:\1.D平台产品库【测试】版本\D_PLATFORM(X64 NVERSION3.020)\PLATFORM\CLIENT\MAINFRAME\无技术支持\ADDFRIEND.COD
G:\1.D平台产品库【测试】版本\D_PLATFORM(X64 NVERSION3.020)\PLATFORM\CLIENT\MAINFRAME\无技术支持\ADDFRIEND.OBJ
G:\1.D平台产品库【测试】版本\D_PLATFORM(X64 NVERSION3.020)\PLATFORM\CLIENT\MAINFRAME\无技术支持\AFCACTWND.COD
G:\1.D平台产品库【测试】版本\D_PLATFORM(X64 NVERSION3.020)\PLATFORM\CLIENT\MAINFRAME\无技术支持\AFCACTWND.OBJ
G:\1.D平台产品库【测试】版本\D_PLATFORM(X64 NVERSION3.020)\PLATFORM\CLIENT\MAINFRAME\无技术支持\AFCGAMELISTWND.COD
G:\1.D平台产品库【测试】版本\D_PLATFORM(X64 NVERSION3.020)\PLATFORM\CLIENT\MAINFRAME\无技术支持\AFCGAMELISTWND.OBJ
G:\1.D平台产品库【测试】版本\D_PLATFORM(X64 NVERSION3.020)\PLATFORM\CLIENT\MAINFRAME\无技术支持\AFCROOMRIGHTWND.COD
G:\1.D平台产品库【测试】版本\D_PLATFORM(X64 NVERSION3.020)\PLATFORM\CLIENT\MAINFRAME\无技术支持\AFCROOMRIGHTWND.OBJ
G:\1.D平台产品库【测试】版本\D_PLATFORM(X64 NVERSION3.020)\PLATFORM\CLIENT\MAINFRAME\无技术支持\AFCTOPWND.COD
G:\1.D平台产品库【测试】版本\D_PLATFORM(X64 NVERSION3.020)\PLATFORM\CLIENT\MAINFRAME\无技术支持\AFCTOPWND.OBJ
G:\1.D平台产品库【测试】版本\D_PLATFORM(X64 NVERSION3.020)\PLATFORM\CLIENT\MAINFRAME\无技术支持\APIPE.COD
G:\1.D平台产品库【测试】版本\D_PLATFORM(X64 NVERSION3.020)\PLATFORM\CLIENT\MAINFRAME\无技术支持\APIPE.OBJ
G:\1.D平台产品库【测试】版本\D_PLATFORM(X64 NVERSION3.020)\PLATFORM\CLIENT\MAINFRAME\无技术支持\APPEALDLG.COD
G:\1.D平台产品库【测试】版本\D_PLATFORM(X64 NVERSION3.020)\PLATFORM\CLIENT\MAINFRAME\无技术支持\APPEALDLG.OBJ
G:\1.D平台产品库【测试】版本\D_PLATFORM(X64 NVERSION3.020)\PLATFORM\CLIENT\MAINFRAME\无技术支持\AUTOUPDATE.COD
G:\1.D平台产品库【测试】版本\D_PLATFORM(X64 NVERSION3.020)\PLATFORM\CLIENT\MAINFRAME\无技术支持\AUTOUPDATE.OBJ
G:\1.D平台产品库【测试】版本\D_PLATFORM(X64 NVERSION3.020)\PLATFORM\CLIENT\MAINFRAME\无技术支持\BANKDLG.COD
G:\1.D平台产品库【测试】版本\D_PLATFORM(X64 NVERSION3.020)\PLATFORM\CLIENT\MAINFRAME\无技术支持\BANKDLG.OBJ
G:\1.D平台产品库【测试】版本\D_PLATFORM(X64 NVERSION3.020)\PLATFORM\CLIENT\MAINFRAME\无技术支持\BANKVERIFYWND.COD
G:\1.D平台产品库【测试】版本\D_PLATFORM(X64 NVERSION3.020)\PLATFORM\CLIENT\MAINFRAME\无技术支持\BANKVERIFYWND.OBJ
G:\1.D平台产品库【测试】版本\D_PLATFORM(X64 NVERSION3.020)\PLATFORM\CLIENT\MAINFRAME\无技术支持\BASEROOM.COD
G:\1.D平台产品库【测试】版本\D_PLATFORM(X64 NVERSION3.020)\PLATFORM\CLIENT\MAINFRAME\无技术支持\BASEROOM.OBJ
G:\1.D平台产品库【测试】版本\D_PLATFORM(X64 NVERSION3.020)\PLATFORM\CLIENT\MAINFRAME\无技术支持\BITMAPLISTCTRL.COD
G:\1.D平台产品库【测试】版本\D_PLATFORM(X64 NVERSION3.020)\PLATFORM\CLIENT\MAINFRAME\无技术支持\BITMAPLISTCTRL.OBJ
G:\1.D平台产品库【测试】版本\D_PLATFORM(X64 NVERSION3.020)\PLATFORM\CLIENT\MAINFRAME\无技术支持\BOARDCAST.COD
G:\1.D平台产品库【测试】版本\D_PLATFORM(X64 NVERSION3.020)\PLATFORM\CLIENT\MAINFRAME\无技术支持\BOARDCAST.OBJ
G:\1.D平台产品库【测试】版本\D_PLATFORM(X64 NVERSION3.020)\PLATFORM\CLIENT\MAINFRAME\无技术支持\BULLETIN.COD
G:\1.D平台产品库【测试】版本\D_PLATFORM(X64 NVERSION3.020)\PLATFORM\CLIENT\MAINFRAME\无技术支持\BULLETIN.OBJ
G:\1.D平台产品库【测试】版本\D_PLATFORM(X64 NVERSION3.020)\PLATFORM\CLIENT\MAINFRAME\无技术支持\BZLOG.COD
G:\1.D平台产品库【测试】版本\D_PLATFORM(X64 NVERSION3.020)\PLATFORM\CLIENT\MAINFRAME\无技术支持\BZLOG.OBJ
G:\1.D平台产品库【测试】版本\D_PLATFORM(X64 NVERSION3.020)\PLATFORM\CLIENT\MAINFRAME\无技术支持\CHANNELSERVICE.COD
G:\1.D平台产品库【测试】版本\D_PLATFORM(X64 NVERSION3.020)\PLATFORM\CLIENT\MAINFRAME\无技术支持\CHANNELSERVICE.OBJ
G:\1.D平台产品库【测试】版本\D_PLATFORM(X64 NVERSION3.020)\PLATFORM\CLIENT\MAINFRAME\无技术支持\CHARMEXCHANGE.COD
G:\1.D平台产品库【测试】版本\D_PLATFORM(X64 NVERSION3.020)\PLATFORM\CLIENT\MAINFRAME\无技术支持\CHARMEXCHANGE.OBJ
G:\1.D平台产品库【测试】版本\D_PLATFORM(X64 NVERSION3.020)\PLATFORM\CLIENT\MAINFRAME\无技术支持\CHATCONTROL.COD
G:\1.D平台产品库【测试】版本\D_PLATFORM(X64 NVERSION3.020)\PLATFORM\CLIENT\MAINFRAME\无技术支持\CHATCONTROL.OBJ
G:\1.D平台产品库【测试】版本\D_PLATFORM(X64 NVERSION3.020)\PLATFORM\CLIENT\MAINFRAME\无技术支持\CHATTING.COD
G:\1.D平台产品库【测试】版本\D_PLATFORM(X64 NVERSION3.020)\PLATFORM\CLIENT\MAINFRAME\无技术支持\CHATTING.OBJ
G:\1.D平台产品库【测试】版本\D_PLATFORM(X64 NVERSION3.020)\PLATFORM\CLIENT\MAINFRAME\无技术支持\CHECKPSW.COD
G:\1.D平台产品库【测试】版本\D_PLATFORM(X64 NVERSION3.020)\PLATFORM\CLIENT\MAINFRAME\无技术支持\CHECKPSW.OBJ
G:\1.D平台产品库【测试】版本\D_Platform(x64 NVersion3.020)\PlatForm\Client\MainFrame\无技术支持\cl.command.1.tlog
G:\1.D平台产品库【测试】版本\D_Platform(x64 NVersion3.020)\PlatForm\Client\MainFrame\无技术支持\CL.read.1.tlog
G:\1.D平台产品库【测试】版本\D_Platform(x64 NVersion3.020)\PlatForm\Client\MainFrame\无技术支持\CL.write.1.tlog
G:\1.D平台产品库【测试】版本\D_PLATFORM(X64 NVERSION3.020)\PLATFORM\CLIENT\MAINFRAME\无技术支持\COLORCOMBOBOX.COD
G:\1.D平台产品库【测试】版本\D_PLATFORM(X64 NVERSION3.020)\PLATFORM\CLIENT\MAINFRAME\无技术支持\COLORCOMBOBOX.OBJ
G:\1.D平台产品库【测试】版本\D_PLATFORM(X64 NVERSION3.020)\PLATFORM\CLIENT\MAINFRAME\无技术支持\DATASTORAGE.COD
G:\1.D平台产品库【测试】版本\D_PLATFORM(X64 NVERSION3.020)\PLATFORM\CLIENT\MAINFRAME\无技术支持\DATASTORAGE.OBJ
G:\1.D平台产品库【测试】版本\D_PLATFORM(X64 NVERSION3.020)\PLATFORM\CLIENT\MAINFRAME\无技术支持\DESKFRAMEVIEW.COD
G:\1.D平台产品库【测试】版本\D_PLATFORM(X64 NVERSION3.020)\PLATFORM\CLIENT\MAINFRAME\无技术支持\DESKFRAMEVIEW.OBJ
G:\1.D平台产品库【测试】版本\D_PLATFORM(X64 NVERSION3.020)\PLATFORM\CLIENT\MAINFRAME\无技术支持\DIALOGCALLGM.COD
G:\1.D平台产品库【测试】版本\D_PLATFORM(X64 NVERSION3.020)\PLATFORM\CLIENT\MAINFRAME\无技术支持\DIALOGCALLGM.OBJ
G:\1.D平台产品库【测试】版本\D_PLATFORM(X64 NVERSION3.020)\PLATFORM\CLIENT\MAINFRAME\无技术支持\DLGINMONEY.COD
G:\1.D平台产品库【测试】版本\D_PLATFORM(X64 NVERSION3.020)\PLATFORM\CLIENT\MAINFRAME\无技术支持\DLGINMONEY.OBJ
G:\1.D平台产品库【测试】版本\D_PLATFORM(X64 NVERSION3.020)\PLATFORM\CLIENT\MAINFRAME\无技术支持\DLGOUTMONEY.COD
G:\1.D平台产品库【测试】版本\D_PLATFORM(X64 NVERSION3.020)\PLATFORM\CLIENT\MAINFRAME\无技术支持\DLGOUTMONEY.OBJ
G:\1.D平台产品库【测试】版本\D_PLATFORM(X64 NVERSION3.020)\PLATFORM\CLIENT\MAINFRAME\无技术支持\DLGROOMFEE.COD
G:\1.D平台产品库【测试】版本\D_PLATFORM(X64 NVERSION3.020)\PLATFORM\CLIENT\MAINFRAME\无技术支持\DLGROOMFEE.OBJ
G:\1.D平台产品库【测试】版本\D_PLATFORM(X64 NVERSION3.020)\PLATFORM\CLIENT\MAINFRAME\无技术支持\DLGROOMPW.COD
G:\1.D平台产品库【测试】版本\D_PLATFORM(X64 NVERSION3.020)\PLATFORM\CLIENT\MAINFRAME\无技术支持\DLGROOMPW.OBJ
G:\1.D平台产品库【测试】版本\D_PLATFORM(X64 NVERSION3.020)\PLATFORM\CLIENT\MAINFRAME\无技术支持\DLGTRANSFERMONEY.COD
G:\1.D平台产品库【测试】版本\D_PLATFORM(X64 NVERSION3.020)\PLATFORM\CLIENT\MAINFRAME\无技术支持\DLGTRANSFERMONEY.OBJ
G:\1.D平台产品库【测试】版本\D_PLATFORM(X64 NVERSION3.020)\PLATFORM\CLIENT\MAINFRAME\无技术支持\DUITOPWND.COD
G:\1.D平台产品库【测试】版本\D_PLATFORM(X64 NVERSION3.020)\PLATFORM\CLIENT\MAINFRAME\无技术支持\DUITOPWND.OBJ
G:\1.D平台产品库【测试】版本\D_PLATFORM(X64 NVERSION3.020)\PLATFORM\CLIENT\MAINFRAME\无技术支持\DUIUSERTABWND.COD
G:\1.D平台产品库【测试】版本\D_PLATFORM(X64 NVERSION3.020)\PLATFORM\CLIENT\MAINFRAME\无技术支持\DUIUSERTABWND.OBJ
G:\1.D平台产品库【测试】版本\D_PLATFORM(X64 NVERSION3.020)\PLATFORM\CLIENT\MAINFRAME\无技术支持\EXPLORER1.COD
G:\1.D平台产品库【测试】版本\D_PLATFORM(X64 NVERSION3.020)\PLATFORM\CLIENT\MAINFRAME\无技术支持\EXPLORER1.OBJ
G:\1.D平台产品库【测试】版本\D_PLATFORM(X64 NVERSION3.020)\PLATFORM\CLIENT\MAINFRAME\无技术支持\EXTROBOT.COD
G:\1.D平台产品库【测试】版本\D_PLATFORM(X64 NVERSION3.020)\PLATFORM\CLIENT\MAINFRAME\无技术支持\EXTROBOT.OBJ
G:\1.D平台产品库【测试】版本\D_PLATFORM(X64 NVERSION3.020)\PLATFORM\CLIENT\MAINFRAME\无技术支持\FILEVERSION.COD
G:\1.D平台产品库【测试】版本\D_PLATFORM(X64 NVERSION3.020)\PLATFORM\CLIENT\MAINFRAME\无技术支持\FILEVERSION.OBJ
G:\1.D平台产品库【测试】版本\D_PLATFORM(X64 NVERSION3.020)\PLATFORM\CLIENT\MAINFRAME\无技术支持\FINANCEWND.COD
G:\1.D平台产品库【测试】版本\D_PLATFORM(X64 NVERSION3.020)\PLATFORM\CLIENT\MAINFRAME\无技术支持\FINANCEWND.OBJ
G:\1.D平台产品库【测试】版本\D_PLATFORM(X64 NVERSION3.020)\PLATFORM\CLIENT\MAINFRAME\无技术支持\FINDNULLDESK.COD
G:\1.D平台产品库【测试】版本\D_PLATFORM(X64 NVERSION3.020)\PLATFORM\CLIENT\MAINFRAME\无技术支持\FINDNULLDESK.OBJ
G:\1.D平台产品库【测试】版本\D_PLATFORM(X64 NVERSION3.020)\PLATFORM\CLIENT\MAINFRAME\无技术支持\FINDUSERDLG.COD
G:\1.D平台产品库【测试】版本\D_PLATFORM(X64 NVERSION3.020)\PLATFORM\CLIENT\MAINFRAME\无技术支持\FINDUSERDLG.OBJ
G:\1.D平台产品库【测试】版本\D_PLATFORM(X64 NVERSION3.020)\PLATFORM\CLIENT\MAINFRAME\无技术支持\GAMELISTCTRL.COD
G:\1.D平台产品库【测试】版本\D_PLATFORM(X64 NVERSION3.020)\PLATFORM\CLIENT\MAINFRAME\无技术支持\GAMELISTCTRL.OBJ
G:\1.D平台产品库【测试】版本\D_PLATFORM(X64 NVERSION3.020)\PLATFORM\CLIENT\MAINFRAME\无技术支持\GAMELISTTIP.COD
G:\1.D平台产品库【测试】版本\D_PLATFORM(X64 NVERSION3.020)\PLATFORM\CLIENT\MAINFRAME\无技术支持\GAMELISTTIP.OBJ
G:\1.D平台产品库【测试】版本\D_PLATFORM(X64 NVERSION3.020)\PLATFORM\CLIENT\MAINFRAME\无技术支持\GAMEPLACE.COD
G:\1.D平台产品库【测试】版本\D_PLATFORM(X64 NVERSION3.020)\PLATFORM\CLIENT\MAINFRAME\无技术支持\GAMEPLACE.OBJ
G:\1.D平台产品库【测试】版本\D_PLATFORM(X64 NVERSION3.020)\PLATFORM\CLIENT\MAINFRAME\无技术支持\GAMEPLACE.RES
G:\1.D平台产品库【测试】版本\D_PLATFORM(X64 NVERSION3.020)\PLATFORM\CLIENT\MAINFRAME\无技术支持\GAMEPLACEDLG.COD
G:\1.D平台产品库【测试】版本\D_PLATFORM(X64 NVERSION3.020)\PLATFORM\CLIENT\MAINFRAME\无技术支持\GAMEPLACEDLG.OBJ
G:\1.D平台产品库【测试】版本\D_PLATFORM(X64 NVERSION3.020)\PLATFORM\CLIENT\MAINFRAME\无技术支持\GAMEROOMEX.COD
G:\1.D平台产品库【测试】版本\D_PLATFORM(X64 NVERSION3.020)\PLATFORM\CLIENT\MAINFRAME\无技术支持\GAMEROOMEX.OBJ
G:\1.D平台产品库【测试】版本\D_PLATFORM(X64 NVERSION3.020)\PLATFORM\CLIENT\MAINFRAME\无技术支持\GAMEUSERMANAGE.COD
G:\1.D平台产品库【测试】版本\D_PLATFORM(X64 NVERSION3.020)\PLATFORM\CLIENT\MAINFRAME\无技术支持\GAMEUSERMANAGE.OBJ
G:\1.D平台产品库【测试】版本\D_PLATFORM(X64 NVERSION3.020)\PLATFORM\CLIENT\MAINFRAME\无技术支持\GETHELPMONEYDLG.COD
G:\1.D平台产品库【测试】版本\D_PLATFORM(X64 NVERSION3.020)\PLATFORM\CLIENT\MAINFRAME\无技术支持\GETHELPMONEYDLG.OBJ
G:\1.D平台产品库【测试】版本\D_PLATFORM(X64 NVERSION3.020)\PLATFORM\CLIENT\MAINFRAME\无技术支持\GMLISTDLG.COD
G:\1.D平台产品库【测试】版本\D_PLATFORM(X64 NVERSION3.020)\PLATFORM\CLIENT\MAINFRAME\无技术支持\GMLISTDLG.OBJ
G:\1.D平台产品库【测试】版本\D_PLATFORM(X64 NVERSION3.020)\PLATFORM\CLIENT\MAINFRAME\无技术支持\GMMSGDLG.COD
G:\1.D平台产品库【测试】版本\D_PLATFORM(X64 NVERSION3.020)\PLATFORM\CLIENT\MAINFRAME\无技术支持\GMMSGDLG.OBJ
G:\1.D平台产品库【测试】版本\D_PLATFORM(X64 NVERSION3.020)\PLATFORM\CLIENT\MAINFRAME\无技术支持\HTTPDOWNLOADDLG.COD
G:\1.D平台产品库【测试】版本\D_PLATFORM(X64 NVERSION3.020)\PLATFORM\CLIENT\MAINFRAME\无技术支持\HTTPDOWNLOADDLG.OBJ
G:\1.D平台产品库【测试】版本\D_PLATFORM(X64 NVERSION3.020)\PLATFORM\CLIENT\MAINFRAME\无技术支持\IDKEYBOARDWND.COD
G:\1.D平台产品库【测试】版本\D_PLATFORM(X64 NVERSION3.020)\PLATFORM\CLIENT\MAINFRAME\无技术支持\IDKEYBOARDWND.OBJ
G:\1.D平台产品库【测试】版本\D_PLATFORM(X64 NVERSION3.020)\PLATFORM\CLIENT\MAINFRAME\无技术支持\IDVERIFYWND.COD
G:\1.D平台产品库【测试】版本\D_PLATFORM(X64 NVERSION3.020)\PLATFORM\CLIENT\MAINFRAME\无技术支持\IDVERIFYWND.OBJ
G:\1.D平台产品库【测试】版本\D_PLATFORM(X64 NVERSION3.020)\PLATFORM\CLIENT\MAINFRAME\无技术支持\IEADVERTISE.COD
G:\1.D平台产品库【测试】版本\D_PLATFORM(X64 NVERSION3.020)\PLATFORM\CLIENT\MAINFRAME\无技术支持\IEADVERTISE.OBJ
G:\1.D平台产品库【测试】版本\D_PLATFORM(X64 NVERSION3.020)\PLATFORM\CLIENT\MAINFRAME\无技术支持\IEHELPER.COD
G:\1.D平台产品库【测试】版本\D_PLATFORM(X64 NVERSION3.020)\PLATFORM\CLIENT\MAINFRAME\无技术支持\IEHELPER.OBJ
G:\1.D平台产品库【测试】版本\D_PLATFORM(X64 NVERSION3.020)\PLATFORM\CLIENT\MAINFRAME\无技术支持\IMMAIN.COD
G:\1.D平台产品库【测试】版本\D_PLATFORM(X64 NVERSION3.020)\PLATFORM\CLIENT\MAINFRAME\无技术支持\IMMAIN.OBJ
G:\1.D平台产品库【测试】版本\D_PLATFORM(X64 NVERSION3.020)\PLATFORM\CLIENT\MAINFRAME\无技术支持\IMSESSION.COD
G:\1.D平台产品库【测试】版本\D_PLATFORM(X64 NVERSION3.020)\PLATFORM\CLIENT\MAINFRAME\无技术支持\IMSESSION.OBJ
G:\1.D平台产品库【测试】版本\D_PLATFORM(X64 NVERSION3.020)\PLATFORM\CLIENT\MAINFRAME\无技术支持\IMSETUSER.COD
G:\1.D平台产品库【测试】版本\D_PLATFORM(X64 NVERSION3.020)\PLATFORM\CLIENT\MAINFRAME\无技术支持\IMSETUSER.OBJ
G:\1.D平台产品库【测试】版本\D_PLATFORM(X64 NVERSION3.020)\PLATFORM\CLIENT\MAINFRAME\无技术支持\IMWND.COD
G:\1.D平台产品库【测试】版本\D_PLATFORM(X64 NVERSION3.020)\PLATFORM\CLIENT\MAINFRAME\无技术支持\IMWND.OBJ
G:\1.D平台产品库【测试】版本\D_PLATFORM(X64 NVERSION3.020)\PLATFORM\CLIENT\MAINFRAME\无技术支持\IPCCONTROLS.COD
G:\1.D平台产品库【测试】版本\D_PLATFORM(X64 NVERSION3.020)\PLATFORM\CLIENT\MAINFRAME\无技术支持\IPCCONTROLS.OBJ
G:\1.D平台产品库【测试】版本\D_PLATFORM(X64 NVERSION3.020)\PLATFORM\CLIENT\MAINFRAME\无技术支持\ITEMDLG.COD
G:\1.D平台产品库【测试】版本\D_PLATFORM(X64 NVERSION3.020)\PLATFORM\CLIENT\MAINFRAME\无技术支持\ITEMDLG.OBJ
G:\1.D平台产品库【测试】版本\D_Platform(x64 NVersion3.020)\PlatForm\Client\MainFrame\无技术支持\link.command.1.tlog
G:\1.D平台产品库【测试】版本\D_Platform(x64 NVersion3.020)\PlatForm\Client\MainFrame\无技术支持\link.read.1.tlog
G:\1.D平台产品库【测试】版本\D_Platform(x64 NVersion3.020)\PlatForm\Client\MainFrame\无技术支持\link.write.1.tlog
G:\1.D平台产品库【测试】版本\D_Platform(x64 NVersion3.020)\PlatForm\Client\MainFrame\无技术支持\link-cvtres.read.1.tlog
G:\1.D平台产品库【测试】版本\D_Platform(x64 NVersion3.020)\PlatForm\Client\MainFrame\无技术支持\link-cvtres.write.1.tlog
G:\1.D平台产品库【测试】版本\D_PLATFORM(X64 NVERSION3.020)\PLATFORM\CLIENT\MAINFRAME\无技术支持\LOCKACCOUNTDLG.COD
G:\1.D平台产品库【测试】版本\D_PLATFORM(X64 NVERSION3.020)\PLATFORM\CLIENT\MAINFRAME\无技术支持\LOCKACCOUNTDLG.OBJ
G:\1.D平台产品库【测试】版本\D_PLATFORM(X64 NVERSION3.020)\PLATFORM\CLIENT\MAINFRAME\无技术支持\LOGONDIALOG.COD
G:\1.D平台产品库【测试】版本\D_PLATFORM(X64 NVERSION3.020)\PLATFORM\CLIENT\MAINFRAME\无技术支持\LOGONDIALOG.OBJ
G:\1.D平台产品库【测试】版本\D_PLATFORM(X64 NVERSION3.020)\PLATFORM\CLIENT\MAINFRAME\无技术支持\LOGOSELECT.COD
G:\1.D平台产品库【测试】版本\D_PLATFORM(X64 NVERSION3.020)\PLATFORM\CLIENT\MAINFRAME\无技术支持\LOGOSELECT.OBJ
G:\1.D平台产品库【测试】版本\D_PLATFORM(X64 NVERSION3.020)\PLATFORM\CLIENT\MAINFRAME\无技术支持\LOGOUPLOAD.COD
G:\1.D平台产品库【测试】版本\D_PLATFORM(X64 NVERSION3.020)\PLATFORM\CLIENT\MAINFRAME\无技术支持\LOGOUPLOAD.OBJ
G:\1.D平台产品库【测试】版本\D_PLATFORM(X64 NVERSION3.020)\PLATFORM\CLIENT\MAINFRAME\无技术支持\LONGONDIALOG.COD
G:\1.D平台产品库【测试】版本\D_PLATFORM(X64 NVERSION3.020)\PLATFORM\CLIENT\MAINFRAME\无技术支持\LONGONDIALOG.OBJ
G:\1.D平台产品库【测试】版本\D_PLATFORM(X64 NVERSION3.020)\PLATFORM\CLIENT\MAINFRAME\无技术支持\LOVESENDCLASSFOREXE.COD
G:\1.D平台产品库【测试】版本\D_PLATFORM(X64 NVERSION3.020)\PLATFORM\CLIENT\MAINFRAME\无技术支持\LOVESENDCLASSFOREXE.OBJ
G:\1.D平台产品库【测试】版本\D_PLATFORM(X64 NVERSION3.020)\PLATFORM\CLIENT\MAINFRAME\无技术支持\MAINROOMEX.COD
G:\1.D平台产品库【测试】版本\D_PLATFORM(X64 NVERSION3.020)\PLATFORM\CLIENT\MAINFRAME\无技术支持\MAINROOMEX.OBJ
G:\1.D平台产品库【测试】版本\D_PLATFORM(X64 NVERSION3.020)\PLATFORM\CLIENT\MAINFRAME\无技术支持\MANAGEDLG.COD
G:\1.D平台产品库【测试】版本\D_PLATFORM(X64 NVERSION3.020)\PLATFORM\CLIENT\MAINFRAME\无技术支持\MANAGEDLG.OBJ
G:\1.D平台产品库【测试】版本\D_PLATFORM(X64 NVERSION3.020)\PLATFORM\CLIENT\MAINFRAME\无技术支持\MD5.COD
G:\1.D平台产品库【测试】版本\D_PLATFORM(X64 NVERSION3.020)\PLATFORM\CLIENT\MAINFRAME\无技术支持\MD5.OBJ
G:\1.D平台产品库【测试】版本\D_PLATFORM(X64 NVERSION3.020)\PLATFORM\CLIENT\MAINFRAME\无技术支持\MINIPOPWND.COD
G:\1.D平台产品库【测试】版本\D_PLATFORM(X64 NVERSION3.020)\PLATFORM\CLIENT\MAINFRAME\无技术支持\MINIPOPWND.OBJ
G:\1.D平台产品库【测试】版本\D_PLATFORM(X64 NVERSION3.020)\PLATFORM\CLIENT\MAINFRAME\无技术支持\MOBILEVERIFYWND.COD
G:\1.D平台产品库【测试】版本\D_PLATFORM(X64 NVERSION3.020)\PLATFORM\CLIENT\MAINFRAME\无技术支持\MOBILEVERIFYWND.OBJ
G:\1.D平台产品库【测试】版本\D_Platform(x64 NVersion3.020)\PlatForm\Client\MainFrame\无技术支持\mt.command.1.tlog
G:\1.D平台产品库【测试】版本\D_Platform(x64 NVersion3.020)\PlatForm\Client\MainFrame\无技术支持\mt.read.1.tlog
G:\1.D平台产品库【测试】版本\D_Platform(x64 NVersion3.020)\PlatForm\Client\MainFrame\无技术支持\mt.write.1.tlog
G:\1.D平台产品库【测试】版本\D_PLATFORM(X64 NVERSION3.020)\PLATFORM\CLIENT\MAINFRAME\无技术支持\MYBUTTON.COD
G:\1.D平台产品库【测试】版本\D_PLATFORM(X64 NVERSION3.020)\PLATFORM\CLIENT\MAINFRAME\无技术支持\MYBUTTON.OBJ
G:\1.D平台产品库【测试】版本\D_PLATFORM(X64 NVERSION3.020)\PLATFORM\CLIENT\MAINFRAME\无技术支持\MYDISKINFO.COD
G:\1.D平台产品库【测试】版本\D_PLATFORM(X64 NVERSION3.020)\PLATFORM\CLIENT\MAINFRAME\无技术支持\MYDISKINFO.OBJ
G:\1.D平台产品库【测试】版本\D_PLATFORM(X64 NVERSION3.020)\PLATFORM\CLIENT\MAINFRAME\无技术支持\MYLISTCTRL.COD
G:\1.D平台产品库【测试】版本\D_PLATFORM(X64 NVERSION3.020)\PLATFORM\CLIENT\MAINFRAME\无技术支持\MYLISTCTRL.OBJ
G:\1.D平台产品库【测试】版本\D_PLATFORM(X64 NVERSION3.020)\PLATFORM\CLIENT\MAINFRAME\无技术支持\NAVIGATIONDLG.COD
G:\1.D平台产品库【测试】版本\D_PLATFORM(X64 NVERSION3.020)\PLATFORM\CLIENT\MAINFRAME\无技术支持\NAVIGATIONDLG.OBJ
G:\1.D平台产品库【测试】版本\D_PLATFORM(X64 NVERSION3.020)\PLATFORM\CLIENT\MAINFRAME\无技术支持\PASSDESK.COD
G:\1.D平台产品库【测试】版本\D_PLATFORM(X64 NVERSION3.020)\PLATFORM\CLIENT\MAINFRAME\无技术支持\PASSDESK.OBJ
G:\1.D平台产品库【测试】版本\D_PLATFORM(X64 NVERSION3.020)\PLATFORM\CLIENT\MAINFRAME\无技术支持\PBANKDLG.COD
G:\1.D平台产品库【测试】版本\D_PLATFORM(X64 NVERSION3.020)\PLATFORM\CLIENT\MAINFRAME\无技术支持\PBANKDLG.OBJ
G:\1.D平台产品库【测试】版本\D_PLATFORM(X64 NVERSION3.020)\PLATFORM\CLIENT\MAINFRAME\无技术支持\PBANKWND.COD
G:\1.D平台产品库【测试】版本\D_PLATFORM(X64 NVERSION3.020)\PLATFORM\CLIENT\MAINFRAME\无技术支持\PBANKWND.OBJ
G:\1.D平台产品库【测试】版本\D_PLATFORM(X64 NVERSION3.020)\PLATFORM\CLIENT\MAINFRAME\无技术支持\PBANKWNDEX.COD
G:\1.D平台产品库【测试】版本\D_PLATFORM(X64 NVERSION3.020)\PLATFORM\CLIENT\MAINFRAME\无技术支持\PBANKWNDEX.OBJ
G:\1.D平台产品库【测试】版本\D_PLATFORM(X64 NVERSION3.020)\PLATFORM\CLIENT\MAINFRAME\无技术支持\PERSONALSET.COD
G:\1.D平台产品库【测试】版本\D_PLATFORM(X64 NVERSION3.020)\PLATFORM\CLIENT\MAINFRAME\无技术支持\PERSONALSET.OBJ
G:\1.D平台产品库【测试】版本\D_PLATFORM(X64 NVERSION3.020)\PLATFORM\CLIENT\MAINFRAME\无技术支持\PLACERESOURCE.COD
G:\1.D平台产品库【测试】版本\D_PLATFORM(X64 NVERSION3.020)\PLATFORM\CLIENT\MAINFRAME\无技术支持\PLACERESOURCE.OBJ
G:\1.D平台产品库【测试】版本\D_PLATFORM(X64 NVERSION3.020)\PLATFORM\CLIENT\MAINFRAME\无技术支持\PROPPANNEL.COD
G:\1.D平台产品库【测试】版本\D_PLATFORM(X64 NVERSION3.020)\PLATFORM\CLIENT\MAINFRAME\无技术支持\PROPPANNEL.OBJ
G:\1.D平台产品库【测试】版本\D_PLATFORM(X64 NVERSION3.020)\PLATFORM\CLIENT\MAINFRAME\无技术支持\QUEUEINROOMDLG.COD
G:\1.D平台产品库【测试】版本\D_PLATFORM(X64 NVERSION3.020)\PLATFORM\CLIENT\MAINFRAME\无技术支持\QUEUEINROOMDLG.OBJ
G:\1.D平台产品库【测试】版本\D_PLATFORM(X64 NVERSION3.020)\PLATFORM\CLIENT\MAINFRAME\无技术支持\QUITASK.COD
G:\1.D平台产品库【测试】版本\D_PLATFORM(X64 NVERSION3.020)\PLATFORM\CLIENT\MAINFRAME\无技术支持\QUITASK.OBJ
G:\1.D平台产品库【测试】版本\D_Platform(x64 NVersion3.020)\PlatForm\Client\MainFrame\无技术支持\rc.command.1.tlog
G:\1.D平台产品库【测试】版本\D_Platform(x64 NVersion3.020)\PlatForm\Client\MainFrame\无技术支持\rc.read.1.tlog
G:\1.D平台产品库【测试】版本\D_Platform(x64 NVersion3.020)\PlatForm\Client\MainFrame\无技术支持\rc.write.1.tlog
G:\1.D平台产品库【测试】版本\D_PLATFORM(X64 NVERSION3.020)\PLATFORM\CLIENT\MAINFRAME\无技术支持\REGISTERNEWUSERDLG.COD
G:\1.D平台产品库【测试】版本\D_PLATFORM(X64 NVERSION3.020)\PLATFORM\CLIENT\MAINFRAME\无技术支持\REGISTERNEWUSERDLG.OBJ
G:\1.D平台产品库【测试】版本\D_PLATFORM(X64 NVERSION3.020)\PLATFORM\CLIENT\MAINFRAME\无技术支持\REGSUCDLG.COD
G:\1.D平台产品库【测试】版本\D_PLATFORM(X64 NVERSION3.020)\PLATFORM\CLIENT\MAINFRAME\无技术支持\REGSUCDLG.OBJ
G:\1.D平台产品库【测试】版本\D_PLATFORM(X64 NVERSION3.020)\PLATFORM\CLIENT\MAINFRAME\无技术支持\ROOMSETDLG.COD
G:\1.D平台产品库【测试】版本\D_PLATFORM(X64 NVERSION3.020)\PLATFORM\CLIENT\MAINFRAME\无技术支持\ROOMSETDLG.OBJ
G:\1.D平台产品库【测试】版本\D_PLATFORM(X64 NVERSION3.020)\PLATFORM\CLIENT\MAINFRAME\无技术支持\ROOMSETWND.COD
G:\1.D平台产品库【测试】版本\D_PLATFORM(X64 NVERSION3.020)\PLATFORM\CLIENT\MAINFRAME\无技术支持\ROOMSETWND.OBJ
G:\1.D平台产品库【测试】版本\D_PLATFORM(X64 NVERSION3.020)\PLATFORM\CLIENT\MAINFRAME\无技术支持\SAFECENTERWND.COD
G:\1.D平台产品库【测试】版本\D_PLATFORM(X64 NVERSION3.020)\PLATFORM\CLIENT\MAINFRAME\无技术支持\SAFECENTERWND.OBJ
G:\1.D平台产品库【测试】版本\D_PLATFORM(X64 NVERSION3.020)\PLATFORM\CLIENT\MAINFRAME\无技术支持\SENDWARNDLG.COD
G:\1.D平台产品库【测试】版本\D_PLATFORM(X64 NVERSION3.020)\PLATFORM\CLIENT\MAINFRAME\无技术支持\SENDWARNDLG.OBJ
G:\1.D平台产品库【测试】版本\D_PLATFORM(X64 NVERSION3.020)\PLATFORM\CLIENT\MAINFRAME\无技术支持\SERVERSOCKETSELECT.COD
G:\1.D平台产品库【测试】版本\D_PLATFORM(X64 NVERSION3.020)\PLATFORM\CLIENT\MAINFRAME\无技术支持\SERVERSOCKETSELECT.OBJ
G:\1.D平台产品库【测试】版本\D_PLATFORM(X64 NVERSION3.020)\PLATFORM\CLIENT\MAINFRAME\无技术支持\SETDESKBASEPOINT.COD
G:\1.D平台产品库【测试】版本\D_PLATFORM(X64 NVERSION3.020)\PLATFORM\CLIENT\MAINFRAME\无技术支持\SETDESKBASEPOINT.OBJ
G:\1.D平台产品库【测试】版本\D_PLATFORM(X64 NVERSION3.020)\PLATFORM\CLIENT\MAINFRAME\无技术支持\SETFRIEND.COD
G:\1.D平台产品库【测试】版本\D_PLATFORM(X64 NVERSION3.020)\PLATFORM\CLIENT\MAINFRAME\无技术支持\SETFRIEND.OBJ
G:\1.D平台产品库【测试】版本\D_PLATFORM(X64 NVERSION3.020)\PLATFORM\CLIENT\MAINFRAME\无技术支持\SHA1.COD
G:\1.D平台产品库【测试】版本\D_PLATFORM(X64 NVERSION3.020)\PLATFORM\CLIENT\MAINFRAME\无技术支持\SHA1.OBJ
G:\1.D平台产品库【测试】版本\D_PLATFORM(X64 NVERSION3.020)\PLATFORM\CLIENT\MAINFRAME\无技术支持\SKINHEADERCTRL.COD
G:\1.D平台产品库【测试】版本\D_PLATFORM(X64 NVERSION3.020)\PLATFORM\CLIENT\MAINFRAME\无技术支持\SKINHEADERCTRL.OBJ
G:\1.D平台产品库【测试】版本\D_PLATFORM(X64 NVERSION3.020)\PLATFORM\CLIENT\MAINFRAME\无技术支持\SKINLISTCTRL.COD
G:\1.D平台产品库【测试】版本\D_PLATFORM(X64 NVERSION3.020)\PLATFORM\CLIENT\MAINFRAME\无技术支持\SKINLISTCTRL.OBJ
G:\1.D平台产品库【测试】版本\D_PLATFORM(X64 NVERSION3.020)\PLATFORM\CLIENT\MAINFRAME\无技术支持\SKINMGR.COD
G:\1.D平台产品库【测试】版本\D_PLATFORM(X64 NVERSION3.020)\PLATFORM\CLIENT\MAINFRAME\无技术支持\SKINMGR.OBJ
G:\1.D平台产品库【测试】版本\D_PLATFORM(X64 NVERSION3.020)\PLATFORM\CLIENT\MAINFRAME\无技术支持\SOCKET32.COD
G:\1.D平台产品库【测试】版本\D_PLATFORM(X64 NVERSION3.020)\PLATFORM\CLIENT\MAINFRAME\无技术支持\SOCKET32.OBJ
G:\1.D平台产品库【测试】版本\D_PLATFORM(X64 NVERSION3.020)\PLATFORM\CLIENT\MAINFRAME\无技术支持\SOFTKEY.COD
G:\1.D平台产品库【测试】版本\D_PLATFORM(X64 NVERSION3.020)\PLATFORM\CLIENT\MAINFRAME\无技术支持\SOFTKEY.OBJ
G:\1.D平台产品库【测试】版本\D_PLATFORM(X64 NVERSION3.020)\PLATFORM\CLIENT\MAINFRAME\无技术支持\STDAFX.COD
G:\1.D平台产品库【测试】版本\D_PLATFORM(X64 NVERSION3.020)\PLATFORM\CLIENT\MAINFRAME\无技术支持\STDAFX.OBJ
G:\1.D平台产品库【测试】版本\D_PLATFORM(X64 NVERSION3.020)\PLATFORM\CLIENT\MAINFRAME\无技术支持\STRINGHELPER.COD
G:\1.D平台产品库【测试】版本\D_PLATFORM(X64 NVERSION3.020)\PLATFORM\CLIENT\MAINFRAME\无技术支持\STRINGHELPER.OBJ
G:\1.D平台产品库【测试】版本\D_PLATFORM(X64 NVERSION3.020)\PLATFORM\CLIENT\MAINFRAME\无技术支持\TCPSERVER.COD
G:\1.D平台产品库【测试】版本\D_PLATFORM(X64 NVERSION3.020)\PLATFORM\CLIENT\MAINFRAME\无技术支持\TCPSERVER.OBJ
G:\1.D平台产品库【测试】版本\D_PLATFORM(X64 NVERSION3.020)\PLATFORM\CLIENT\MAINFRAME\无技术支持\TRANSPARENTSTATIC.COD
G:\1.D平台产品库【测试】版本\D_PLATFORM(X64 NVERSION3.020)\PLATFORM\CLIENT\MAINFRAME\无技术支持\TRANSPARENTSTATIC.OBJ
G:\1.D平台产品库【测试】版本\D_PLATFORM(X64 NVERSION3.020)\PLATFORM\CLIENT\MAINFRAME\无技术支持\TSTATIC.COD
G:\1.D平台产品库【测试】版本\D_PLATFORM(X64 NVERSION3.020)\PLATFORM\CLIENT\MAINFRAME\无技术支持\TSTATIC.OBJ
G:\1.D平台产品库【测试】版本\D_PLATFORM(X64 NVERSION3.020)\PLATFORM\CLIENT\MAINFRAME\无技术支持\USEBOARDCASTWND.COD
G:\1.D平台产品库【测试】版本\D_PLATFORM(X64 NVERSION3.020)\PLATFORM\CLIENT\MAINFRAME\无技术支持\USEBOARDCASTWND.OBJ
G:\1.D平台产品库【测试】版本\D_PLATFORM(X64 NVERSION3.020)\PLATFORM\CLIENT\MAINFRAME\无技术支持\USERDETAILSDLG.COD
G:\1.D平台产品库【测试】版本\D_PLATFORM(X64 NVERSION3.020)\PLATFORM\CLIENT\MAINFRAME\无技术支持\USERDETAILSDLG.OBJ
G:\1.D平台产品库【测试】版本\D_PLATFORM(X64 NVERSION3.020)\PLATFORM\CLIENT\MAINFRAME\无技术支持\USERINFOWND.COD
G:\1.D平台产品库【测试】版本\D_PLATFORM(X64 NVERSION3.020)\PLATFORM\CLIENT\MAINFRAME\无技术支持\USERINFOWND.OBJ
G:\1.D平台产品库【测试】版本\D_PLATFORM(X64 NVERSION3.020)\PLATFORM\CLIENT\MAINFRAME\无技术支持\USERLISTCTRL.COD
G:\1.D平台产品库【测试】版本\D_PLATFORM(X64 NVERSION3.020)\PLATFORM\CLIENT\MAINFRAME\无技术支持\USERLISTCTRL.OBJ
G:\1.D平台产品库【测试】版本\D_PLATFORM(X64 NVERSION3.020)\PLATFORM\CLIENT\MAINFRAME\无技术支持\VC100.PDB
G:\1.D平台产品库【测试】版本\D_PLATFORM(X64 NVERSION3.020)\PLATFORM\CLIENT\MAINFRAME\无技术支持\VIPTIPDLG.COD
G:\1.D平台产品库【测试】版本\D_PLATFORM(X64 NVERSION3.020)\PLATFORM\CLIENT\MAINFRAME\无技术支持\VIPTIPDLG.OBJ
G:\1.D平台产品库【测试】版本\D_PLATFORM(X64 NVERSION3.020)\PLATFORM\CLIENT\MAINFRAME\无技术支持\WEBWND.COD
G:\1.D平台产品库【测试】版本\D_PLATFORM(X64 NVERSION3.020)\PLATFORM\CLIENT\MAINFRAME\无技术支持\WEBWND.OBJ
G:\1.D平台产品库【测试】版本\D_PLATFORM(X64 NVERSION3.020)\PLATFORM\CLIENT\MAINFRAME\无技术支持\WNDANIMATE.COD
G:\1.D平台产品库【测试】版本\D_PLATFORM(X64 NVERSION3.020)\PLATFORM\CLIENT\MAINFRAME\无技术支持\WNDANIMATE.OBJ
G:\1.D平台产品库【测试】版本\D_PLATFORM(X64 NVERSION3.020)\PLATFORM\CLIENT\MAINFRAME\无技术支持\主框架.EXE.INTERMEDIATE.MANIFEST
G:\1.D平台产品库【测试】版本\D_PLATFORM(X64 NVERSION3.020)\PLATFORM\CLIENT\MAINFRAME\无技术支持\主框架.PCH
G:\1.D平台产品库【测试】版本\D_Platform(x64 NVersion3.020)\PlatForm\Client\MainFrame\无技术支持\主框架.write.1.tlog
G:\1.D平台产品库【测试】版本\D_PLATFORM(X64 NVERSION3.020)\RUN\CLIENT\RELEASE\BZW_R.EXE
G:\1.D平台产品库【测试】版本\D_PLATFORM(X64 NVERSION3.020)\RUN\CLIENT\RELEASE\BZW_R.MAP
