G:\1.D平台产品库【测试】版本\D_PLATFORM(X64 NVERSION3.020)\GAMELAUNCHER\EXEFORGAME\RELEASE\CHANNELSERVICE.OBJ
G:\1.D平台产品库【测试】版本\D_Platform(x64 NVersion3.020)\GameLauncher\ExeForGame\Release\cl.command.1.tlog
G:\1.D平台产品库【测试】版本\D_Platform(x64 NVersion3.020)\GameLauncher\ExeForGame\Release\CL.read.1.tlog
G:\1.D平台产品库【测试】版本\D_Platform(x64 NVersion3.020)\GameLauncher\ExeForGame\Release\CL.write.1.tlog
G:\1.D平台产品库【测试】版本\D_PLATFORM(X64 NVERSION3.020)\GAMELAUNCHER\EXEFORGAME\RELEASE\DATASTORAGE.OBJ
G:\1.D平台产品库【测试】版本\D_PLATFORM(X64 NVERSION3.020)\GAMELAUNCHER\EXEFORGAME\RELEASE\DEBUGPRINTF.OBJ
G:\1.D平台产品库【测试】版本\D_PLATFORM(X64 NVERSION3.020)\GAMELAUNCHER\EXEFORGAME\RELEASE\EXECLIENT.OBJ
G:\1.D平台产品库【测试】版本\D_PLATFORM(X64 NVERSION3.020)\GAMELAUNCHER\EXEFORGAME\RELEASE\EXECLIENT.RES
G:\1.D平台产品库【测试】版本\D_PLATFORM(X64 NVERSION3.020)\GAMELAUNCHER\EXEFORGAME\RELEASE\EXECLIENTDLG.OBJ
G:\1.D平台产品库【测试】版本\D_PLATFORM(X64 NVERSION3.020)\GAMELAUNCHER\EXEFORGAME\RELEASE\EXEFORGAME.EXE.INTERMEDIATE.MANIFEST
G:\1.D平台产品库【测试】版本\D_PLATFORM(X64 NVERSION3.020)\GAMELAUNCHER\EXEFORGAME\RELEASE\EXEFORGAME.PCH
G:\1.D平台产品库【测试】版本\D_Platform(x64 NVersion3.020)\GameLauncher\ExeForGame\Release\ExeForGame.write.1.tlog
G:\1.D平台产品库【测试】版本\D_PLATFORM(X64 NVERSION3.020)\GAMELAUNCHER\EXEFORGAME\RELEASE\IPCCONTROLS.OBJ
G:\1.D平台产品库【测试】版本\D_Platform(x64 NVersion3.020)\GameLauncher\ExeForGame\Release\link.command.1.tlog
G:\1.D平台产品库【测试】版本\D_Platform(x64 NVersion3.020)\GameLauncher\ExeForGame\Release\link.read.1.tlog
G:\1.D平台产品库【测试】版本\D_Platform(x64 NVersion3.020)\GameLauncher\ExeForGame\Release\link.write.1.tlog
G:\1.D平台产品库【测试】版本\D_Platform(x64 NVersion3.020)\GameLauncher\ExeForGame\Release\link-cvtres.read.1.tlog
G:\1.D平台产品库【测试】版本\D_Platform(x64 NVersion3.020)\GameLauncher\ExeForGame\Release\link-cvtres.write.1.tlog
G:\1.D平台产品库【测试】版本\D_Platform(x64 NVersion3.020)\GameLauncher\ExeForGame\Release\mt.command.1.tlog
G:\1.D平台产品库【测试】版本\D_Platform(x64 NVersion3.020)\GameLauncher\ExeForGame\Release\mt.read.1.tlog
G:\1.D平台产品库【测试】版本\D_Platform(x64 NVersion3.020)\GameLauncher\ExeForGame\Release\mt.write.1.tlog
G:\1.D平台产品库【测试】版本\D_Platform(x64 NVersion3.020)\GameLauncher\ExeForGame\Release\rc.command.1.tlog
G:\1.D平台产品库【测试】版本\D_Platform(x64 NVersion3.020)\GameLauncher\ExeForGame\Release\rc.read.1.tlog
G:\1.D平台产品库【测试】版本\D_Platform(x64 NVersion3.020)\GameLauncher\ExeForGame\Release\rc.write.1.tlog
G:\1.D平台产品库【测试】版本\D_PLATFORM(X64 NVERSION3.020)\GAMELAUNCHER\EXEFORGAME\RELEASE\STDAFX.OBJ
G:\1.D平台产品库【测试】版本\D_PLATFORM(X64 NVERSION3.020)\GAMELAUNCHER\EXEFORGAME\RELEASE\VC100.PDB
G:\1.D平台产品库【测试】版本\D_PLATFORM(X64 NVERSION3.020)\GAMELAUNCHER\RELEASE\EXEFORGAME.PDB
G:\1.D平台产品库【测试】版本\D_PLATFORM(X64 NVERSION3.020)\GAMELAUNCHER\RUN\CLIENT\RELEASE\GAMELAUNCHER.EXE
