D:\1.面对面平台\D_PLATFORM(X64 NVERSION3.020)产品库测试\GAMES\10003400_LZDDZ\GAMECODE\CLIENT\DEBUG\ANIMAL.OBJ
D:\1.面对面平台\D_PLATFORM(X64 NVERSION3.020)产品库测试\GAMES\10003400_LZDDZ\GAMECODE\CLIENT\DEBUG\CARDANIMAL.OBJ
D:\1.面对面平台\D_PLATFORM(X64 NVERSION3.020)产品库测试\GAMES\10003400_LZDDZ\GAMECODE\CLIENT\DEBUG\CLIENT.DLL.INTERMEDIATE.MANIFEST
D:\1.面对面平台\D_PLATFORM(X64 NVERSION3.020)产品库测试\GAMES\10003400_LZDDZ\GAMECODE\CLIENT\DEBUG\CLIENT.PCH
D:\1.面对面平台\D_PLATFORM(X64 NVERSION3.020)产品库测试\GAMES\10003400_LZDDZ\GAMECODE\CLIENT\DEBUG\CLIENT.PDB
D:\1.面对面平台\D_PLATFORM(X64 NVERSION3.020)产品库测试\GAMES\10003400_LZDDZ\GAMECODE\CLIENT\DEBUG\CLIENTGAMEDLG.OBJ
D:\1.面对面平台\D_PLATFORM(X64 NVERSION3.020)产品库测试\GAMES\10003400_LZDDZ\GAMECODE\CLIENT\DEBUG\CLIENTVIEW.OBJ
D:\1.面对面平台\D_PLATFORM(X64 NVERSION3.020)产品库测试\GAMES\10003400_LZDDZ\GAMECODE\CLIENT\DEBUG\COMBINEANIMAL.OBJ
D:\1.面对面平台\D_PLATFORM(X64 NVERSION3.020)产品库测试\GAMES\10003400_LZDDZ\GAMECODE\CLIENT\DEBUG\DISPLAYTALKDIALOG.OBJ
D:\1.面对面平台\D_PLATFORM(X64 NVERSION3.020)产品库测试\GAMES\10003400_LZDDZ\GAMECODE\CLIENT\DEBUG\GAMECARD.OBJ
D:\1.面对面平台\D_Platform(x64 NVersion3.020)产品库测试\games\10003400_LZDDZ\GameCode\Client\debug\GameClient.exp
D:\1.面对面平台\D_Platform(x64 NVersion3.020)产品库测试\games\10003400_LZDDZ\GameCode\Client\debug\GameClient.lib
D:\1.面对面平台\D_PLATFORM(X64 NVERSION3.020)产品库测试\GAMES\10003400_LZDDZ\GAMECODE\CLIENT\DEBUG\GAMECLIENT.OBJ
D:\1.面对面平台\D_PLATFORM(X64 NVERSION3.020)产品库测试\GAMES\10003400_LZDDZ\GAMECODE\CLIENT\DEBUG\GAMECLIENT.RES
D:\1.面对面平台\D_PLATFORM(X64 NVERSION3.020)产品库测试\GAMES\10003400_LZDDZ\GAMECODE\CLIENT\DEBUG\GAMEFINISHDLG.OBJ
D:\1.面对面平台\D_PLATFORM(X64 NVERSION3.020)产品库测试\GAMES\10003400_LZDDZ\GAMECODE\CLIENT\DEBUG\GAMENOTEWND.OBJ
D:\1.面对面平台\D_PLATFORM(X64 NVERSION3.020)产品库测试\GAMES\10003400_LZDDZ\GAMECODE\CLIENT\DEBUG\GAMESET.OBJ
D:\1.面对面平台\D_PLATFORM(X64 NVERSION3.020)产品库测试\GAMES\10003400_LZDDZ\GAMECODE\CLIENT\DEBUG\HAVETHING.OBJ
D:\1.面对面平台\D_PLATFORM(X64 NVERSION3.020)产品库测试\GAMES\10003400_LZDDZ\GAMECODE\CLIENT\DEBUG\LAIZHIDLG.OBJ
D:\1.面对面平台\D_PLATFORM(X64 NVERSION3.020)产品库测试\GAMES\10003400_LZDDZ\GAMECODE\CLIENT\DEBUG\LEAVEMESSAGE.OBJ
D:\1.面对面平台\D_PLATFORM(X64 NVERSION3.020)产品库测试\GAMES\10003400_LZDDZ\GAMECODE\CLIENT\DEBUG\PLAYCARDSOUND.OBJ
D:\1.面对面平台\D_PLATFORM(X64 NVERSION3.020)产品库测试\GAMES\10003400_LZDDZ\GAMECODE\CLIENT\DEBUG\STDAFX.OBJ
D:\1.面对面平台\D_PLATFORM(X64 NVERSION3.020)产品库测试\GAMES\10003400_LZDDZ\GAMECODE\CLIENT\DEBUG\UPGRADELOGIC.OBJ
D:\1.面对面平台\D_PLATFORM(X64 NVERSION3.020)产品库测试\GAMES\10003400_LZDDZ\GAMECODE\CLIENT\DEBUG\VC100.PDB
D:\1.面对面平台\D_PLATFORM(X64 NVERSION3.020)产品库测试\RUN\CLIENT\RELEASE\10003400\10003400.ICO
G:\2.D平台产品库【测试】版本\D_Platform(x64 NVersion3.020)\games\10003400_LZDDZ\GameCode\Client\debug\cl.command.1.tlog
G:\2.D平台产品库【测试】版本\D_Platform(x64 NVersion3.020)\games\10003400_LZDDZ\GameCode\Client\debug\CL.read.1.tlog
G:\2.D平台产品库【测试】版本\D_Platform(x64 NVersion3.020)\games\10003400_LZDDZ\GameCode\Client\debug\CL.write.1.tlog
G:\2.D平台产品库【测试】版本\D_Platform(x64 NVersion3.020)\games\10003400_LZDDZ\GameCode\Client\debug\Client.write.1.tlog
G:\2.D平台产品库【测试】版本\D_Platform(x64 NVersion3.020)\games\10003400_LZDDZ\GameCode\Client\debug\link.command.1.tlog
G:\2.D平台产品库【测试】版本\D_Platform(x64 NVersion3.020)\games\10003400_LZDDZ\GameCode\Client\debug\link.read.1.tlog
G:\2.D平台产品库【测试】版本\D_Platform(x64 NVersion3.020)\games\10003400_LZDDZ\GameCode\Client\debug\link.write.1.tlog
G:\2.D平台产品库【测试】版本\D_Platform(x64 NVersion3.020)\games\10003400_LZDDZ\GameCode\Client\debug\link-cvtres.read.1.tlog
G:\2.D平台产品库【测试】版本\D_Platform(x64 NVersion3.020)\games\10003400_LZDDZ\GameCode\Client\debug\link-cvtres.write.1.tlog
G:\2.D平台产品库【测试】版本\D_Platform(x64 NVersion3.020)\games\10003400_LZDDZ\GameCode\Client\debug\mt.command.1.tlog
G:\2.D平台产品库【测试】版本\D_Platform(x64 NVersion3.020)\games\10003400_LZDDZ\GameCode\Client\debug\mt.read.1.tlog
G:\2.D平台产品库【测试】版本\D_Platform(x64 NVersion3.020)\games\10003400_LZDDZ\GameCode\Client\debug\mt.write.1.tlog
G:\2.D平台产品库【测试】版本\D_Platform(x64 NVersion3.020)\games\10003400_LZDDZ\GameCode\Client\debug\rc.command.1.tlog
G:\2.D平台产品库【测试】版本\D_Platform(x64 NVersion3.020)\games\10003400_LZDDZ\GameCode\Client\debug\rc.read.1.tlog
G:\2.D平台产品库【测试】版本\D_Platform(x64 NVersion3.020)\games\10003400_LZDDZ\GameCode\Client\debug\rc.write.1.tlog
