D:\1.面对面平台\D_Platform(x64 NVersion3.020)产品库测试\games\11302800.德克萨斯扑克\GameCode\Server\release\cl.command.1.tlog
D:\1.面对面平台\D_Platform(x64 NVersion3.020)产品库测试\games\11302800.德克萨斯扑克\GameCode\Server\release\CL.read.1.tlog
D:\1.面对面平台\D_Platform(x64 NVersion3.020)产品库测试\games\11302800.德克萨斯扑克\GameCode\Server\release\CL.write.1.tlog
D:\1.面对面平台\D_PLATFORM(X64 NVERSION3.020)产品库测试\GAMES\11302800.德克萨斯扑克\GAMECODE\SERVER\RELEASE\GAMEALGORITHM.OBJ
D:\1.面对面平台\D_PLATFORM(X64 NVERSION3.020)产品库测试\GAMES\11302800.德克萨斯扑克\GAMECODE\SERVER\RELEASE\GAMEDATAOBJECT.OBJ
D:\1.面对面平台\D_Platform(x64 NVersion3.020)产品库测试\games\11302800.德克萨斯扑克\GameCode\Server\release\link.command.1.tlog
D:\1.面对面平台\D_Platform(x64 NVersion3.020)产品库测试\games\11302800.德克萨斯扑克\GameCode\Server\release\link.read.1.tlog
D:\1.面对面平台\D_Platform(x64 NVersion3.020)产品库测试\games\11302800.德克萨斯扑克\GameCode\Server\release\link.write.1.tlog
D:\1.面对面平台\D_Platform(x64 NVersion3.020)产品库测试\games\11302800.德克萨斯扑克\GameCode\Server\release\link-cvtres.read.1.tlog
D:\1.面对面平台\D_Platform(x64 NVersion3.020)产品库测试\games\11302800.德克萨斯扑克\GameCode\Server\release\link-cvtres.write.1.tlog
D:\1.面对面平台\D_Platform(x64 NVersion3.020)产品库测试\games\11302800.德克萨斯扑克\GameCode\Server\release\mt.command.1.tlog
D:\1.面对面平台\D_Platform(x64 NVersion3.020)产品库测试\games\11302800.德克萨斯扑克\GameCode\Server\release\mt.read.1.tlog
D:\1.面对面平台\D_Platform(x64 NVersion3.020)产品库测试\games\11302800.德克萨斯扑克\GameCode\Server\release\mt.write.1.tlog
D:\1.面对面平台\D_Platform(x64 NVersion3.020)产品库测试\games\11302800.德克萨斯扑克\GameCode\Server\release\rc.command.1.tlog
D:\1.面对面平台\D_Platform(x64 NVersion3.020)产品库测试\games\11302800.德克萨斯扑克\GameCode\Server\release\rc.read.1.tlog
D:\1.面对面平台\D_Platform(x64 NVersion3.020)产品库测试\games\11302800.德克萨斯扑克\GameCode\Server\release\rc.write.1.tlog
D:\1.面对面平台\D_PLATFORM(X64 NVERSION3.020)产品库测试\GAMES\11302800.德克萨斯扑克\GAMECODE\SERVER\RELEASE\SERVER.DLL.INTERMEDIATE.MANIFEST
D:\1.面对面平台\D_PLATFORM(X64 NVERSION3.020)产品库测试\GAMES\11302800.德克萨斯扑克\GAMECODE\SERVER\RELEASE\SERVER.PCH
D:\1.面对面平台\D_PLATFORM(X64 NVERSION3.020)产品库测试\GAMES\11302800.德克萨斯扑克\GAMECODE\SERVER\RELEASE\SERVER.PDB
D:\1.面对面平台\D_Platform(x64 NVersion3.020)产品库测试\games\11302800.德克萨斯扑克\GameCode\Server\release\Server.write.1.tlog
D:\1.面对面平台\D_PLATFORM(X64 NVERSION3.020)产品库测试\GAMES\11302800.德克萨斯扑克\GAMECODE\SERVER\RELEASE\SERVERMANAGE.OBJ
D:\1.面对面平台\D_PLATFORM(X64 NVERSION3.020)产品库测试\GAMES\11302800.德克萨斯扑克\GAMECODE\SERVER\RELEASE\STDAFX.OBJ
D:\1.面对面平台\D_Platform(x64 NVersion3.020)产品库测试\games\11302800.德克萨斯扑克\GameCode\Server\release\UpGradeDLL.exp
D:\1.面对面平台\D_Platform(x64 NVersion3.020)产品库测试\games\11302800.德克萨斯扑克\GameCode\Server\release\UpGradeDLL.lib
D:\1.面对面平台\D_PLATFORM(X64 NVERSION3.020)产品库测试\GAMES\11302800.德克萨斯扑克\GAMECODE\SERVER\RELEASE\UPGRADEDLL.OBJ
D:\1.面对面平台\D_PLATFORM(X64 NVERSION3.020)产品库测试\GAMES\11302800.德克萨斯扑克\GAMECODE\SERVER\RELEASE\UPGRADEDLL.RES
D:\1.面对面平台\D_PLATFORM(X64 NVERSION3.020)产品库测试\GAMES\11302800.德克萨斯扑克\GAMECODE\SERVER\RELEASE\UPGRADELOGIC.OBJ
D:\1.面对面平台\D_PLATFORM(X64 NVERSION3.020)产品库测试\GAMES\11302800.德克萨斯扑克\GAMECODE\SERVER\RELEASE\USERDATASVROBJECT.OBJ
D:\1.面对面平台\D_PLATFORM(X64 NVERSION3.020)产品库测试\GAMES\11302800.德克萨斯扑克\GAMECODE\SERVER\RELEASE\VC100.PDB
D:\1.面对面平台\D_PLATFORM(X64 NVERSION3.020)产品库测试\RUN\SERVER\RELEASE\11302800.DLL
