G:\1.D平台产品库【测试】版本\D_PLATFORM(X64 NVERSION3.020)\PLATFORM\CLIENT\RESOURCE2003\无技术支持\AFCRESDLL.OBJ
G:\1.D平台产品库【测试】版本\D_PLATFORM(X64 NVERSION3.020)\PLATFORM\CLIENT\RESOURCE2003\无技术支持\AFCRESDLL.RES
G:\1.D平台产品库【测试】版本\D_Platform(x64 NVersion3.020)\PlatForm\Client\Resource2003\无技术支持\cl.command.1.tlog
G:\1.D平台产品库【测试】版本\D_Platform(x64 NVersion3.020)\PlatForm\Client\Resource2003\无技术支持\CL.read.1.tlog
G:\1.D平台产品库【测试】版本\D_Platform(x64 NVersion3.020)\PlatForm\Client\Resource2003\无技术支持\CL.write.1.tlog
G:\1.D平台产品库【测试】版本\D_Platform(x64 NVersion3.020)\PlatForm\Client\Resource2003\无技术支持\link.command.1.tlog
G:\1.D平台产品库【测试】版本\D_Platform(x64 NVersion3.020)\PlatForm\Client\Resource2003\无技术支持\link.read.1.tlog
G:\1.D平台产品库【测试】版本\D_Platform(x64 NVersion3.020)\PlatForm\Client\Resource2003\无技术支持\link.write.1.tlog
G:\1.D平台产品库【测试】版本\D_Platform(x64 NVersion3.020)\PlatForm\Client\Resource2003\无技术支持\link-cvtres.read.1.tlog
G:\1.D平台产品库【测试】版本\D_Platform(x64 NVersion3.020)\PlatForm\Client\Resource2003\无技术支持\link-cvtres.write.1.tlog
G:\1.D平台产品库【测试】版本\D_Platform(x64 NVersion3.020)\PlatForm\Client\Resource2003\无技术支持\mt.command.1.tlog
G:\1.D平台产品库【测试】版本\D_Platform(x64 NVersion3.020)\PlatForm\Client\Resource2003\无技术支持\mt.read.1.tlog
G:\1.D平台产品库【测试】版本\D_Platform(x64 NVersion3.020)\PlatForm\Client\Resource2003\无技术支持\mt.write.1.tlog
G:\1.D平台产品库【测试】版本\D_Platform(x64 NVersion3.020)\PlatForm\Client\Resource2003\无技术支持\rc.command.1.tlog
G:\1.D平台产品库【测试】版本\D_Platform(x64 NVersion3.020)\PlatForm\Client\Resource2003\无技术支持\rc.read.1.tlog
G:\1.D平台产品库【测试】版本\D_Platform(x64 NVersion3.020)\PlatForm\Client\Resource2003\无技术支持\rc.write.1.tlog
G:\1.D平台产品库【测试】版本\D_PLATFORM(X64 NVERSION3.020)\PLATFORM\CLIENT\RESOURCE2003\无技术支持\STDAFX.OBJ
G:\1.D平台产品库【测试】版本\D_PLATFORM(X64 NVERSION3.020)\PLATFORM\CLIENT\RESOURCE2003\无技术支持\VC100.PDB
G:\1.D平台产品库【测试】版本\D_PLATFORM(X64 NVERSION3.020)\PLATFORM\CLIENT\RESOURCE2003\无技术支持\系统资源库.DLL.INTERMEDIATE.MANIFEST
G:\1.D平台产品库【测试】版本\D_PLATFORM(X64 NVERSION3.020)\PLATFORM\CLIENT\RESOURCE2003\无技术支持\系统资源库.PCH
G:\1.D平台产品库【测试】版本\D_PLATFORM(X64 NVERSION3.020)\PLATFORM\CLIENT\RESOURCE2003\无技术支持\系统资源库.PDB
G:\1.D平台产品库【测试】版本\D_Platform(x64 NVersion3.020)\PlatForm\Client\Resource2003\无技术支持\系统资源库.write.1.tlog
G:\1.D平台产品库【测试】版本\D_PLATFORM(X64 NVERSION3.020)\RUN\CLIENT\RELEASE\BZW_RES.DLL
G:\1.D平台产品库【测试】版本\D_Platform(x64 NVersion3.020)\sdk\lib\Client\BZW_RES.exp
G:\1.D平台产品库【测试】版本\D_Platform(x64 NVersion3.020)\sdk\lib\Client\BZW_RES.lib
